C:\Users\slian\anaconda3\envs\pytorch\lib\site-packages\torch_sparse\matmul.py:97: UserWarning: Sparse CSR tensor support is in beta state. If you miss a functionality in the sparse tensor support, please submit a feature request to https://github.com/pytorch/pytorch/issues. (Triggered internally at C:\actions-runner\_work\pytorch\pytorch\pytorch\aten\src\ATen\SparseCsrTensorImpl.cpp:55.)
  C = torch.sparse.mm(A, B)
D:\HeSF-Coarsen\external\SeHGNN\hgb\main.py:148: FutureWarning: `torch.cuda.amp.GradScaler(args...)` is deprecated. Please use `torch.amp.GradScaler('cuda', args...)` instead.
  scalar = torch.cuda.amp.GradScaler()

  0%|          | 0/20 [00:00<?, ?it/s]
 85%|████████▌ | 17/20 [00:00<00:00, 161.65it/s]
100%|██████████| 20/20 [00:00<00:00, 136.09it/s]

  0%|          | 0/200 [00:00<?, ?it/s]D:\HeSF-Coarsen\external\SeHGNN\hgb\utils.py:214: FutureWarning: `torch.cuda.amp.autocast(args...)` is deprecated. Please use `torch.amp.autocast('cuda', args...)` instead.
  with torch.cuda.amp.autocast():

  0%|          | 1/200 [00:04<13:24,  4.04s/it]D:\HeSF-Coarsen\external\SeHGNN\hgb\utils.py:214: FutureWarning: `torch.cuda.amp.autocast(args...)` is deprecated. Please use `torch.amp.autocast('cuda', args...)` instead.
  with torch.cuda.amp.autocast():

  1%|          | 2/200 [00:07<12:16,  3.72s/it]D:\HeSF-Coarsen\external\SeHGNN\hgb\utils.py:214: FutureWarning: `torch.cuda.amp.autocast(args...)` is deprecated. Please use `torch.amp.autocast('cuda', args...)` instead.
  with torch.cuda.amp.autocast():

  2%|▏         | 3/200 [00:10<10:59,  3.35s/it]D:\HeSF-Coarsen\external\SeHGNN\hgb\utils.py:214: FutureWarning: `torch.cuda.amp.autocast(args...)` is deprecated. Please use `torch.amp.autocast('cuda', args...)` instead.
  with torch.cuda.amp.autocast():

  2%|▏         | 4/200 [00:13<09:57,  3.05s/it]D:\HeSF-Coarsen\external\SeHGNN\hgb\utils.py:214: FutureWarning: `torch.cuda.amp.autocast(args...)` is deprecated. Please use `torch.amp.autocast('cuda', args...)` instead.
  with torch.cuda.amp.autocast():

  2%|▎         | 5/200 [00:15<08:55,  2.74s/it]D:\HeSF-Coarsen\external\SeHGNN\hgb\utils.py:214: FutureWarning: `torch.cuda.amp.autocast(args...)` is deprecated. Please use `torch.amp.autocast('cuda', args...)` instead.
  with torch.cuda.amp.autocast():

  3%|▎         | 6/200 [00:17<08:47,  2.72s/it]D:\HeSF-Coarsen\external\SeHGNN\hgb\utils.py:214: FutureWarning: `torch.cuda.amp.autocast(args...)` is deprecated. Please use `torch.amp.autocast('cuda', args...)` instead.
  with torch.cuda.amp.autocast():

  4%|▎         | 7/200 [00:20<09:05,  2.82s/it]D:\HeSF-Coarsen\external\SeHGNN\hgb\utils.py:214: FutureWarning: `torch.cuda.amp.autocast(args...)` is deprecated. Please use `torch.amp.autocast('cuda', args...)` instead.
  with torch.cuda.amp.autocast():

  4%|▍         | 8/200 [00:23<08:48,  2.75s/it]D:\HeSF-Coarsen\external\SeHGNN\hgb\utils.py:214: FutureWarning: `torch.cuda.amp.autocast(args...)` is deprecated. Please use `torch.amp.autocast('cuda', args...)` instead.
  with torch.cuda.amp.autocast():

  4%|▍         | 9/200 [00:26<08:58,  2.82s/it]D:\HeSF-Coarsen\external\SeHGNN\hgb\utils.py:214: FutureWarning: `torch.cuda.amp.autocast(args...)` is deprecated. Please use `torch.amp.autocast('cuda', args...)` instead.
  with torch.cuda.amp.autocast():

  5%|▌         | 10/200 [00:29<09:18,  2.94s/it]D:\HeSF-Coarsen\external\SeHGNN\hgb\utils.py:214: FutureWarning: `torch.cuda.amp.autocast(args...)` is deprecated. Please use `torch.amp.autocast('cuda', args...)` instead.
  with torch.cuda.amp.autocast():

  6%|▌         | 11/200 [00:33<09:37,  3.06s/it]D:\HeSF-Coarsen\external\SeHGNN\hgb\utils.py:214: FutureWarning: `torch.cuda.amp.autocast(args...)` is deprecated. Please use `torch.amp.autocast('cuda', args...)` instead.
  with torch.cuda.amp.autocast():

  6%|▌         | 12/200 [00:35<09:14,  2.95s/it]D:\HeSF-Coarsen\external\SeHGNN\hgb\utils.py:214: FutureWarning: `torch.cuda.amp.autocast(args...)` is deprecated. Please use `torch.amp.autocast('cuda', args...)` instead.
  with torch.cuda.amp.autocast():

  6%|▋         | 13/200 [00:38<09:05,  2.92s/it]D:\HeSF-Coarsen\external\SeHGNN\hgb\utils.py:214: FutureWarning: `torch.cuda.amp.autocast(args...)` is deprecated. Please use `torch.amp.autocast('cuda', args...)` instead.
  with torch.cuda.amp.autocast():

  7%|▋         | 14/200 [00:41<08:55,  2.88s/it]D:\HeSF-Coarsen\external\SeHGNN\hgb\utils.py:214: FutureWarning: `torch.cuda.amp.autocast(args...)` is deprecated. Please use `torch.amp.autocast('cuda', args...)` instead.
  with torch.cuda.amp.autocast():

  8%|▊         | 15/200 [00:43<08:36,  2.79s/it]D:\HeSF-Coarsen\external\SeHGNN\hgb\utils.py:214: FutureWarning: `torch.cuda.amp.autocast(args...)` is deprecated. Please use `torch.amp.autocast('cuda', args...)` instead.
  with torch.cuda.amp.autocast():

  8%|▊         | 16/200 [00:47<09:13,  3.01s/it]D:\HeSF-Coarsen\external\SeHGNN\hgb\utils.py:214: FutureWarning: `torch.cuda.amp.autocast(args...)` is deprecated. Please use `torch.amp.autocast('cuda', args...)` instead.
  with torch.cuda.amp.autocast():

  8%|▊         | 17/200 [00:50<09:13,  3.02s/it]D:\HeSF-Coarsen\external\SeHGNN\hgb\utils.py:214: FutureWarning: `torch.cuda.amp.autocast(args...)` is deprecated. Please use `torch.amp.autocast('cuda', args...)` instead.
  with torch.cuda.amp.autocast():

  9%|▉         | 18/200 [00:52<08:31,  2.81s/it]D:\HeSF-Coarsen\external\SeHGNN\hgb\utils.py:214: FutureWarning: `torch.cuda.amp.autocast(args...)` is deprecated. Please use `torch.amp.autocast('cuda', args...)` instead.
  with torch.cuda.amp.autocast():

 10%|▉         | 19/200 [00:56<08:57,  2.97s/it]D:\HeSF-Coarsen\external\SeHGNN\hgb\utils.py:214: FutureWarning: `torch.cuda.amp.autocast(args...)` is deprecated. Please use `torch.amp.autocast('cuda', args...)` instead.
  with torch.cuda.amp.autocast():

 10%|█         | 20/200 [00:58<08:09,  2.72s/it]D:\HeSF-Coarsen\external\SeHGNN\hgb\utils.py:214: FutureWarning: `torch.cuda.amp.autocast(args...)` is deprecated. Please use `torch.amp.autocast('cuda', args...)` instead.
  with torch.cuda.amp.autocast():

 10%|█         | 21/200 [01:01<08:50,  2.97s/it]D:\HeSF-Coarsen\external\SeHGNN\hgb\utils.py:214: FutureWarning: `torch.cuda.amp.autocast(args...)` is deprecated. Please use `torch.amp.autocast('cuda', args...)` instead.
  with torch.cuda.amp.autocast():

 11%|█         | 22/200 [01:04<08:51,  2.99s/it]D:\HeSF-Coarsen\external\SeHGNN\hgb\utils.py:214: FutureWarning: `torch.cuda.amp.autocast(args...)` is deprecated. Please use `torch.amp.autocast('cuda', args...)` instead.
  with torch.cuda.amp.autocast():

 12%|█▏        | 23/200 [01:08<09:34,  3.24s/it]D:\HeSF-Coarsen\external\SeHGNN\hgb\utils.py:214: FutureWarning: `torch.cuda.amp.autocast(args...)` is deprecated. Please use `torch.amp.autocast('cuda', args...)` instead.
  with torch.cuda.amp.autocast():

 12%|█▏        | 24/200 [01:11<09:24,  3.21s/it]D:\HeSF-Coarsen\external\SeHGNN\hgb\utils.py:214: FutureWarning: `torch.cuda.amp.autocast(args...)` is deprecated. Please use `torch.amp.autocast('cuda', args...)` instead.
  with torch.cuda.amp.autocast():

 12%|█▎        | 25/200 [01:15<09:17,  3.18s/it]D:\HeSF-Coarsen\external\SeHGNN\hgb\utils.py:214: FutureWarning: `torch.cuda.amp.autocast(args...)` is deprecated. Please use `torch.amp.autocast('cuda', args...)` instead.
  with torch.cuda.amp.autocast():

 13%|█▎        | 26/200 [01:18<09:12,  3.18s/it]D:\HeSF-Coarsen\external\SeHGNN\hgb\utils.py:214: FutureWarning: `torch.cuda.amp.autocast(args...)` is deprecated. Please use `torch.amp.autocast('cuda', args...)` instead.
  with torch.cuda.amp.autocast():

 14%|█▎        | 27/200 [01:18<06:43,  2.33s/it]D:\HeSF-Coarsen\external\SeHGNN\hgb\utils.py:214: FutureWarning: `torch.cuda.amp.autocast(args...)` is deprecated. Please use `torch.amp.autocast('cuda', args...)` instead.
  with torch.cuda.amp.autocast():

 14%|█▍        | 28/200 [01:18<04:58,  1.74s/it]D:\HeSF-Coarsen\external\SeHGNN\hgb\utils.py:214: FutureWarning: `torch.cuda.amp.autocast(args...)` is deprecated. Please use `torch.amp.autocast('cuda', args...)` instead.
  with torch.cuda.amp.autocast():

 14%|█▍        | 29/200 [01:19<03:45,  1.32s/it]D:\HeSF-Coarsen\external\SeHGNN\hgb\utils.py:214: FutureWarning: `torch.cuda.amp.autocast(args...)` is deprecated. Please use `torch.amp.autocast('cuda', args...)` instead.
  with torch.cuda.amp.autocast():

 15%|█▌        | 30/200 [01:19<02:55,  1.03s/it]D:\HeSF-Coarsen\external\SeHGNN\hgb\utils.py:214: FutureWarning: `torch.cuda.amp.autocast(args...)` is deprecated. Please use `torch.amp.autocast('cuda', args...)` instead.
  with torch.cuda.amp.autocast():

 16%|█▌        | 31/200 [01:19<02:20,  1.21it/s]D:\HeSF-Coarsen\external\SeHGNN\hgb\utils.py:214: FutureWarning: `torch.cuda.amp.autocast(args...)` is deprecated. Please use `torch.amp.autocast('cuda', args...)` instead.
  with torch.cuda.amp.autocast():

 16%|█▌        | 32/200 [01:20<01:55,  1.46it/s]D:\HeSF-Coarsen\external\SeHGNN\hgb\utils.py:214: FutureWarning: `torch.cuda.amp.autocast(args...)` is deprecated. Please use `torch.amp.autocast('cuda', args...)` instead.
  with torch.cuda.amp.autocast():

 16%|█▋        | 33/200 [01:20<01:39,  1.69it/s]D:\HeSF-Coarsen\external\SeHGNN\hgb\utils.py:214: FutureWarning: `torch.cuda.amp.autocast(args...)` is deprecated. Please use `torch.amp.autocast('cuda', args...)` instead.
  with torch.cuda.amp.autocast():

 17%|█▋        | 34/200 [01:21<01:29,  1.86it/s]D:\HeSF-Coarsen\external\SeHGNN\hgb\utils.py:214: FutureWarning: `torch.cuda.amp.autocast(args...)` is deprecated. Please use `torch.amp.autocast('cuda', args...)` instead.
  with torch.cuda.amp.autocast():

 18%|█▊        | 35/200 [01:21<01:21,  2.03it/s]D:\HeSF-Coarsen\external\SeHGNN\hgb\utils.py:214: FutureWarning: `torch.cuda.amp.autocast(args...)` is deprecated. Please use `torch.amp.autocast('cuda', args...)` instead.
  with torch.cuda.amp.autocast():

 18%|█▊        | 36/200 [01:21<01:14,  2.20it/s]D:\HeSF-Coarsen\external\SeHGNN\hgb\utils.py:214: FutureWarning: `torch.cuda.amp.autocast(args...)` is deprecated. Please use `torch.amp.autocast('cuda', args...)` instead.
  with torch.cuda.amp.autocast():

 18%|█▊        | 37/200 [01:22<01:09,  2.34it/s]D:\HeSF-Coarsen\external\SeHGNN\hgb\utils.py:214: FutureWarning: `torch.cuda.amp.autocast(args...)` is deprecated. Please use `torch.amp.autocast('cuda', args...)` instead.
  with torch.cuda.amp.autocast():

 19%|█▉        | 38/200 [01:22<01:05,  2.48it/s]D:\HeSF-Coarsen\external\SeHGNN\hgb\utils.py:214: FutureWarning: `torch.cuda.amp.autocast(args...)` is deprecated. Please use `torch.amp.autocast('cuda', args...)` instead.
  with torch.cuda.amp.autocast():

 20%|█▉        | 39/200 [01:22<01:01,  2.60it/s]D:\HeSF-Coarsen\external\SeHGNN\hgb\utils.py:214: FutureWarning: `torch.cuda.amp.autocast(args...)` is deprecated. Please use `torch.amp.autocast('cuda', args...)` instead.
  with torch.cuda.amp.autocast():

 20%|██        | 40/200 [01:23<01:00,  2.63it/s]D:\HeSF-Coarsen\external\SeHGNN\hgb\utils.py:214: FutureWarning: `torch.cuda.amp.autocast(args...)` is deprecated. Please use `torch.amp.autocast('cuda', args...)` instead.
  with torch.cuda.amp.autocast():

 20%|██        | 41/200 [01:23<00:58,  2.70it/s]D:\HeSF-Coarsen\external\SeHGNN\hgb\utils.py:214: FutureWarning: `torch.cuda.amp.autocast(args...)` is deprecated. Please use `torch.amp.autocast('cuda', args...)` instead.
  with torch.cuda.amp.autocast():

 21%|██        | 42/200 [01:23<00:57,  2.75it/s]D:\HeSF-Coarsen\external\SeHGNN\hgb\utils.py:214: FutureWarning: `torch.cuda.amp.autocast(args...)` is deprecated. Please use `torch.amp.autocast('cuda', args...)` instead.
  with torch.cuda.amp.autocast():

 22%|██▏       | 43/200 [01:24<00:56,  2.77it/s]D:\HeSF-Coarsen\external\SeHGNN\hgb\utils.py:214: FutureWarning: `torch.cuda.amp.autocast(args...)` is deprecated. Please use `torch.amp.autocast('cuda', args...)` instead.
  with torch.cuda.amp.autocast():

 22%|██▏       | 44/200 [01:24<00:56,  2.78it/s]D:\HeSF-Coarsen\external\SeHGNN\hgb\utils.py:214: FutureWarning: `torch.cuda.amp.autocast(args...)` is deprecated. Please use `torch.amp.autocast('cuda', args...)` instead.
  with torch.cuda.amp.autocast():

 22%|██▎       | 45/200 [01:25<00:55,  2.81it/s]D:\HeSF-Coarsen\external\SeHGNN\hgb\utils.py:214: FutureWarning: `torch.cuda.amp.autocast(args...)` is deprecated. Please use `torch.amp.autocast('cuda', args...)` instead.
  with torch.cuda.amp.autocast():

 23%|██▎       | 46/200 [01:25<00:55,  2.80it/s]D:\HeSF-Coarsen\external\SeHGNN\hgb\utils.py:214: FutureWarning: `torch.cuda.amp.autocast(args...)` is deprecated. Please use `torch.amp.autocast('cuda', args...)` instead.
  with torch.cuda.amp.autocast():

 24%|██▎       | 47/200 [01:25<00:54,  2.80it/s]D:\HeSF-Coarsen\external\SeHGNN\hgb\utils.py:214: FutureWarning: `torch.cuda.amp.autocast(args...)` is deprecated. Please use `torch.amp.autocast('cuda', args...)` instead.
  with torch.cuda.amp.autocast():

 24%|██▍       | 48/200 [01:26<00:54,  2.81it/s]D:\HeSF-Coarsen\external\SeHGNN\hgb\utils.py:214: FutureWarning: `torch.cuda.amp.autocast(args...)` is deprecated. Please use `torch.amp.autocast('cuda', args...)` instead.
  with torch.cuda.amp.autocast():

 24%|██▍       | 49/200 [01:26<00:53,  2.81it/s]D:\HeSF-Coarsen\external\SeHGNN\hgb\utils.py:214: FutureWarning: `torch.cuda.amp.autocast(args...)` is deprecated. Please use `torch.amp.autocast('cuda', args...)` instead.
  with torch.cuda.amp.autocast():

 25%|██▌       | 50/200 [01:26<00:53,  2.81it/s]D:\HeSF-Coarsen\external\SeHGNN\hgb\utils.py:214: FutureWarning: `torch.cuda.amp.autocast(args...)` is deprecated. Please use `torch.amp.autocast('cuda', args...)` instead.
  with torch.cuda.amp.autocast():

 26%|██▌       | 51/200 [01:27<00:52,  2.83it/s]D:\HeSF-Coarsen\external\SeHGNN\hgb\utils.py:214: FutureWarning: `torch.cuda.amp.autocast(args...)` is deprecated. Please use `torch.amp.autocast('cuda', args...)` instead.
  with torch.cuda.amp.autocast():

 26%|██▌       | 52/200 [01:27<00:51,  2.85it/s]D:\HeSF-Coarsen\external\SeHGNN\hgb\utils.py:214: FutureWarning: `torch.cuda.amp.autocast(args...)` is deprecated. Please use `torch.amp.autocast('cuda', args...)` instead.
  with torch.cuda.amp.autocast():

 26%|██▋       | 53/200 [01:27<00:51,  2.87it/s]D:\HeSF-Coarsen\external\SeHGNN\hgb\utils.py:214: FutureWarning: `torch.cuda.amp.autocast(args...)` is deprecated. Please use `torch.amp.autocast('cuda', args...)` instead.
  with torch.cuda.amp.autocast():

 27%|██▋       | 54/200 [01:28<00:51,  2.85it/s]D:\HeSF-Coarsen\external\SeHGNN\hgb\utils.py:214: FutureWarning: `torch.cuda.amp.autocast(args...)` is deprecated. Please use `torch.amp.autocast('cuda', args...)` instead.
  with torch.cuda.amp.autocast():

 28%|██▊       | 55/200 [01:28<00:50,  2.87it/s]D:\HeSF-Coarsen\external\SeHGNN\hgb\utils.py:214: FutureWarning: `torch.cuda.amp.autocast(args...)` is deprecated. Please use `torch.amp.autocast('cuda', args...)` instead.
  with torch.cuda.amp.autocast():

 28%|██▊       | 56/200 [01:28<00:50,  2.86it/s]D:\HeSF-Coarsen\external\SeHGNN\hgb\utils.py:214: FutureWarning: `torch.cuda.amp.autocast(args...)` is deprecated. Please use `torch.amp.autocast('cuda', args...)` instead.
  with torch.cuda.amp.autocast():

 28%|██▊       | 57/200 [01:29<00:50,  2.83it/s]D:\HeSF-Coarsen\external\SeHGNN\hgb\utils.py:214: FutureWarning: `torch.cuda.amp.autocast(args...)` is deprecated. Please use `torch.amp.autocast('cuda', args...)` instead.
  with torch.cuda.amp.autocast():

 29%|██▉       | 58/200 [01:29<00:49,  2.84it/s]D:\HeSF-Coarsen\external\SeHGNN\hgb\utils.py:214: FutureWarning: `torch.cuda.amp.autocast(args...)` is deprecated. Please use `torch.amp.autocast('cuda', args...)` instead.
  with torch.cuda.amp.autocast():

 30%|██▉       | 59/200 [01:29<00:49,  2.84it/s]D:\HeSF-Coarsen\external\SeHGNN\hgb\utils.py:214: FutureWarning: `torch.cuda.amp.autocast(args...)` is deprecated. Please use `torch.amp.autocast('cuda', args...)` instead.
  with torch.cuda.amp.autocast():

 30%|███       | 60/200 [01:30<00:49,  2.82it/s]D:\HeSF-Coarsen\external\SeHGNN\hgb\utils.py:214: FutureWarning: `torch.cuda.amp.autocast(args...)` is deprecated. Please use `torch.amp.autocast('cuda', args...)` instead.
  with torch.cuda.amp.autocast():

 30%|███       | 61/200 [01:30<00:48,  2.86it/s]D:\HeSF-Coarsen\external\SeHGNN\hgb\utils.py:214: FutureWarning: `torch.cuda.amp.autocast(args...)` is deprecated. Please use `torch.amp.autocast('cuda', args...)` instead.
  with torch.cuda.amp.autocast():

 31%|███       | 62/200 [01:30<00:48,  2.87it/s]D:\HeSF-Coarsen\external\SeHGNN\hgb\utils.py:214: FutureWarning: `torch.cuda.amp.autocast(args...)` is deprecated. Please use `torch.amp.autocast('cuda', args...)` instead.
  with torch.cuda.amp.autocast():

 32%|███▏      | 63/200 [01:31<00:47,  2.87it/s]D:\HeSF-Coarsen\external\SeHGNN\hgb\utils.py:214: FutureWarning: `torch.cuda.amp.autocast(args...)` is deprecated. Please use `torch.amp.autocast('cuda', args...)` instead.
  with torch.cuda.amp.autocast():

 32%|███▏      | 64/200 [01:31<00:47,  2.87it/s]D:\HeSF-Coarsen\external\SeHGNN\hgb\utils.py:214: FutureWarning: `torch.cuda.amp.autocast(args...)` is deprecated. Please use `torch.amp.autocast('cuda', args...)` instead.
  with torch.cuda.amp.autocast():

 32%|███▎      | 65/200 [01:32<00:46,  2.88it/s]D:\HeSF-Coarsen\external\SeHGNN\hgb\utils.py:214: FutureWarning: `torch.cuda.amp.autocast(args...)` is deprecated. Please use `torch.amp.autocast('cuda', args...)` instead.
  with torch.cuda.amp.autocast():

 33%|███▎      | 66/200 [01:32<00:46,  2.87it/s]D:\HeSF-Coarsen\external\SeHGNN\hgb\utils.py:214: FutureWarning: `torch.cuda.amp.autocast(args...)` is deprecated. Please use `torch.amp.autocast('cuda', args...)` instead.
  with torch.cuda.amp.autocast():

 34%|███▎      | 67/200 [01:32<00:46,  2.87it/s]D:\HeSF-Coarsen\external\SeHGNN\hgb\utils.py:214: FutureWarning: `torch.cuda.amp.autocast(args...)` is deprecated. Please use `torch.amp.autocast('cuda', args...)` instead.
  with torch.cuda.amp.autocast():

 34%|███▍      | 68/200 [01:33<00:46,  2.86it/s]D:\HeSF-Coarsen\external\SeHGNN\hgb\utils.py:214: FutureWarning: `torch.cuda.amp.autocast(args...)` is deprecated. Please use `torch.amp.autocast('cuda', args...)` instead.
  with torch.cuda.amp.autocast():

 34%|███▍      | 69/200 [01:33<00:45,  2.86it/s]D:\HeSF-Coarsen\external\SeHGNN\hgb\utils.py:214: FutureWarning: `torch.cuda.amp.autocast(args...)` is deprecated. Please use `torch.amp.autocast('cuda', args...)` instead.
  with torch.cuda.amp.autocast():

 35%|███▌      | 70/200 [01:33<00:46,  2.82it/s]D:\HeSF-Coarsen\external\SeHGNN\hgb\utils.py:214: FutureWarning: `torch.cuda.amp.autocast(args...)` is deprecated. Please use `torch.amp.autocast('cuda', args...)` instead.
  with torch.cuda.amp.autocast():

 36%|███▌      | 71/200 [01:34<00:45,  2.82it/s]D:\HeSF-Coarsen\external\SeHGNN\hgb\utils.py:214: FutureWarning: `torch.cuda.amp.autocast(args...)` is deprecated. Please use `torch.amp.autocast('cuda', args...)` instead.
  with torch.cuda.amp.autocast():

 36%|███▌      | 72/200 [01:34<00:45,  2.79it/s]D:\HeSF-Coarsen\external\SeHGNN\hgb\utils.py:214: FutureWarning: `torch.cuda.amp.autocast(args...)` is deprecated. Please use `torch.amp.autocast('cuda', args...)` instead.
  with torch.cuda.amp.autocast():

 36%|███▋      | 73/200 [01:34<00:45,  2.82it/s]D:\HeSF-Coarsen\external\SeHGNN\hgb\utils.py:214: FutureWarning: `torch.cuda.amp.autocast(args...)` is deprecated. Please use `torch.amp.autocast('cuda', args...)` instead.
  with torch.cuda.amp.autocast():

 37%|███▋      | 74/200 [01:35<00:44,  2.84it/s]D:\HeSF-Coarsen\external\SeHGNN\hgb\utils.py:214: FutureWarning: `torch.cuda.amp.autocast(args...)` is deprecated. Please use `torch.amp.autocast('cuda', args...)` instead.
  with torch.cuda.amp.autocast():

 38%|███▊      | 75/200 [01:35<00:44,  2.81it/s]D:\HeSF-Coarsen\external\SeHGNN\hgb\utils.py:214: FutureWarning: `torch.cuda.amp.autocast(args...)` is deprecated. Please use `torch.amp.autocast('cuda', args...)` instead.
  with torch.cuda.amp.autocast():

 38%|███▊      | 76/200 [01:35<00:43,  2.82it/s]D:\HeSF-Coarsen\external\SeHGNN\hgb\utils.py:214: FutureWarning: `torch.cuda.amp.autocast(args...)` is deprecated. Please use `torch.amp.autocast('cuda', args...)` instead.
  with torch.cuda.amp.autocast():

 38%|███▊      | 76/200 [01:36<02:37,  1.27s/it]
