D:\HeSF-Coarsen\external\SeHGNN\hgb\main.py:148: FutureWarning: `torch.cuda.amp.GradScaler(args...)` is deprecated. Please use `torch.amp.GradScaler('cuda', args...)` instead.
  scalar = torch.cuda.amp.GradScaler()
C:\Users\slian\anaconda3\envs\pytorch\lib\site-packages\torch_sparse\matmul.py:97: UserWarning: Sparse CSR tensor support is in beta state. If you miss a functionality in the sparse tensor support, please submit a feature request to https://github.com/pytorch/pytorch/issues. (Triggered internally at C:\actions-runner\_work\pytorch\pytorch\pytorch\aten\src\ATen\SparseCsrTensorImpl.cpp:55.)
  C = torch.sparse.mm(A, B)

  0%|          | 0/4 [00:00<?, ?it/s]
100%|██████████| 4/4 [00:00<00:00, 1140.76it/s]

  0%|          | 0/200 [00:00<?, ?it/s]D:\HeSF-Coarsen\external\SeHGNN\hgb\utils.py:214: FutureWarning: `torch.cuda.amp.autocast(args...)` is deprecated. Please use `torch.amp.autocast('cuda', args...)` instead.
  with torch.cuda.amp.autocast():

  0%|          | 1/200 [00:00<01:23,  2.38it/s]D:\HeSF-Coarsen\external\SeHGNN\hgb\utils.py:214: FutureWarning: `torch.cuda.amp.autocast(args...)` is deprecated. Please use `torch.amp.autocast('cuda', args...)` instead.
  with torch.cuda.amp.autocast():

  1%|          | 2/200 [00:00<00:56,  3.48it/s]D:\HeSF-Coarsen\external\SeHGNN\hgb\utils.py:214: FutureWarning: `torch.cuda.amp.autocast(args...)` is deprecated. Please use `torch.amp.autocast('cuda', args...)` instead.
  with torch.cuda.amp.autocast():

  2%|▏         | 3/200 [00:00<00:45,  4.33it/s]D:\HeSF-Coarsen\external\SeHGNN\hgb\utils.py:214: FutureWarning: `torch.cuda.amp.autocast(args...)` is deprecated. Please use `torch.amp.autocast('cuda', args...)` instead.
  with torch.cuda.amp.autocast():

  2%|▏         | 4/200 [00:00<00:40,  4.80it/s]D:\HeSF-Coarsen\external\SeHGNN\hgb\utils.py:214: FutureWarning: `torch.cuda.amp.autocast(args...)` is deprecated. Please use `torch.amp.autocast('cuda', args...)` instead.
  with torch.cuda.amp.autocast():

  2%|▎         | 5/200 [00:01<00:38,  5.09it/s]D:\HeSF-Coarsen\external\SeHGNN\hgb\utils.py:214: FutureWarning: `torch.cuda.amp.autocast(args...)` is deprecated. Please use `torch.amp.autocast('cuda', args...)` instead.
  with torch.cuda.amp.autocast():

  3%|▎         | 6/200 [00:01<00:37,  5.19it/s]D:\HeSF-Coarsen\external\SeHGNN\hgb\utils.py:214: FutureWarning: `torch.cuda.amp.autocast(args...)` is deprecated. Please use `torch.amp.autocast('cuda', args...)` instead.
  with torch.cuda.amp.autocast():

  4%|▎         | 7/200 [00:01<00:34,  5.58it/s]D:\HeSF-Coarsen\external\SeHGNN\hgb\utils.py:214: FutureWarning: `torch.cuda.amp.autocast(args...)` is deprecated. Please use `torch.amp.autocast('cuda', args...)` instead.
  with torch.cuda.amp.autocast():

  4%|▍         | 8/200 [00:01<00:33,  5.78it/s]D:\HeSF-Coarsen\external\SeHGNN\hgb\utils.py:214: FutureWarning: `torch.cuda.amp.autocast(args...)` is deprecated. Please use `torch.amp.autocast('cuda', args...)` instead.
  with torch.cuda.amp.autocast():

  4%|▍         | 9/200 [00:01<00:33,  5.64it/s]D:\HeSF-Coarsen\external\SeHGNN\hgb\utils.py:214: FutureWarning: `torch.cuda.amp.autocast(args...)` is deprecated. Please use `torch.amp.autocast('cuda', args...)` instead.
  with torch.cuda.amp.autocast():

  5%|▌         | 10/200 [00:01<00:33,  5.68it/s]D:\HeSF-Coarsen\external\SeHGNN\hgb\utils.py:214: FutureWarning: `torch.cuda.amp.autocast(args...)` is deprecated. Please use `torch.amp.autocast('cuda', args...)` instead.
  with torch.cuda.amp.autocast():

  6%|▌         | 11/200 [00:02<00:33,  5.58it/s]D:\HeSF-Coarsen\external\SeHGNN\hgb\utils.py:214: FutureWarning: `torch.cuda.amp.autocast(args...)` is deprecated. Please use `torch.amp.autocast('cuda', args...)` instead.
  with torch.cuda.amp.autocast():

  6%|▌         | 12/200 [00:02<00:33,  5.62it/s]D:\HeSF-Coarsen\external\SeHGNN\hgb\utils.py:214: FutureWarning: `torch.cuda.amp.autocast(args...)` is deprecated. Please use `torch.amp.autocast('cuda', args...)` instead.
  with torch.cuda.amp.autocast():

  6%|▋         | 13/200 [00:02<00:31,  5.86it/s]D:\HeSF-Coarsen\external\SeHGNN\hgb\utils.py:214: FutureWarning: `torch.cuda.amp.autocast(args...)` is deprecated. Please use `torch.amp.autocast('cuda', args...)` instead.
  with torch.cuda.amp.autocast():

  7%|▋         | 14/200 [00:02<00:32,  5.77it/s]D:\HeSF-Coarsen\external\SeHGNN\hgb\utils.py:214: FutureWarning: `torch.cuda.amp.autocast(args...)` is deprecated. Please use `torch.amp.autocast('cuda', args...)` instead.
  with torch.cuda.amp.autocast():

  8%|▊         | 15/200 [00:02<00:31,  5.85it/s]D:\HeSF-Coarsen\external\SeHGNN\hgb\utils.py:214: FutureWarning: `torch.cuda.amp.autocast(args...)` is deprecated. Please use `torch.amp.autocast('cuda', args...)` instead.
  with torch.cuda.amp.autocast():

  8%|▊         | 16/200 [00:03<00:31,  5.93it/s]D:\HeSF-Coarsen\external\SeHGNN\hgb\utils.py:214: FutureWarning: `torch.cuda.amp.autocast(args...)` is deprecated. Please use `torch.amp.autocast('cuda', args...)` instead.
  with torch.cuda.amp.autocast():

  8%|▊         | 17/200 [00:03<00:29,  6.15it/s]D:\HeSF-Coarsen\external\SeHGNN\hgb\utils.py:214: FutureWarning: `torch.cuda.amp.autocast(args...)` is deprecated. Please use `torch.amp.autocast('cuda', args...)` instead.
  with torch.cuda.amp.autocast():

  9%|▉         | 18/200 [00:03<00:29,  6.12it/s]D:\HeSF-Coarsen\external\SeHGNN\hgb\utils.py:214: FutureWarning: `torch.cuda.amp.autocast(args...)` is deprecated. Please use `torch.amp.autocast('cuda', args...)` instead.
  with torch.cuda.amp.autocast():

 10%|▉         | 19/200 [00:03<00:29,  6.20it/s]D:\HeSF-Coarsen\external\SeHGNN\hgb\utils.py:214: FutureWarning: `torch.cuda.amp.autocast(args...)` is deprecated. Please use `torch.amp.autocast('cuda', args...)` instead.
  with torch.cuda.amp.autocast():

 10%|█         | 20/200 [00:03<00:29,  6.15it/s]D:\HeSF-Coarsen\external\SeHGNN\hgb\utils.py:214: FutureWarning: `torch.cuda.amp.autocast(args...)` is deprecated. Please use `torch.amp.autocast('cuda', args...)` instead.
  with torch.cuda.amp.autocast():

 10%|█         | 21/200 [00:03<00:28,  6.30it/s]D:\HeSF-Coarsen\external\SeHGNN\hgb\utils.py:214: FutureWarning: `torch.cuda.amp.autocast(args...)` is deprecated. Please use `torch.amp.autocast('cuda', args...)` instead.
  with torch.cuda.amp.autocast():

 11%|█         | 22/200 [00:03<00:28,  6.35it/s]D:\HeSF-Coarsen\external\SeHGNN\hgb\utils.py:214: FutureWarning: `torch.cuda.amp.autocast(args...)` is deprecated. Please use `torch.amp.autocast('cuda', args...)` instead.
  with torch.cuda.amp.autocast():

 12%|█▏        | 23/200 [00:04<00:27,  6.39it/s]D:\HeSF-Coarsen\external\SeHGNN\hgb\utils.py:214: FutureWarning: `torch.cuda.amp.autocast(args...)` is deprecated. Please use `torch.amp.autocast('cuda', args...)` instead.
  with torch.cuda.amp.autocast():

 12%|█▏        | 24/200 [00:04<00:27,  6.41it/s]D:\HeSF-Coarsen\external\SeHGNN\hgb\utils.py:214: FutureWarning: `torch.cuda.amp.autocast(args...)` is deprecated. Please use `torch.amp.autocast('cuda', args...)` instead.
  with torch.cuda.amp.autocast():

 12%|█▎        | 25/200 [00:04<00:27,  6.40it/s]D:\HeSF-Coarsen\external\SeHGNN\hgb\utils.py:214: FutureWarning: `torch.cuda.amp.autocast(args...)` is deprecated. Please use `torch.amp.autocast('cuda', args...)` instead.
  with torch.cuda.amp.autocast():

 13%|█▎        | 26/200 [00:04<00:27,  6.27it/s]D:\HeSF-Coarsen\external\SeHGNN\hgb\utils.py:214: FutureWarning: `torch.cuda.amp.autocast(args...)` is deprecated. Please use `torch.amp.autocast('cuda', args...)` instead.
  with torch.cuda.amp.autocast():

 14%|█▎        | 27/200 [00:04<00:27,  6.19it/s]D:\HeSF-Coarsen\external\SeHGNN\hgb\utils.py:214: FutureWarning: `torch.cuda.amp.autocast(args...)` is deprecated. Please use `torch.amp.autocast('cuda', args...)` instead.
  with torch.cuda.amp.autocast():

 14%|█▍        | 28/200 [00:04<00:27,  6.37it/s]D:\HeSF-Coarsen\external\SeHGNN\hgb\utils.py:214: FutureWarning: `torch.cuda.amp.autocast(args...)` is deprecated. Please use `torch.amp.autocast('cuda', args...)` instead.
  with torch.cuda.amp.autocast():

 14%|█▍        | 29/200 [00:05<00:27,  6.24it/s]D:\HeSF-Coarsen\external\SeHGNN\hgb\utils.py:214: FutureWarning: `torch.cuda.amp.autocast(args...)` is deprecated. Please use `torch.amp.autocast('cuda', args...)` instead.
  with torch.cuda.amp.autocast():

 15%|█▌        | 30/200 [00:05<00:30,  5.62it/s]D:\HeSF-Coarsen\external\SeHGNN\hgb\utils.py:214: FutureWarning: `torch.cuda.amp.autocast(args...)` is deprecated. Please use `torch.amp.autocast('cuda', args...)` instead.
  with torch.cuda.amp.autocast():

 16%|█▌        | 31/200 [00:05<00:30,  5.57it/s]D:\HeSF-Coarsen\external\SeHGNN\hgb\utils.py:214: FutureWarning: `torch.cuda.amp.autocast(args...)` is deprecated. Please use `torch.amp.autocast('cuda', args...)` instead.
  with torch.cuda.amp.autocast():

 16%|█▌        | 32/200 [00:05<00:29,  5.72it/s]D:\HeSF-Coarsen\external\SeHGNN\hgb\utils.py:214: FutureWarning: `torch.cuda.amp.autocast(args...)` is deprecated. Please use `torch.amp.autocast('cuda', args...)` instead.
  with torch.cuda.amp.autocast():

 16%|█▋        | 33/200 [00:05<00:28,  5.82it/s]D:\HeSF-Coarsen\external\SeHGNN\hgb\utils.py:214: FutureWarning: `torch.cuda.amp.autocast(args...)` is deprecated. Please use `torch.amp.autocast('cuda', args...)` instead.
  with torch.cuda.amp.autocast():

 17%|█▋        | 34/200 [00:05<00:27,  5.98it/s]D:\HeSF-Coarsen\external\SeHGNN\hgb\utils.py:214: FutureWarning: `torch.cuda.amp.autocast(args...)` is deprecated. Please use `torch.amp.autocast('cuda', args...)` instead.
  with torch.cuda.amp.autocast():

 18%|█▊        | 35/200 [00:06<00:27,  6.01it/s]D:\HeSF-Coarsen\external\SeHGNN\hgb\utils.py:214: FutureWarning: `torch.cuda.amp.autocast(args...)` is deprecated. Please use `torch.amp.autocast('cuda', args...)` instead.
  with torch.cuda.amp.autocast():

 18%|█▊        | 36/200 [00:06<00:26,  6.14it/s]D:\HeSF-Coarsen\external\SeHGNN\hgb\utils.py:214: FutureWarning: `torch.cuda.amp.autocast(args...)` is deprecated. Please use `torch.amp.autocast('cuda', args...)` instead.
  with torch.cuda.amp.autocast():

 18%|█▊        | 37/200 [00:06<00:26,  6.22it/s]D:\HeSF-Coarsen\external\SeHGNN\hgb\utils.py:214: FutureWarning: `torch.cuda.amp.autocast(args...)` is deprecated. Please use `torch.amp.autocast('cuda', args...)` instead.
  with torch.cuda.amp.autocast():

 19%|█▉        | 38/200 [00:06<00:26,  6.14it/s]D:\HeSF-Coarsen\external\SeHGNN\hgb\utils.py:214: FutureWarning: `torch.cuda.amp.autocast(args...)` is deprecated. Please use `torch.amp.autocast('cuda', args...)` instead.
  with torch.cuda.amp.autocast():

 20%|█▉        | 39/200 [00:06<00:25,  6.28it/s]D:\HeSF-Coarsen\external\SeHGNN\hgb\utils.py:214: FutureWarning: `torch.cuda.amp.autocast(args...)` is deprecated. Please use `torch.amp.autocast('cuda', args...)` instead.
  with torch.cuda.amp.autocast():

 20%|██        | 40/200 [00:06<00:23,  6.84it/s]D:\HeSF-Coarsen\external\SeHGNN\hgb\utils.py:214: FutureWarning: `torch.cuda.amp.autocast(args...)` is deprecated. Please use `torch.amp.autocast('cuda', args...)` instead.
  with torch.cuda.amp.autocast():

 20%|██        | 41/200 [00:06<00:22,  7.12it/s]D:\HeSF-Coarsen\external\SeHGNN\hgb\utils.py:214: FutureWarning: `torch.cuda.amp.autocast(args...)` is deprecated. Please use `torch.amp.autocast('cuda', args...)` instead.
  with torch.cuda.amp.autocast():

 21%|██        | 42/200 [00:07<00:21,  7.34it/s]D:\HeSF-Coarsen\external\SeHGNN\hgb\utils.py:214: FutureWarning: `torch.cuda.amp.autocast(args...)` is deprecated. Please use `torch.amp.autocast('cuda', args...)` instead.
  with torch.cuda.amp.autocast():

 22%|██▏       | 43/200 [00:07<00:20,  7.61it/s]D:\HeSF-Coarsen\external\SeHGNN\hgb\utils.py:214: FutureWarning: `torch.cuda.amp.autocast(args...)` is deprecated. Please use `torch.amp.autocast('cuda', args...)` instead.
  with torch.cuda.amp.autocast():

 22%|██▏       | 44/200 [00:07<00:20,  7.76it/s]D:\HeSF-Coarsen\external\SeHGNN\hgb\utils.py:214: FutureWarning: `torch.cuda.amp.autocast(args...)` is deprecated. Please use `torch.amp.autocast('cuda', args...)` instead.
  with torch.cuda.amp.autocast():

 22%|██▎       | 45/200 [00:07<00:20,  7.72it/s]D:\HeSF-Coarsen\external\SeHGNN\hgb\utils.py:214: FutureWarning: `torch.cuda.amp.autocast(args...)` is deprecated. Please use `torch.amp.autocast('cuda', args...)` instead.
  with torch.cuda.amp.autocast():

 23%|██▎       | 46/200 [00:07<00:20,  7.60it/s]D:\HeSF-Coarsen\external\SeHGNN\hgb\utils.py:214: FutureWarning: `torch.cuda.amp.autocast(args...)` is deprecated. Please use `torch.amp.autocast('cuda', args...)` instead.
  with torch.cuda.amp.autocast():

 24%|██▎       | 47/200 [00:07<00:20,  7.37it/s]D:\HeSF-Coarsen\external\SeHGNN\hgb\utils.py:214: FutureWarning: `torch.cuda.amp.autocast(args...)` is deprecated. Please use `torch.amp.autocast('cuda', args...)` instead.
  with torch.cuda.amp.autocast():

 24%|██▍       | 48/200 [00:07<00:20,  7.38it/s]D:\HeSF-Coarsen\external\SeHGNN\hgb\utils.py:214: FutureWarning: `torch.cuda.amp.autocast(args...)` is deprecated. Please use `torch.amp.autocast('cuda', args...)` instead.
  with torch.cuda.amp.autocast():

 24%|██▍       | 49/200 [00:08<00:20,  7.36it/s]D:\HeSF-Coarsen\external\SeHGNN\hgb\utils.py:214: FutureWarning: `torch.cuda.amp.autocast(args...)` is deprecated. Please use `torch.amp.autocast('cuda', args...)` instead.
  with torch.cuda.amp.autocast():

 25%|██▌       | 50/200 [00:08<00:20,  7.33it/s]D:\HeSF-Coarsen\external\SeHGNN\hgb\utils.py:214: FutureWarning: `torch.cuda.amp.autocast(args...)` is deprecated. Please use `torch.amp.autocast('cuda', args...)` instead.
  with torch.cuda.amp.autocast():

 26%|██▌       | 51/200 [00:08<00:20,  7.24it/s]D:\HeSF-Coarsen\external\SeHGNN\hgb\utils.py:214: FutureWarning: `torch.cuda.amp.autocast(args...)` is deprecated. Please use `torch.amp.autocast('cuda', args...)` instead.
  with torch.cuda.amp.autocast():

 26%|██▌       | 52/200 [00:08<00:20,  7.35it/s]D:\HeSF-Coarsen\external\SeHGNN\hgb\utils.py:214: FutureWarning: `torch.cuda.amp.autocast(args...)` is deprecated. Please use `torch.amp.autocast('cuda', args...)` instead.
  with torch.cuda.amp.autocast():

 26%|██▋       | 53/200 [00:08<00:19,  7.63it/s]D:\HeSF-Coarsen\external\SeHGNN\hgb\utils.py:214: FutureWarning: `torch.cuda.amp.autocast(args...)` is deprecated. Please use `torch.amp.autocast('cuda', args...)` instead.
  with torch.cuda.amp.autocast():

 27%|██▋       | 54/200 [00:08<00:18,  7.85it/s]D:\HeSF-Coarsen\external\SeHGNN\hgb\utils.py:214: FutureWarning: `torch.cuda.amp.autocast(args...)` is deprecated. Please use `torch.amp.autocast('cuda', args...)` instead.
  with torch.cuda.amp.autocast():

 28%|██▊       | 55/200 [00:08<00:18,  7.91it/s]D:\HeSF-Coarsen\external\SeHGNN\hgb\utils.py:214: FutureWarning: `torch.cuda.amp.autocast(args...)` is deprecated. Please use `torch.amp.autocast('cuda', args...)` instead.
  with torch.cuda.amp.autocast():

 28%|██▊       | 56/200 [00:08<00:18,  7.80it/s]D:\HeSF-Coarsen\external\SeHGNN\hgb\utils.py:214: FutureWarning: `torch.cuda.amp.autocast(args...)` is deprecated. Please use `torch.amp.autocast('cuda', args...)` instead.
  with torch.cuda.amp.autocast():

 28%|██▊       | 57/200 [00:09<00:18,  7.61it/s]D:\HeSF-Coarsen\external\SeHGNN\hgb\utils.py:214: FutureWarning: `torch.cuda.amp.autocast(args...)` is deprecated. Please use `torch.amp.autocast('cuda', args...)` instead.
  with torch.cuda.amp.autocast():

 29%|██▉       | 58/200 [00:09<00:18,  7.71it/s]D:\HeSF-Coarsen\external\SeHGNN\hgb\utils.py:214: FutureWarning: `torch.cuda.amp.autocast(args...)` is deprecated. Please use `torch.amp.autocast('cuda', args...)` instead.
  with torch.cuda.amp.autocast():

 30%|██▉       | 59/200 [00:09<00:18,  7.57it/s]D:\HeSF-Coarsen\external\SeHGNN\hgb\utils.py:214: FutureWarning: `torch.cuda.amp.autocast(args...)` is deprecated. Please use `torch.amp.autocast('cuda', args...)` instead.
  with torch.cuda.amp.autocast():

 30%|███       | 60/200 [00:09<00:19,  7.33it/s]D:\HeSF-Coarsen\external\SeHGNN\hgb\utils.py:214: FutureWarning: `torch.cuda.amp.autocast(args...)` is deprecated. Please use `torch.amp.autocast('cuda', args...)` instead.
  with torch.cuda.amp.autocast():

 30%|███       | 61/200 [00:09<00:19,  7.26it/s]D:\HeSF-Coarsen\external\SeHGNN\hgb\utils.py:214: FutureWarning: `torch.cuda.amp.autocast(args...)` is deprecated. Please use `torch.amp.autocast('cuda', args...)` instead.
  with torch.cuda.amp.autocast():

 31%|███       | 62/200 [00:09<00:19,  7.07it/s]D:\HeSF-Coarsen\external\SeHGNN\hgb\utils.py:214: FutureWarning: `torch.cuda.amp.autocast(args...)` is deprecated. Please use `torch.amp.autocast('cuda', args...)` instead.
  with torch.cuda.amp.autocast():

 32%|███▏      | 63/200 [00:09<00:19,  7.19it/s]D:\HeSF-Coarsen\external\SeHGNN\hgb\utils.py:214: FutureWarning: `torch.cuda.amp.autocast(args...)` is deprecated. Please use `torch.amp.autocast('cuda', args...)` instead.
  with torch.cuda.amp.autocast():

 32%|███▏      | 64/200 [00:10<00:19,  7.07it/s]D:\HeSF-Coarsen\external\SeHGNN\hgb\utils.py:214: FutureWarning: `torch.cuda.amp.autocast(args...)` is deprecated. Please use `torch.amp.autocast('cuda', args...)` instead.
  with torch.cuda.amp.autocast():

 32%|███▎      | 65/200 [00:10<00:18,  7.30it/s]D:\HeSF-Coarsen\external\SeHGNN\hgb\utils.py:214: FutureWarning: `torch.cuda.amp.autocast(args...)` is deprecated. Please use `torch.amp.autocast('cuda', args...)` instead.
  with torch.cuda.amp.autocast():

 33%|███▎      | 66/200 [00:10<00:18,  7.38it/s]D:\HeSF-Coarsen\external\SeHGNN\hgb\utils.py:214: FutureWarning: `torch.cuda.amp.autocast(args...)` is deprecated. Please use `torch.amp.autocast('cuda', args...)` instead.
  with torch.cuda.amp.autocast():

 34%|███▎      | 67/200 [00:10<00:17,  7.57it/s]D:\HeSF-Coarsen\external\SeHGNN\hgb\utils.py:214: FutureWarning: `torch.cuda.amp.autocast(args...)` is deprecated. Please use `torch.amp.autocast('cuda', args...)` instead.
  with torch.cuda.amp.autocast():

 34%|███▍      | 68/200 [00:10<00:17,  7.55it/s]D:\HeSF-Coarsen\external\SeHGNN\hgb\utils.py:214: FutureWarning: `torch.cuda.amp.autocast(args...)` is deprecated. Please use `torch.amp.autocast('cuda', args...)` instead.
  with torch.cuda.amp.autocast():

 34%|███▍      | 69/200 [00:10<00:16,  7.88it/s]D:\HeSF-Coarsen\external\SeHGNN\hgb\utils.py:214: FutureWarning: `torch.cuda.amp.autocast(args...)` is deprecated. Please use `torch.amp.autocast('cuda', args...)` instead.
  with torch.cuda.amp.autocast():

 35%|███▌      | 70/200 [00:10<00:16,  8.07it/s]D:\HeSF-Coarsen\external\SeHGNN\hgb\utils.py:214: FutureWarning: `torch.cuda.amp.autocast(args...)` is deprecated. Please use `torch.amp.autocast('cuda', args...)` instead.
  with torch.cuda.amp.autocast():

 36%|███▌      | 71/200 [00:10<00:15,  8.16it/s]D:\HeSF-Coarsen\external\SeHGNN\hgb\utils.py:214: FutureWarning: `torch.cuda.amp.autocast(args...)` is deprecated. Please use `torch.amp.autocast('cuda', args...)` instead.
  with torch.cuda.amp.autocast():

 36%|███▌      | 72/200 [00:11<00:15,  8.23it/s]D:\HeSF-Coarsen\external\SeHGNN\hgb\utils.py:214: FutureWarning: `torch.cuda.amp.autocast(args...)` is deprecated. Please use `torch.amp.autocast('cuda', args...)` instead.
  with torch.cuda.amp.autocast():

 36%|███▋      | 73/200 [00:11<00:15,  8.08it/s]D:\HeSF-Coarsen\external\SeHGNN\hgb\utils.py:214: FutureWarning: `torch.cuda.amp.autocast(args...)` is deprecated. Please use `torch.amp.autocast('cuda', args...)` instead.
  with torch.cuda.amp.autocast():

 37%|███▋      | 74/200 [00:11<00:15,  8.28it/s]D:\HeSF-Coarsen\external\SeHGNN\hgb\utils.py:214: FutureWarning: `torch.cuda.amp.autocast(args...)` is deprecated. Please use `torch.amp.autocast('cuda', args...)` instead.
  with torch.cuda.amp.autocast():

 38%|███▊      | 75/200 [00:11<00:15,  8.18it/s]D:\HeSF-Coarsen\external\SeHGNN\hgb\utils.py:214: FutureWarning: `torch.cuda.amp.autocast(args...)` is deprecated. Please use `torch.amp.autocast('cuda', args...)` instead.
  with torch.cuda.amp.autocast():

 38%|███▊      | 76/200 [00:11<00:15,  8.10it/s]D:\HeSF-Coarsen\external\SeHGNN\hgb\utils.py:214: FutureWarning: `torch.cuda.amp.autocast(args...)` is deprecated. Please use `torch.amp.autocast('cuda', args...)` instead.
  with torch.cuda.amp.autocast():

 38%|███▊      | 77/200 [00:11<00:14,  8.24it/s]D:\HeSF-Coarsen\external\SeHGNN\hgb\utils.py:214: FutureWarning: `torch.cuda.amp.autocast(args...)` is deprecated. Please use `torch.amp.autocast('cuda', args...)` instead.
  with torch.cuda.amp.autocast():

 39%|███▉      | 78/200 [00:11<00:14,  8.27it/s]D:\HeSF-Coarsen\external\SeHGNN\hgb\utils.py:214: FutureWarning: `torch.cuda.amp.autocast(args...)` is deprecated. Please use `torch.amp.autocast('cuda', args...)` instead.
  with torch.cuda.amp.autocast():

 40%|███▉      | 79/200 [00:11<00:14,  8.36it/s]D:\HeSF-Coarsen\external\SeHGNN\hgb\utils.py:214: FutureWarning: `torch.cuda.amp.autocast(args...)` is deprecated. Please use `torch.amp.autocast('cuda', args...)` instead.
  with torch.cuda.amp.autocast():

 40%|████      | 80/200 [00:12<00:14,  8.39it/s]D:\HeSF-Coarsen\external\SeHGNN\hgb\utils.py:214: FutureWarning: `torch.cuda.amp.autocast(args...)` is deprecated. Please use `torch.amp.autocast('cuda', args...)` instead.
  with torch.cuda.amp.autocast():

 40%|████      | 81/200 [00:12<00:14,  8.11it/s]D:\HeSF-Coarsen\external\SeHGNN\hgb\utils.py:214: FutureWarning: `torch.cuda.amp.autocast(args...)` is deprecated. Please use `torch.amp.autocast('cuda', args...)` instead.
  with torch.cuda.amp.autocast():

 41%|████      | 82/200 [00:12<00:14,  7.98it/s]D:\HeSF-Coarsen\external\SeHGNN\hgb\utils.py:214: FutureWarning: `torch.cuda.amp.autocast(args...)` is deprecated. Please use `torch.amp.autocast('cuda', args...)` instead.
  with torch.cuda.amp.autocast():

 42%|████▏     | 83/200 [00:12<00:14,  7.95it/s]D:\HeSF-Coarsen\external\SeHGNN\hgb\utils.py:214: FutureWarning: `torch.cuda.amp.autocast(args...)` is deprecated. Please use `torch.amp.autocast('cuda', args...)` instead.
  with torch.cuda.amp.autocast():

 42%|████▏     | 84/200 [00:12<00:14,  8.09it/s]D:\HeSF-Coarsen\external\SeHGNN\hgb\utils.py:214: FutureWarning: `torch.cuda.amp.autocast(args...)` is deprecated. Please use `torch.amp.autocast('cuda', args...)` instead.
  with torch.cuda.amp.autocast():

 42%|████▎     | 85/200 [00:12<00:14,  8.07it/s]D:\HeSF-Coarsen\external\SeHGNN\hgb\utils.py:214: FutureWarning: `torch.cuda.amp.autocast(args...)` is deprecated. Please use `torch.amp.autocast('cuda', args...)` instead.
  with torch.cuda.amp.autocast():

 43%|████▎     | 86/200 [00:12<00:14,  7.90it/s]D:\HeSF-Coarsen\external\SeHGNN\hgb\utils.py:214: FutureWarning: `torch.cuda.amp.autocast(args...)` is deprecated. Please use `torch.amp.autocast('cuda', args...)` instead.
  with torch.cuda.amp.autocast():

 44%|████▎     | 87/200 [00:12<00:14,  7.79it/s]D:\HeSF-Coarsen\external\SeHGNN\hgb\utils.py:214: FutureWarning: `torch.cuda.amp.autocast(args...)` is deprecated. Please use `torch.amp.autocast('cuda', args...)` instead.
  with torch.cuda.amp.autocast():

 44%|████▍     | 88/200 [00:13<00:14,  7.99it/s]D:\HeSF-Coarsen\external\SeHGNN\hgb\utils.py:214: FutureWarning: `torch.cuda.amp.autocast(args...)` is deprecated. Please use `torch.amp.autocast('cuda', args...)` instead.
  with torch.cuda.amp.autocast():

 44%|████▍     | 89/200 [00:13<00:13,  8.18it/s]D:\HeSF-Coarsen\external\SeHGNN\hgb\utils.py:214: FutureWarning: `torch.cuda.amp.autocast(args...)` is deprecated. Please use `torch.amp.autocast('cuda', args...)` instead.
  with torch.cuda.amp.autocast():

 44%|████▍     | 89/200 [00:13<00:16,  6.71it/s]
