D:\HeSF-Coarsen\external\SeHGNN\hgb\main.py:148: FutureWarning: `torch.cuda.amp.GradScaler(args...)` is deprecated. Please use `torch.amp.GradScaler('cuda', args...)` instead.
  scalar = torch.cuda.amp.GradScaler()
C:\Users\slian\anaconda3\envs\pytorch\lib\site-packages\torch_sparse\matmul.py:97: UserWarning: Sparse CSR tensor support is in beta state. If you miss a functionality in the sparse tensor support, please submit a feature request to https://github.com/pytorch/pytorch/issues. (Triggered internally at C:\actions-runner\_work\pytorch\pytorch\pytorch\aten\src\ATen\SparseCsrTensorImpl.cpp:55.)
  C = torch.sparse.mm(A, B)

  0%|          | 0/4 [00:00<?, ?it/s]
100%|██████████| 4/4 [00:00<00:00, 995.62it/s]

  0%|          | 0/200 [00:00<?, ?it/s]D:\HeSF-Coarsen\external\SeHGNN\hgb\utils.py:214: FutureWarning: `torch.cuda.amp.autocast(args...)` is deprecated. Please use `torch.amp.autocast('cuda', args...)` instead.
  with torch.cuda.amp.autocast():

  0%|          | 1/200 [00:00<01:25,  2.32it/s]D:\HeSF-Coarsen\external\SeHGNN\hgb\utils.py:214: FutureWarning: `torch.cuda.amp.autocast(args...)` is deprecated. Please use `torch.amp.autocast('cuda', args...)` instead.
  with torch.cuda.amp.autocast():

  1%|          | 2/200 [00:00<00:50,  3.88it/s]D:\HeSF-Coarsen\external\SeHGNN\hgb\utils.py:214: FutureWarning: `torch.cuda.amp.autocast(args...)` is deprecated. Please use `torch.amp.autocast('cuda', args...)` instead.
  with torch.cuda.amp.autocast():

  2%|▏         | 3/200 [00:00<00:46,  4.27it/s]D:\HeSF-Coarsen\external\SeHGNN\hgb\utils.py:214: FutureWarning: `torch.cuda.amp.autocast(args...)` is deprecated. Please use `torch.amp.autocast('cuda', args...)` instead.
  with torch.cuda.amp.autocast():

  2%|▏         | 4/200 [00:00<00:41,  4.69it/s]D:\HeSF-Coarsen\external\SeHGNN\hgb\utils.py:214: FutureWarning: `torch.cuda.amp.autocast(args...)` is deprecated. Please use `torch.amp.autocast('cuda', args...)` instead.
  with torch.cuda.amp.autocast():

  2%|▎         | 5/200 [00:01<00:39,  4.95it/s]D:\HeSF-Coarsen\external\SeHGNN\hgb\utils.py:214: FutureWarning: `torch.cuda.amp.autocast(args...)` is deprecated. Please use `torch.amp.autocast('cuda', args...)` instead.
  with torch.cuda.amp.autocast():

  3%|▎         | 6/200 [00:01<00:37,  5.15it/s]D:\HeSF-Coarsen\external\SeHGNN\hgb\utils.py:214: FutureWarning: `torch.cuda.amp.autocast(args...)` is deprecated. Please use `torch.amp.autocast('cuda', args...)` instead.
  with torch.cuda.amp.autocast():

  4%|▎         | 7/200 [00:01<00:34,  5.54it/s]D:\HeSF-Coarsen\external\SeHGNN\hgb\utils.py:214: FutureWarning: `torch.cuda.amp.autocast(args...)` is deprecated. Please use `torch.amp.autocast('cuda', args...)` instead.
  with torch.cuda.amp.autocast():

  4%|▍         | 8/200 [00:01<00:33,  5.75it/s]D:\HeSF-Coarsen\external\SeHGNN\hgb\utils.py:214: FutureWarning: `torch.cuda.amp.autocast(args...)` is deprecated. Please use `torch.amp.autocast('cuda', args...)` instead.
  with torch.cuda.amp.autocast():

  4%|▍         | 9/200 [00:01<00:31,  6.02it/s]D:\HeSF-Coarsen\external\SeHGNN\hgb\utils.py:214: FutureWarning: `torch.cuda.amp.autocast(args...)` is deprecated. Please use `torch.amp.autocast('cuda', args...)` instead.
  with torch.cuda.amp.autocast():

  5%|▌         | 10/200 [00:01<00:31,  6.01it/s]D:\HeSF-Coarsen\external\SeHGNN\hgb\utils.py:214: FutureWarning: `torch.cuda.amp.autocast(args...)` is deprecated. Please use `torch.amp.autocast('cuda', args...)` instead.
  with torch.cuda.amp.autocast():

  6%|▌         | 11/200 [00:02<00:30,  6.12it/s]D:\HeSF-Coarsen\external\SeHGNN\hgb\utils.py:214: FutureWarning: `torch.cuda.amp.autocast(args...)` is deprecated. Please use `torch.amp.autocast('cuda', args...)` instead.
  with torch.cuda.amp.autocast():

  6%|▌         | 12/200 [00:02<00:29,  6.28it/s]D:\HeSF-Coarsen\external\SeHGNN\hgb\utils.py:214: FutureWarning: `torch.cuda.amp.autocast(args...)` is deprecated. Please use `torch.amp.autocast('cuda', args...)` instead.
  with torch.cuda.amp.autocast():

  6%|▋         | 13/200 [00:02<00:29,  6.44it/s]D:\HeSF-Coarsen\external\SeHGNN\hgb\utils.py:214: FutureWarning: `torch.cuda.amp.autocast(args...)` is deprecated. Please use `torch.amp.autocast('cuda', args...)` instead.
  with torch.cuda.amp.autocast():

  7%|▋         | 14/200 [00:02<00:28,  6.58it/s]D:\HeSF-Coarsen\external\SeHGNN\hgb\utils.py:214: FutureWarning: `torch.cuda.amp.autocast(args...)` is deprecated. Please use `torch.amp.autocast('cuda', args...)` instead.
  with torch.cuda.amp.autocast():

  8%|▊         | 15/200 [00:02<00:27,  6.70it/s]D:\HeSF-Coarsen\external\SeHGNN\hgb\utils.py:214: FutureWarning: `torch.cuda.amp.autocast(args...)` is deprecated. Please use `torch.amp.autocast('cuda', args...)` instead.
  with torch.cuda.amp.autocast():

  8%|▊         | 16/200 [00:02<00:28,  6.47it/s]D:\HeSF-Coarsen\external\SeHGNN\hgb\utils.py:214: FutureWarning: `torch.cuda.amp.autocast(args...)` is deprecated. Please use `torch.amp.autocast('cuda', args...)` instead.
  with torch.cuda.amp.autocast():

  8%|▊         | 17/200 [00:03<00:28,  6.40it/s]D:\HeSF-Coarsen\external\SeHGNN\hgb\utils.py:214: FutureWarning: `torch.cuda.amp.autocast(args...)` is deprecated. Please use `torch.amp.autocast('cuda', args...)` instead.
  with torch.cuda.amp.autocast():

  9%|▉         | 18/200 [00:03<00:27,  6.50it/s]D:\HeSF-Coarsen\external\SeHGNN\hgb\utils.py:214: FutureWarning: `torch.cuda.amp.autocast(args...)` is deprecated. Please use `torch.amp.autocast('cuda', args...)` instead.
  with torch.cuda.amp.autocast():

 10%|▉         | 19/200 [00:03<00:27,  6.48it/s]D:\HeSF-Coarsen\external\SeHGNN\hgb\utils.py:214: FutureWarning: `torch.cuda.amp.autocast(args...)` is deprecated. Please use `torch.amp.autocast('cuda', args...)` instead.
  with torch.cuda.amp.autocast():

 10%|█         | 20/200 [00:03<00:28,  6.38it/s]D:\HeSF-Coarsen\external\SeHGNN\hgb\utils.py:214: FutureWarning: `torch.cuda.amp.autocast(args...)` is deprecated. Please use `torch.amp.autocast('cuda', args...)` instead.
  with torch.cuda.amp.autocast():

 10%|█         | 21/200 [00:03<00:28,  6.32it/s]D:\HeSF-Coarsen\external\SeHGNN\hgb\utils.py:214: FutureWarning: `torch.cuda.amp.autocast(args...)` is deprecated. Please use `torch.amp.autocast('cuda', args...)` instead.
  with torch.cuda.amp.autocast():

 11%|█         | 22/200 [00:03<00:27,  6.42it/s]D:\HeSF-Coarsen\external\SeHGNN\hgb\utils.py:214: FutureWarning: `torch.cuda.amp.autocast(args...)` is deprecated. Please use `torch.amp.autocast('cuda', args...)` instead.
  with torch.cuda.amp.autocast():

 12%|█▏        | 23/200 [00:03<00:27,  6.42it/s]D:\HeSF-Coarsen\external\SeHGNN\hgb\utils.py:214: FutureWarning: `torch.cuda.amp.autocast(args...)` is deprecated. Please use `torch.amp.autocast('cuda', args...)` instead.
  with torch.cuda.amp.autocast():

 12%|█▏        | 24/200 [00:04<00:28,  6.27it/s]D:\HeSF-Coarsen\external\SeHGNN\hgb\utils.py:214: FutureWarning: `torch.cuda.amp.autocast(args...)` is deprecated. Please use `torch.amp.autocast('cuda', args...)` instead.
  with torch.cuda.amp.autocast():

 12%|█▎        | 25/200 [00:04<00:28,  6.19it/s]D:\HeSF-Coarsen\external\SeHGNN\hgb\utils.py:214: FutureWarning: `torch.cuda.amp.autocast(args...)` is deprecated. Please use `torch.amp.autocast('cuda', args...)` instead.
  with torch.cuda.amp.autocast():

 13%|█▎        | 26/200 [00:04<00:28,  6.15it/s]D:\HeSF-Coarsen\external\SeHGNN\hgb\utils.py:214: FutureWarning: `torch.cuda.amp.autocast(args...)` is deprecated. Please use `torch.amp.autocast('cuda', args...)` instead.
  with torch.cuda.amp.autocast():

 14%|█▎        | 27/200 [00:04<00:28,  6.14it/s]D:\HeSF-Coarsen\external\SeHGNN\hgb\utils.py:214: FutureWarning: `torch.cuda.amp.autocast(args...)` is deprecated. Please use `torch.amp.autocast('cuda', args...)` instead.
  with torch.cuda.amp.autocast():

 14%|█▍        | 28/200 [00:04<00:30,  5.70it/s]D:\HeSF-Coarsen\external\SeHGNN\hgb\utils.py:214: FutureWarning: `torch.cuda.amp.autocast(args...)` is deprecated. Please use `torch.amp.autocast('cuda', args...)` instead.
  with torch.cuda.amp.autocast():

 14%|█▍        | 29/200 [00:04<00:29,  5.83it/s]D:\HeSF-Coarsen\external\SeHGNN\hgb\utils.py:214: FutureWarning: `torch.cuda.amp.autocast(args...)` is deprecated. Please use `torch.amp.autocast('cuda', args...)` instead.
  with torch.cuda.amp.autocast():

 15%|█▌        | 30/200 [00:05<00:28,  6.00it/s]D:\HeSF-Coarsen\external\SeHGNN\hgb\utils.py:214: FutureWarning: `torch.cuda.amp.autocast(args...)` is deprecated. Please use `torch.amp.autocast('cuda', args...)` instead.
  with torch.cuda.amp.autocast():

 16%|█▌        | 31/200 [00:05<00:29,  5.79it/s]D:\HeSF-Coarsen\external\SeHGNN\hgb\utils.py:214: FutureWarning: `torch.cuda.amp.autocast(args...)` is deprecated. Please use `torch.amp.autocast('cuda', args...)` instead.
  with torch.cuda.amp.autocast():

 16%|█▌        | 32/200 [00:05<00:28,  5.95it/s]D:\HeSF-Coarsen\external\SeHGNN\hgb\utils.py:214: FutureWarning: `torch.cuda.amp.autocast(args...)` is deprecated. Please use `torch.amp.autocast('cuda', args...)` instead.
  with torch.cuda.amp.autocast():

 16%|█▋        | 33/200 [00:05<00:27,  6.04it/s]D:\HeSF-Coarsen\external\SeHGNN\hgb\utils.py:214: FutureWarning: `torch.cuda.amp.autocast(args...)` is deprecated. Please use `torch.amp.autocast('cuda', args...)` instead.
  with torch.cuda.amp.autocast():

 17%|█▋        | 34/200 [00:05<00:27,  6.10it/s]D:\HeSF-Coarsen\external\SeHGNN\hgb\utils.py:214: FutureWarning: `torch.cuda.amp.autocast(args...)` is deprecated. Please use `torch.amp.autocast('cuda', args...)` instead.
  with torch.cuda.amp.autocast():

 18%|█▊        | 35/200 [00:05<00:27,  6.04it/s]D:\HeSF-Coarsen\external\SeHGNN\hgb\utils.py:214: FutureWarning: `torch.cuda.amp.autocast(args...)` is deprecated. Please use `torch.amp.autocast('cuda', args...)` instead.
  with torch.cuda.amp.autocast():

 18%|█▊        | 36/200 [00:06<00:26,  6.16it/s]D:\HeSF-Coarsen\external\SeHGNN\hgb\utils.py:214: FutureWarning: `torch.cuda.amp.autocast(args...)` is deprecated. Please use `torch.amp.autocast('cuda', args...)` instead.
  with torch.cuda.amp.autocast():

 18%|█▊        | 37/200 [00:06<00:26,  6.25it/s]D:\HeSF-Coarsen\external\SeHGNN\hgb\utils.py:214: FutureWarning: `torch.cuda.amp.autocast(args...)` is deprecated. Please use `torch.amp.autocast('cuda', args...)` instead.
  with torch.cuda.amp.autocast():

 19%|█▉        | 38/200 [00:06<00:25,  6.31it/s]D:\HeSF-Coarsen\external\SeHGNN\hgb\utils.py:214: FutureWarning: `torch.cuda.amp.autocast(args...)` is deprecated. Please use `torch.amp.autocast('cuda', args...)` instead.
  with torch.cuda.amp.autocast():

 20%|█▉        | 39/200 [00:06<00:25,  6.38it/s]D:\HeSF-Coarsen\external\SeHGNN\hgb\utils.py:214: FutureWarning: `torch.cuda.amp.autocast(args...)` is deprecated. Please use `torch.amp.autocast('cuda', args...)` instead.
  with torch.cuda.amp.autocast():

 20%|██        | 40/200 [00:06<00:25,  6.37it/s]D:\HeSF-Coarsen\external\SeHGNN\hgb\utils.py:214: FutureWarning: `torch.cuda.amp.autocast(args...)` is deprecated. Please use `torch.amp.autocast('cuda', args...)` instead.
  with torch.cuda.amp.autocast():

 20%|██        | 41/200 [00:06<00:24,  6.56it/s]D:\HeSF-Coarsen\external\SeHGNN\hgb\utils.py:214: FutureWarning: `torch.cuda.amp.autocast(args...)` is deprecated. Please use `torch.amp.autocast('cuda', args...)` instead.
  with torch.cuda.amp.autocast():

 21%|██        | 42/200 [00:07<00:23,  6.68it/s]D:\HeSF-Coarsen\external\SeHGNN\hgb\utils.py:214: FutureWarning: `torch.cuda.amp.autocast(args...)` is deprecated. Please use `torch.amp.autocast('cuda', args...)` instead.
  with torch.cuda.amp.autocast():

 22%|██▏       | 43/200 [00:07<00:23,  6.67it/s]D:\HeSF-Coarsen\external\SeHGNN\hgb\utils.py:214: FutureWarning: `torch.cuda.amp.autocast(args...)` is deprecated. Please use `torch.amp.autocast('cuda', args...)` instead.
  with torch.cuda.amp.autocast():

 22%|██▏       | 44/200 [00:07<00:23,  6.58it/s]D:\HeSF-Coarsen\external\SeHGNN\hgb\utils.py:214: FutureWarning: `torch.cuda.amp.autocast(args...)` is deprecated. Please use `torch.amp.autocast('cuda', args...)` instead.
  with torch.cuda.amp.autocast():

 22%|██▎       | 45/200 [00:07<00:23,  6.61it/s]D:\HeSF-Coarsen\external\SeHGNN\hgb\utils.py:214: FutureWarning: `torch.cuda.amp.autocast(args...)` is deprecated. Please use `torch.amp.autocast('cuda', args...)` instead.
  with torch.cuda.amp.autocast():

 23%|██▎       | 46/200 [00:07<00:21,  7.12it/s]D:\HeSF-Coarsen\external\SeHGNN\hgb\utils.py:214: FutureWarning: `torch.cuda.amp.autocast(args...)` is deprecated. Please use `torch.amp.autocast('cuda', args...)` instead.
  with torch.cuda.amp.autocast():

 24%|██▎       | 47/200 [00:07<00:20,  7.47it/s]D:\HeSF-Coarsen\external\SeHGNN\hgb\utils.py:214: FutureWarning: `torch.cuda.amp.autocast(args...)` is deprecated. Please use `torch.amp.autocast('cuda', args...)` instead.
  with torch.cuda.amp.autocast():

 24%|██▍       | 48/200 [00:07<00:19,  7.68it/s]D:\HeSF-Coarsen\external\SeHGNN\hgb\utils.py:214: FutureWarning: `torch.cuda.amp.autocast(args...)` is deprecated. Please use `torch.amp.autocast('cuda', args...)` instead.
  with torch.cuda.amp.autocast():

 24%|██▍       | 49/200 [00:07<00:19,  7.90it/s]D:\HeSF-Coarsen\external\SeHGNN\hgb\utils.py:214: FutureWarning: `torch.cuda.amp.autocast(args...)` is deprecated. Please use `torch.amp.autocast('cuda', args...)` instead.
  with torch.cuda.amp.autocast():

 25%|██▌       | 50/200 [00:08<00:18,  8.11it/s]D:\HeSF-Coarsen\external\SeHGNN\hgb\utils.py:214: FutureWarning: `torch.cuda.amp.autocast(args...)` is deprecated. Please use `torch.amp.autocast('cuda', args...)` instead.
  with torch.cuda.amp.autocast():

 26%|██▌       | 51/200 [00:08<00:18,  8.13it/s]D:\HeSF-Coarsen\external\SeHGNN\hgb\utils.py:214: FutureWarning: `torch.cuda.amp.autocast(args...)` is deprecated. Please use `torch.amp.autocast('cuda', args...)` instead.
  with torch.cuda.amp.autocast():

 26%|██▌       | 52/200 [00:08<00:18,  7.95it/s]D:\HeSF-Coarsen\external\SeHGNN\hgb\utils.py:214: FutureWarning: `torch.cuda.amp.autocast(args...)` is deprecated. Please use `torch.amp.autocast('cuda', args...)` instead.
  with torch.cuda.amp.autocast():

 26%|██▋       | 53/200 [00:08<00:19,  7.41it/s]D:\HeSF-Coarsen\external\SeHGNN\hgb\utils.py:214: FutureWarning: `torch.cuda.amp.autocast(args...)` is deprecated. Please use `torch.amp.autocast('cuda', args...)` instead.
  with torch.cuda.amp.autocast():

 27%|██▋       | 54/200 [00:08<00:20,  7.03it/s]D:\HeSF-Coarsen\external\SeHGNN\hgb\utils.py:214: FutureWarning: `torch.cuda.amp.autocast(args...)` is deprecated. Please use `torch.amp.autocast('cuda', args...)` instead.
  with torch.cuda.amp.autocast():

 28%|██▊       | 55/200 [00:08<00:22,  6.33it/s]D:\HeSF-Coarsen\external\SeHGNN\hgb\utils.py:214: FutureWarning: `torch.cuda.amp.autocast(args...)` is deprecated. Please use `torch.amp.autocast('cuda', args...)` instead.
  with torch.cuda.amp.autocast():

 28%|██▊       | 56/200 [00:09<00:25,  5.69it/s]D:\HeSF-Coarsen\external\SeHGNN\hgb\utils.py:214: FutureWarning: `torch.cuda.amp.autocast(args...)` is deprecated. Please use `torch.amp.autocast('cuda', args...)` instead.
  with torch.cuda.amp.autocast():

 28%|██▊       | 57/200 [00:09<00:25,  5.68it/s]D:\HeSF-Coarsen\external\SeHGNN\hgb\utils.py:214: FutureWarning: `torch.cuda.amp.autocast(args...)` is deprecated. Please use `torch.amp.autocast('cuda', args...)` instead.
  with torch.cuda.amp.autocast():

 29%|██▉       | 58/200 [00:09<00:24,  5.74it/s]D:\HeSF-Coarsen\external\SeHGNN\hgb\utils.py:214: FutureWarning: `torch.cuda.amp.autocast(args...)` is deprecated. Please use `torch.amp.autocast('cuda', args...)` instead.
  with torch.cuda.amp.autocast():

 30%|██▉       | 59/200 [00:09<00:23,  5.96it/s]D:\HeSF-Coarsen\external\SeHGNN\hgb\utils.py:214: FutureWarning: `torch.cuda.amp.autocast(args...)` is deprecated. Please use `torch.amp.autocast('cuda', args...)` instead.
  with torch.cuda.amp.autocast():

 30%|███       | 60/200 [00:09<00:21,  6.38it/s]D:\HeSF-Coarsen\external\SeHGNN\hgb\utils.py:214: FutureWarning: `torch.cuda.amp.autocast(args...)` is deprecated. Please use `torch.amp.autocast('cuda', args...)` instead.
  with torch.cuda.amp.autocast():

 30%|███       | 61/200 [00:09<00:21,  6.47it/s]D:\HeSF-Coarsen\external\SeHGNN\hgb\utils.py:214: FutureWarning: `torch.cuda.amp.autocast(args...)` is deprecated. Please use `torch.amp.autocast('cuda', args...)` instead.
  with torch.cuda.amp.autocast():

 31%|███       | 62/200 [00:09<00:20,  6.77it/s]D:\HeSF-Coarsen\external\SeHGNN\hgb\utils.py:214: FutureWarning: `torch.cuda.amp.autocast(args...)` is deprecated. Please use `torch.amp.autocast('cuda', args...)` instead.
  with torch.cuda.amp.autocast():

 32%|███▏      | 63/200 [00:10<00:20,  6.79it/s]D:\HeSF-Coarsen\external\SeHGNN\hgb\utils.py:214: FutureWarning: `torch.cuda.amp.autocast(args...)` is deprecated. Please use `torch.amp.autocast('cuda', args...)` instead.
  with torch.cuda.amp.autocast():

 32%|███▏      | 64/200 [00:10<00:19,  6.86it/s]D:\HeSF-Coarsen\external\SeHGNN\hgb\utils.py:214: FutureWarning: `torch.cuda.amp.autocast(args...)` is deprecated. Please use `torch.amp.autocast('cuda', args...)` instead.
  with torch.cuda.amp.autocast():

 32%|███▎      | 65/200 [00:10<00:20,  6.67it/s]D:\HeSF-Coarsen\external\SeHGNN\hgb\utils.py:214: FutureWarning: `torch.cuda.amp.autocast(args...)` is deprecated. Please use `torch.amp.autocast('cuda', args...)` instead.
  with torch.cuda.amp.autocast():

 33%|███▎      | 66/200 [00:10<00:19,  6.80it/s]D:\HeSF-Coarsen\external\SeHGNN\hgb\utils.py:214: FutureWarning: `torch.cuda.amp.autocast(args...)` is deprecated. Please use `torch.amp.autocast('cuda', args...)` instead.
  with torch.cuda.amp.autocast():

 34%|███▎      | 67/200 [00:10<00:18,  7.10it/s]D:\HeSF-Coarsen\external\SeHGNN\hgb\utils.py:214: FutureWarning: `torch.cuda.amp.autocast(args...)` is deprecated. Please use `torch.amp.autocast('cuda', args...)` instead.
  with torch.cuda.amp.autocast():

 34%|███▍      | 68/200 [00:10<00:18,  7.24it/s]D:\HeSF-Coarsen\external\SeHGNN\hgb\utils.py:214: FutureWarning: `torch.cuda.amp.autocast(args...)` is deprecated. Please use `torch.amp.autocast('cuda', args...)` instead.
  with torch.cuda.amp.autocast():

 34%|███▍      | 69/200 [00:10<00:17,  7.69it/s]D:\HeSF-Coarsen\external\SeHGNN\hgb\utils.py:214: FutureWarning: `torch.cuda.amp.autocast(args...)` is deprecated. Please use `torch.amp.autocast('cuda', args...)` instead.
  with torch.cuda.amp.autocast():

 35%|███▌      | 70/200 [00:11<00:16,  7.89it/s]D:\HeSF-Coarsen\external\SeHGNN\hgb\utils.py:214: FutureWarning: `torch.cuda.amp.autocast(args...)` is deprecated. Please use `torch.amp.autocast('cuda', args...)` instead.
  with torch.cuda.amp.autocast():

 36%|███▌      | 71/200 [00:11<00:17,  7.59it/s]D:\HeSF-Coarsen\external\SeHGNN\hgb\utils.py:214: FutureWarning: `torch.cuda.amp.autocast(args...)` is deprecated. Please use `torch.amp.autocast('cuda', args...)` instead.
  with torch.cuda.amp.autocast():

 36%|███▌      | 72/200 [00:11<00:16,  7.84it/s]D:\HeSF-Coarsen\external\SeHGNN\hgb\utils.py:214: FutureWarning: `torch.cuda.amp.autocast(args...)` is deprecated. Please use `torch.amp.autocast('cuda', args...)` instead.
  with torch.cuda.amp.autocast():

 36%|███▋      | 73/200 [00:11<00:16,  7.61it/s]D:\HeSF-Coarsen\external\SeHGNN\hgb\utils.py:214: FutureWarning: `torch.cuda.amp.autocast(args...)` is deprecated. Please use `torch.amp.autocast('cuda', args...)` instead.
  with torch.cuda.amp.autocast():

 37%|███▋      | 74/200 [00:11<00:15,  7.88it/s]D:\HeSF-Coarsen\external\SeHGNN\hgb\utils.py:214: FutureWarning: `torch.cuda.amp.autocast(args...)` is deprecated. Please use `torch.amp.autocast('cuda', args...)` instead.
  with torch.cuda.amp.autocast():

 38%|███▊      | 75/200 [00:11<00:15,  8.05it/s]D:\HeSF-Coarsen\external\SeHGNN\hgb\utils.py:214: FutureWarning: `torch.cuda.amp.autocast(args...)` is deprecated. Please use `torch.amp.autocast('cuda', args...)` instead.
  with torch.cuda.amp.autocast():

 38%|███▊      | 76/200 [00:11<00:14,  8.37it/s]D:\HeSF-Coarsen\external\SeHGNN\hgb\utils.py:214: FutureWarning: `torch.cuda.amp.autocast(args...)` is deprecated. Please use `torch.amp.autocast('cuda', args...)` instead.
  with torch.cuda.amp.autocast():

 38%|███▊      | 77/200 [00:11<00:14,  8.59it/s]D:\HeSF-Coarsen\external\SeHGNN\hgb\utils.py:214: FutureWarning: `torch.cuda.amp.autocast(args...)` is deprecated. Please use `torch.amp.autocast('cuda', args...)` instead.
  with torch.cuda.amp.autocast():

 39%|███▉      | 78/200 [00:12<00:14,  8.54it/s]D:\HeSF-Coarsen\external\SeHGNN\hgb\utils.py:214: FutureWarning: `torch.cuda.amp.autocast(args...)` is deprecated. Please use `torch.amp.autocast('cuda', args...)` instead.
  with torch.cuda.amp.autocast():

 40%|███▉      | 79/200 [00:12<00:14,  8.12it/s]D:\HeSF-Coarsen\external\SeHGNN\hgb\utils.py:214: FutureWarning: `torch.cuda.amp.autocast(args...)` is deprecated. Please use `torch.amp.autocast('cuda', args...)` instead.
  with torch.cuda.amp.autocast():

 40%|████      | 80/200 [00:12<00:14,  8.03it/s]D:\HeSF-Coarsen\external\SeHGNN\hgb\utils.py:214: FutureWarning: `torch.cuda.amp.autocast(args...)` is deprecated. Please use `torch.amp.autocast('cuda', args...)` instead.
  with torch.cuda.amp.autocast():

 40%|████      | 81/200 [00:12<00:15,  7.90it/s]D:\HeSF-Coarsen\external\SeHGNN\hgb\utils.py:214: FutureWarning: `torch.cuda.amp.autocast(args...)` is deprecated. Please use `torch.amp.autocast('cuda', args...)` instead.
  with torch.cuda.amp.autocast():

 41%|████      | 82/200 [00:12<00:15,  7.67it/s]D:\HeSF-Coarsen\external\SeHGNN\hgb\utils.py:214: FutureWarning: `torch.cuda.amp.autocast(args...)` is deprecated. Please use `torch.amp.autocast('cuda', args...)` instead.
  with torch.cuda.amp.autocast():

 42%|████▏     | 83/200 [00:12<00:15,  7.39it/s]D:\HeSF-Coarsen\external\SeHGNN\hgb\utils.py:214: FutureWarning: `torch.cuda.amp.autocast(args...)` is deprecated. Please use `torch.amp.autocast('cuda', args...)` instead.
  with torch.cuda.amp.autocast():

 42%|████▏     | 84/200 [00:12<00:15,  7.52it/s]D:\HeSF-Coarsen\external\SeHGNN\hgb\utils.py:214: FutureWarning: `torch.cuda.amp.autocast(args...)` is deprecated. Please use `torch.amp.autocast('cuda', args...)` instead.
  with torch.cuda.amp.autocast():

 42%|████▎     | 85/200 [00:12<00:14,  7.67it/s]D:\HeSF-Coarsen\external\SeHGNN\hgb\utils.py:214: FutureWarning: `torch.cuda.amp.autocast(args...)` is deprecated. Please use `torch.amp.autocast('cuda', args...)` instead.
  with torch.cuda.amp.autocast():

 43%|████▎     | 86/200 [00:13<00:14,  7.67it/s]D:\HeSF-Coarsen\external\SeHGNN\hgb\utils.py:214: FutureWarning: `torch.cuda.amp.autocast(args...)` is deprecated. Please use `torch.amp.autocast('cuda', args...)` instead.
  with torch.cuda.amp.autocast():

 44%|████▎     | 87/200 [00:13<00:14,  7.61it/s]D:\HeSF-Coarsen\external\SeHGNN\hgb\utils.py:214: FutureWarning: `torch.cuda.amp.autocast(args...)` is deprecated. Please use `torch.amp.autocast('cuda', args...)` instead.
  with torch.cuda.amp.autocast():

 44%|████▍     | 88/200 [00:13<00:14,  7.76it/s]D:\HeSF-Coarsen\external\SeHGNN\hgb\utils.py:214: FutureWarning: `torch.cuda.amp.autocast(args...)` is deprecated. Please use `torch.amp.autocast('cuda', args...)` instead.
  with torch.cuda.amp.autocast():

 44%|████▍     | 89/200 [00:13<00:13,  8.10it/s]D:\HeSF-Coarsen\external\SeHGNN\hgb\utils.py:214: FutureWarning: `torch.cuda.amp.autocast(args...)` is deprecated. Please use `torch.amp.autocast('cuda', args...)` instead.
  with torch.cuda.amp.autocast():

 45%|████▌     | 90/200 [00:13<00:13,  7.91it/s]D:\HeSF-Coarsen\external\SeHGNN\hgb\utils.py:214: FutureWarning: `torch.cuda.amp.autocast(args...)` is deprecated. Please use `torch.amp.autocast('cuda', args...)` instead.
  with torch.cuda.amp.autocast():

 46%|████▌     | 91/200 [00:13<00:14,  7.40it/s]D:\HeSF-Coarsen\external\SeHGNN\hgb\utils.py:214: FutureWarning: `torch.cuda.amp.autocast(args...)` is deprecated. Please use `torch.amp.autocast('cuda', args...)` instead.
  with torch.cuda.amp.autocast():

 46%|████▌     | 92/200 [00:13<00:16,  6.67it/s]D:\HeSF-Coarsen\external\SeHGNN\hgb\utils.py:214: FutureWarning: `torch.cuda.amp.autocast(args...)` is deprecated. Please use `torch.amp.autocast('cuda', args...)` instead.
  with torch.cuda.amp.autocast():

 46%|████▋     | 93/200 [00:14<00:16,  6.54it/s]D:\HeSF-Coarsen\external\SeHGNN\hgb\utils.py:214: FutureWarning: `torch.cuda.amp.autocast(args...)` is deprecated. Please use `torch.amp.autocast('cuda', args...)` instead.
  with torch.cuda.amp.autocast():

 47%|████▋     | 94/200 [00:14<00:16,  6.24it/s]D:\HeSF-Coarsen\external\SeHGNN\hgb\utils.py:214: FutureWarning: `torch.cuda.amp.autocast(args...)` is deprecated. Please use `torch.amp.autocast('cuda', args...)` instead.
  with torch.cuda.amp.autocast():

 48%|████▊     | 95/200 [00:14<00:16,  6.40it/s]D:\HeSF-Coarsen\external\SeHGNN\hgb\utils.py:214: FutureWarning: `torch.cuda.amp.autocast(args...)` is deprecated. Please use `torch.amp.autocast('cuda', args...)` instead.
  with torch.cuda.amp.autocast():

 48%|████▊     | 96/200 [00:14<00:16,  6.46it/s]D:\HeSF-Coarsen\external\SeHGNN\hgb\utils.py:214: FutureWarning: `torch.cuda.amp.autocast(args...)` is deprecated. Please use `torch.amp.autocast('cuda', args...)` instead.
  with torch.cuda.amp.autocast():

 48%|████▊     | 97/200 [00:14<00:15,  6.75it/s]D:\HeSF-Coarsen\external\SeHGNN\hgb\utils.py:214: FutureWarning: `torch.cuda.amp.autocast(args...)` is deprecated. Please use `torch.amp.autocast('cuda', args...)` instead.
  with torch.cuda.amp.autocast():

 49%|████▉     | 98/200 [00:14<00:14,  6.87it/s]D:\HeSF-Coarsen\external\SeHGNN\hgb\utils.py:214: FutureWarning: `torch.cuda.amp.autocast(args...)` is deprecated. Please use `torch.amp.autocast('cuda', args...)` instead.
  with torch.cuda.amp.autocast():

 50%|████▉     | 99/200 [00:14<00:14,  7.14it/s]D:\HeSF-Coarsen\external\SeHGNN\hgb\utils.py:214: FutureWarning: `torch.cuda.amp.autocast(args...)` is deprecated. Please use `torch.amp.autocast('cuda', args...)` instead.
  with torch.cuda.amp.autocast():

 50%|█████     | 100/200 [00:15<00:13,  7.28it/s]D:\HeSF-Coarsen\external\SeHGNN\hgb\utils.py:214: FutureWarning: `torch.cuda.amp.autocast(args...)` is deprecated. Please use `torch.amp.autocast('cuda', args...)` instead.
  with torch.cuda.amp.autocast():

 50%|█████     | 101/200 [00:15<00:13,  7.14it/s]D:\HeSF-Coarsen\external\SeHGNN\hgb\utils.py:214: FutureWarning: `torch.cuda.amp.autocast(args...)` is deprecated. Please use `torch.amp.autocast('cuda', args...)` instead.
  with torch.cuda.amp.autocast():

 51%|█████     | 102/200 [00:15<00:13,  7.21it/s]D:\HeSF-Coarsen\external\SeHGNN\hgb\utils.py:214: FutureWarning: `torch.cuda.amp.autocast(args...)` is deprecated. Please use `torch.amp.autocast('cuda', args...)` instead.
  with torch.cuda.amp.autocast():

 52%|█████▏    | 103/200 [00:15<00:13,  6.97it/s]D:\HeSF-Coarsen\external\SeHGNN\hgb\utils.py:214: FutureWarning: `torch.cuda.amp.autocast(args...)` is deprecated. Please use `torch.amp.autocast('cuda', args...)` instead.
  with torch.cuda.amp.autocast():

 52%|█████▏    | 104/200 [00:15<00:13,  7.03it/s]D:\HeSF-Coarsen\external\SeHGNN\hgb\utils.py:214: FutureWarning: `torch.cuda.amp.autocast(args...)` is deprecated. Please use `torch.amp.autocast('cuda', args...)` instead.
  with torch.cuda.amp.autocast():

 52%|█████▎    | 105/200 [00:15<00:13,  7.15it/s]D:\HeSF-Coarsen\external\SeHGNN\hgb\utils.py:214: FutureWarning: `torch.cuda.amp.autocast(args...)` is deprecated. Please use `torch.amp.autocast('cuda', args...)` instead.
  with torch.cuda.amp.autocast():

 53%|█████▎    | 106/200 [00:15<00:13,  7.21it/s]D:\HeSF-Coarsen\external\SeHGNN\hgb\utils.py:214: FutureWarning: `torch.cuda.amp.autocast(args...)` is deprecated. Please use `torch.amp.autocast('cuda', args...)` instead.
  with torch.cuda.amp.autocast():

 54%|█████▎    | 107/200 [00:16<00:12,  7.27it/s]D:\HeSF-Coarsen\external\SeHGNN\hgb\utils.py:214: FutureWarning: `torch.cuda.amp.autocast(args...)` is deprecated. Please use `torch.amp.autocast('cuda', args...)` instead.
  with torch.cuda.amp.autocast():

 54%|█████▍    | 108/200 [00:16<00:12,  7.42it/s]D:\HeSF-Coarsen\external\SeHGNN\hgb\utils.py:214: FutureWarning: `torch.cuda.amp.autocast(args...)` is deprecated. Please use `torch.amp.autocast('cuda', args...)` instead.
  with torch.cuda.amp.autocast():

 55%|█████▍    | 109/200 [00:16<00:12,  7.53it/s]D:\HeSF-Coarsen\external\SeHGNN\hgb\utils.py:214: FutureWarning: `torch.cuda.amp.autocast(args...)` is deprecated. Please use `torch.amp.autocast('cuda', args...)` instead.
  with torch.cuda.amp.autocast():

 55%|█████▌    | 110/200 [00:16<00:11,  7.75it/s]D:\HeSF-Coarsen\external\SeHGNN\hgb\utils.py:214: FutureWarning: `torch.cuda.amp.autocast(args...)` is deprecated. Please use `torch.amp.autocast('cuda', args...)` instead.
  with torch.cuda.amp.autocast():

 56%|█████▌    | 111/200 [00:16<00:11,  8.07it/s]D:\HeSF-Coarsen\external\SeHGNN\hgb\utils.py:214: FutureWarning: `torch.cuda.amp.autocast(args...)` is deprecated. Please use `torch.amp.autocast('cuda', args...)` instead.
  with torch.cuda.amp.autocast():

 56%|█████▌    | 111/200 [00:16<00:13,  6.66it/s]
