D:\HeSF-Coarsen\external\SeHGNN\hgb\main.py:148: FutureWarning: `torch.cuda.amp.GradScaler(args...)` is deprecated. Please use `torch.amp.GradScaler('cuda', args...)` instead.
  scalar = torch.cuda.amp.GradScaler()
C:\Users\slian\anaconda3\envs\pytorch\lib\site-packages\torch_sparse\matmul.py:97: UserWarning: Sparse CSR tensor support is in beta state. If you miss a functionality in the sparse tensor support, please submit a feature request to https://github.com/pytorch/pytorch/issues. (Triggered internally at C:\actions-runner\_work\pytorch\pytorch\pytorch\aten\src\ATen\SparseCsrTensorImpl.cpp:55.)
  C = torch.sparse.mm(A, B)

  0%|          | 0/12 [00:00<?, ?it/s]
100%|██████████| 12/12 [00:00<00:00, 68.75it/s]
100%|██████████| 12/12 [00:00<00:00, 68.35it/s]

  0%|          | 0/200 [00:00<?, ?it/s]D:\HeSF-Coarsen\external\SeHGNN\hgb\utils.py:214: FutureWarning: `torch.cuda.amp.autocast(args...)` is deprecated. Please use `torch.amp.autocast('cuda', args...)` instead.
  with torch.cuda.amp.autocast():

  0%|          | 1/200 [00:02<07:01,  2.12s/it]D:\HeSF-Coarsen\external\SeHGNN\hgb\utils.py:214: FutureWarning: `torch.cuda.amp.autocast(args...)` is deprecated. Please use `torch.amp.autocast('cuda', args...)` instead.
  with torch.cuda.amp.autocast():

  1%|          | 2/200 [00:04<06:49,  2.07s/it]D:\HeSF-Coarsen\external\SeHGNN\hgb\utils.py:214: FutureWarning: `torch.cuda.amp.autocast(args...)` is deprecated. Please use `torch.amp.autocast('cuda', args...)` instead.
  with torch.cuda.amp.autocast():

  2%|▏         | 3/200 [00:07<08:21,  2.55s/it]D:\HeSF-Coarsen\external\SeHGNN\hgb\utils.py:214: FutureWarning: `torch.cuda.amp.autocast(args...)` is deprecated. Please use `torch.amp.autocast('cuda', args...)` instead.
  with torch.cuda.amp.autocast():

  2%|▏         | 4/200 [00:09<07:47,  2.39s/it]D:\HeSF-Coarsen\external\SeHGNN\hgb\utils.py:214: FutureWarning: `torch.cuda.amp.autocast(args...)` is deprecated. Please use `torch.amp.autocast('cuda', args...)` instead.
  with torch.cuda.amp.autocast():

  2%|▎         | 5/200 [00:11<07:02,  2.17s/it]D:\HeSF-Coarsen\external\SeHGNN\hgb\utils.py:214: FutureWarning: `torch.cuda.amp.autocast(args...)` is deprecated. Please use `torch.amp.autocast('cuda', args...)` instead.
  with torch.cuda.amp.autocast():

  3%|▎         | 6/200 [00:12<06:31,  2.02s/it]D:\HeSF-Coarsen\external\SeHGNN\hgb\utils.py:214: FutureWarning: `torch.cuda.amp.autocast(args...)` is deprecated. Please use `torch.amp.autocast('cuda', args...)` instead.
  with torch.cuda.amp.autocast():

  4%|▎         | 7/200 [00:14<05:56,  1.85s/it]D:\HeSF-Coarsen\external\SeHGNN\hgb\utils.py:214: FutureWarning: `torch.cuda.amp.autocast(args...)` is deprecated. Please use `torch.amp.autocast('cuda', args...)` instead.
  with torch.cuda.amp.autocast():

  4%|▍         | 8/200 [00:16<06:19,  1.97s/it]D:\HeSF-Coarsen\external\SeHGNN\hgb\utils.py:214: FutureWarning: `torch.cuda.amp.autocast(args...)` is deprecated. Please use `torch.amp.autocast('cuda', args...)` instead.
  with torch.cuda.amp.autocast():

  4%|▍         | 9/200 [00:18<06:02,  1.90s/it]D:\HeSF-Coarsen\external\SeHGNN\hgb\utils.py:214: FutureWarning: `torch.cuda.amp.autocast(args...)` is deprecated. Please use `torch.amp.autocast('cuda', args...)` instead.
  with torch.cuda.amp.autocast():

  5%|▌         | 10/200 [00:19<05:41,  1.80s/it]D:\HeSF-Coarsen\external\SeHGNN\hgb\utils.py:214: FutureWarning: `torch.cuda.amp.autocast(args...)` is deprecated. Please use `torch.amp.autocast('cuda', args...)` instead.
  with torch.cuda.amp.autocast():

  6%|▌         | 11/200 [00:21<05:39,  1.80s/it]D:\HeSF-Coarsen\external\SeHGNN\hgb\utils.py:214: FutureWarning: `torch.cuda.amp.autocast(args...)` is deprecated. Please use `torch.amp.autocast('cuda', args...)` instead.
  with torch.cuda.amp.autocast():

  6%|▌         | 12/200 [00:23<05:34,  1.78s/it]D:\HeSF-Coarsen\external\SeHGNN\hgb\utils.py:214: FutureWarning: `torch.cuda.amp.autocast(args...)` is deprecated. Please use `torch.amp.autocast('cuda', args...)` instead.
  with torch.cuda.amp.autocast():

  6%|▋         | 13/200 [00:25<05:29,  1.76s/it]D:\HeSF-Coarsen\external\SeHGNN\hgb\utils.py:214: FutureWarning: `torch.cuda.amp.autocast(args...)` is deprecated. Please use `torch.amp.autocast('cuda', args...)` instead.
  with torch.cuda.amp.autocast():

  7%|▋         | 14/200 [00:27<05:34,  1.80s/it]D:\HeSF-Coarsen\external\SeHGNN\hgb\utils.py:214: FutureWarning: `torch.cuda.amp.autocast(args...)` is deprecated. Please use `torch.amp.autocast('cuda', args...)` instead.
  with torch.cuda.amp.autocast():

  8%|▊         | 15/200 [00:28<05:23,  1.75s/it]D:\HeSF-Coarsen\external\SeHGNN\hgb\utils.py:214: FutureWarning: `torch.cuda.amp.autocast(args...)` is deprecated. Please use `torch.amp.autocast('cuda', args...)` instead.
  with torch.cuda.amp.autocast():

  8%|▊         | 16/200 [00:30<05:23,  1.76s/it]D:\HeSF-Coarsen\external\SeHGNN\hgb\utils.py:214: FutureWarning: `torch.cuda.amp.autocast(args...)` is deprecated. Please use `torch.amp.autocast('cuda', args...)` instead.
  with torch.cuda.amp.autocast():

  8%|▊         | 17/200 [00:32<05:17,  1.74s/it]D:\HeSF-Coarsen\external\SeHGNN\hgb\utils.py:214: FutureWarning: `torch.cuda.amp.autocast(args...)` is deprecated. Please use `torch.amp.autocast('cuda', args...)` instead.
  with torch.cuda.amp.autocast():

  9%|▉         | 18/200 [00:34<05:19,  1.76s/it]D:\HeSF-Coarsen\external\SeHGNN\hgb\utils.py:214: FutureWarning: `torch.cuda.amp.autocast(args...)` is deprecated. Please use `torch.amp.autocast('cuda', args...)` instead.
  with torch.cuda.amp.autocast():

 10%|▉         | 19/200 [00:35<05:15,  1.74s/it]D:\HeSF-Coarsen\external\SeHGNN\hgb\utils.py:214: FutureWarning: `torch.cuda.amp.autocast(args...)` is deprecated. Please use `torch.amp.autocast('cuda', args...)` instead.
  with torch.cuda.amp.autocast():

 10%|█         | 20/200 [00:37<05:25,  1.81s/it]D:\HeSF-Coarsen\external\SeHGNN\hgb\utils.py:214: FutureWarning: `torch.cuda.amp.autocast(args...)` is deprecated. Please use `torch.amp.autocast('cuda', args...)` instead.
  with torch.cuda.amp.autocast():

 10%|█         | 21/200 [00:39<05:45,  1.93s/it]D:\HeSF-Coarsen\external\SeHGNN\hgb\utils.py:214: FutureWarning: `torch.cuda.amp.autocast(args...)` is deprecated. Please use `torch.amp.autocast('cuda', args...)` instead.
  with torch.cuda.amp.autocast():

 11%|█         | 22/200 [00:41<05:18,  1.79s/it]D:\HeSF-Coarsen\external\SeHGNN\hgb\utils.py:214: FutureWarning: `torch.cuda.amp.autocast(args...)` is deprecated. Please use `torch.amp.autocast('cuda', args...)` instead.
  with torch.cuda.amp.autocast():

 12%|█▏        | 23/200 [00:43<05:12,  1.77s/it]D:\HeSF-Coarsen\external\SeHGNN\hgb\utils.py:214: FutureWarning: `torch.cuda.amp.autocast(args...)` is deprecated. Please use `torch.amp.autocast('cuda', args...)` instead.
  with torch.cuda.amp.autocast():

 12%|█▏        | 24/200 [00:43<03:59,  1.36s/it]D:\HeSF-Coarsen\external\SeHGNN\hgb\utils.py:214: FutureWarning: `torch.cuda.amp.autocast(args...)` is deprecated. Please use `torch.amp.autocast('cuda', args...)` instead.
  with torch.cuda.amp.autocast():

 12%|█▎        | 25/200 [00:43<03:08,  1.08s/it]D:\HeSF-Coarsen\external\SeHGNN\hgb\utils.py:214: FutureWarning: `torch.cuda.amp.autocast(args...)` is deprecated. Please use `torch.amp.autocast('cuda', args...)` instead.
  with torch.cuda.amp.autocast():

 13%|█▎        | 26/200 [00:44<02:33,  1.13it/s]D:\HeSF-Coarsen\external\SeHGNN\hgb\utils.py:214: FutureWarning: `torch.cuda.amp.autocast(args...)` is deprecated. Please use `torch.amp.autocast('cuda', args...)` instead.
  with torch.cuda.amp.autocast():

 14%|█▎        | 27/200 [00:44<02:08,  1.34it/s]D:\HeSF-Coarsen\external\SeHGNN\hgb\utils.py:214: FutureWarning: `torch.cuda.amp.autocast(args...)` is deprecated. Please use `torch.amp.autocast('cuda', args...)` instead.
  with torch.cuda.amp.autocast():

 14%|█▍        | 28/200 [00:45<01:51,  1.55it/s]D:\HeSF-Coarsen\external\SeHGNN\hgb\utils.py:214: FutureWarning: `torch.cuda.amp.autocast(args...)` is deprecated. Please use `torch.amp.autocast('cuda', args...)` instead.
  with torch.cuda.amp.autocast():

 14%|█▍        | 29/200 [00:45<01:39,  1.72it/s]D:\HeSF-Coarsen\external\SeHGNN\hgb\utils.py:214: FutureWarning: `torch.cuda.amp.autocast(args...)` is deprecated. Please use `torch.amp.autocast('cuda', args...)` instead.
  with torch.cuda.amp.autocast():

 15%|█▌        | 30/200 [00:46<01:32,  1.84it/s]D:\HeSF-Coarsen\external\SeHGNN\hgb\utils.py:214: FutureWarning: `torch.cuda.amp.autocast(args...)` is deprecated. Please use `torch.amp.autocast('cuda', args...)` instead.
  with torch.cuda.amp.autocast():

 16%|█▌        | 31/200 [00:47<02:27,  1.14it/s]D:\HeSF-Coarsen\external\SeHGNN\hgb\utils.py:214: FutureWarning: `torch.cuda.amp.autocast(args...)` is deprecated. Please use `torch.amp.autocast('cuda', args...)` instead.
  with torch.cuda.amp.autocast():

 16%|█▌        | 32/200 [00:48<02:04,  1.35it/s]D:\HeSF-Coarsen\external\SeHGNN\hgb\utils.py:214: FutureWarning: `torch.cuda.amp.autocast(args...)` is deprecated. Please use `torch.amp.autocast('cuda', args...)` instead.
  with torch.cuda.amp.autocast():

 16%|█▋        | 33/200 [00:48<01:47,  1.55it/s]D:\HeSF-Coarsen\external\SeHGNN\hgb\utils.py:214: FutureWarning: `torch.cuda.amp.autocast(args...)` is deprecated. Please use `torch.amp.autocast('cuda', args...)` instead.
  with torch.cuda.amp.autocast():

 17%|█▋        | 34/200 [00:48<01:36,  1.72it/s]D:\HeSF-Coarsen\external\SeHGNN\hgb\utils.py:214: FutureWarning: `torch.cuda.amp.autocast(args...)` is deprecated. Please use `torch.amp.autocast('cuda', args...)` instead.
  with torch.cuda.amp.autocast():

 18%|█▊        | 35/200 [00:49<01:28,  1.87it/s]D:\HeSF-Coarsen\external\SeHGNN\hgb\utils.py:214: FutureWarning: `torch.cuda.amp.autocast(args...)` is deprecated. Please use `torch.amp.autocast('cuda', args...)` instead.
  with torch.cuda.amp.autocast():

 18%|█▊        | 36/200 [00:49<01:22,  2.00it/s]D:\HeSF-Coarsen\external\SeHGNN\hgb\utils.py:214: FutureWarning: `torch.cuda.amp.autocast(args...)` is deprecated. Please use `torch.amp.autocast('cuda', args...)` instead.
  with torch.cuda.amp.autocast():

 18%|█▊        | 37/200 [00:50<01:17,  2.10it/s]D:\HeSF-Coarsen\external\SeHGNN\hgb\utils.py:214: FutureWarning: `torch.cuda.amp.autocast(args...)` is deprecated. Please use `torch.amp.autocast('cuda', args...)` instead.
  with torch.cuda.amp.autocast():

 19%|█▉        | 38/200 [00:50<01:16,  2.11it/s]D:\HeSF-Coarsen\external\SeHGNN\hgb\utils.py:214: FutureWarning: `torch.cuda.amp.autocast(args...)` is deprecated. Please use `torch.amp.autocast('cuda', args...)` instead.
  with torch.cuda.amp.autocast():

 20%|█▉        | 39/200 [00:51<01:14,  2.15it/s]D:\HeSF-Coarsen\external\SeHGNN\hgb\utils.py:214: FutureWarning: `torch.cuda.amp.autocast(args...)` is deprecated. Please use `torch.amp.autocast('cuda', args...)` instead.
  with torch.cuda.amp.autocast():

 20%|██        | 40/200 [00:51<01:12,  2.21it/s]D:\HeSF-Coarsen\external\SeHGNN\hgb\utils.py:214: FutureWarning: `torch.cuda.amp.autocast(args...)` is deprecated. Please use `torch.amp.autocast('cuda', args...)` instead.
  with torch.cuda.amp.autocast():

 20%|██        | 41/200 [00:52<01:10,  2.25it/s]D:\HeSF-Coarsen\external\SeHGNN\hgb\utils.py:214: FutureWarning: `torch.cuda.amp.autocast(args...)` is deprecated. Please use `torch.amp.autocast('cuda', args...)` instead.
  with torch.cuda.amp.autocast():

 21%|██        | 42/200 [00:52<01:09,  2.26it/s]D:\HeSF-Coarsen\external\SeHGNN\hgb\utils.py:214: FutureWarning: `torch.cuda.amp.autocast(args...)` is deprecated. Please use `torch.amp.autocast('cuda', args...)` instead.
  with torch.cuda.amp.autocast():

 22%|██▏       | 43/200 [00:52<01:08,  2.28it/s]D:\HeSF-Coarsen\external\SeHGNN\hgb\utils.py:214: FutureWarning: `torch.cuda.amp.autocast(args...)` is deprecated. Please use `torch.amp.autocast('cuda', args...)` instead.
  with torch.cuda.amp.autocast():

 22%|██▏       | 44/200 [00:53<01:08,  2.27it/s]D:\HeSF-Coarsen\external\SeHGNN\hgb\utils.py:214: FutureWarning: `torch.cuda.amp.autocast(args...)` is deprecated. Please use `torch.amp.autocast('cuda', args...)` instead.
  with torch.cuda.amp.autocast():

 22%|██▎       | 45/200 [00:53<01:07,  2.29it/s]D:\HeSF-Coarsen\external\SeHGNN\hgb\utils.py:214: FutureWarning: `torch.cuda.amp.autocast(args...)` is deprecated. Please use `torch.amp.autocast('cuda', args...)` instead.
  with torch.cuda.amp.autocast():

 23%|██▎       | 46/200 [00:54<01:07,  2.28it/s]D:\HeSF-Coarsen\external\SeHGNN\hgb\utils.py:214: FutureWarning: `torch.cuda.amp.autocast(args...)` is deprecated. Please use `torch.amp.autocast('cuda', args...)` instead.
  with torch.cuda.amp.autocast():

 24%|██▎       | 47/200 [00:54<01:06,  2.29it/s]D:\HeSF-Coarsen\external\SeHGNN\hgb\utils.py:214: FutureWarning: `torch.cuda.amp.autocast(args...)` is deprecated. Please use `torch.amp.autocast('cuda', args...)` instead.
  with torch.cuda.amp.autocast():

 24%|██▍       | 48/200 [00:55<01:06,  2.30it/s]D:\HeSF-Coarsen\external\SeHGNN\hgb\utils.py:214: FutureWarning: `torch.cuda.amp.autocast(args...)` is deprecated. Please use `torch.amp.autocast('cuda', args...)` instead.
  with torch.cuda.amp.autocast():

 24%|██▍       | 49/200 [00:55<01:05,  2.32it/s]D:\HeSF-Coarsen\external\SeHGNN\hgb\utils.py:214: FutureWarning: `torch.cuda.amp.autocast(args...)` is deprecated. Please use `torch.amp.autocast('cuda', args...)` instead.
  with torch.cuda.amp.autocast():

 25%|██▌       | 50/200 [00:55<01:03,  2.35it/s]D:\HeSF-Coarsen\external\SeHGNN\hgb\utils.py:214: FutureWarning: `torch.cuda.amp.autocast(args...)` is deprecated. Please use `torch.amp.autocast('cuda', args...)` instead.
  with torch.cuda.amp.autocast():

 26%|██▌       | 51/200 [00:56<01:03,  2.36it/s]D:\HeSF-Coarsen\external\SeHGNN\hgb\utils.py:214: FutureWarning: `torch.cuda.amp.autocast(args...)` is deprecated. Please use `torch.amp.autocast('cuda', args...)` instead.
  with torch.cuda.amp.autocast():

 26%|██▌       | 52/200 [00:56<01:03,  2.33it/s]D:\HeSF-Coarsen\external\SeHGNN\hgb\utils.py:214: FutureWarning: `torch.cuda.amp.autocast(args...)` is deprecated. Please use `torch.amp.autocast('cuda', args...)` instead.
  with torch.cuda.amp.autocast():

 26%|██▋       | 53/200 [00:57<01:03,  2.33it/s]D:\HeSF-Coarsen\external\SeHGNN\hgb\utils.py:214: FutureWarning: `torch.cuda.amp.autocast(args...)` is deprecated. Please use `torch.amp.autocast('cuda', args...)` instead.
  with torch.cuda.amp.autocast():

 27%|██▋       | 54/200 [00:57<01:02,  2.34it/s]D:\HeSF-Coarsen\external\SeHGNN\hgb\utils.py:214: FutureWarning: `torch.cuda.amp.autocast(args...)` is deprecated. Please use `torch.amp.autocast('cuda', args...)` instead.
  with torch.cuda.amp.autocast():

 28%|██▊       | 55/200 [00:58<01:01,  2.35it/s]D:\HeSF-Coarsen\external\SeHGNN\hgb\utils.py:214: FutureWarning: `torch.cuda.amp.autocast(args...)` is deprecated. Please use `torch.amp.autocast('cuda', args...)` instead.
  with torch.cuda.amp.autocast():

 28%|██▊       | 56/200 [00:58<01:02,  2.32it/s]D:\HeSF-Coarsen\external\SeHGNN\hgb\utils.py:214: FutureWarning: `torch.cuda.amp.autocast(args...)` is deprecated. Please use `torch.amp.autocast('cuda', args...)` instead.
  with torch.cuda.amp.autocast():

 28%|██▊       | 57/200 [00:58<01:00,  2.35it/s]D:\HeSF-Coarsen\external\SeHGNN\hgb\utils.py:214: FutureWarning: `torch.cuda.amp.autocast(args...)` is deprecated. Please use `torch.amp.autocast('cuda', args...)` instead.
  with torch.cuda.amp.autocast():

 29%|██▉       | 58/200 [00:59<01:00,  2.35it/s]D:\HeSF-Coarsen\external\SeHGNN\hgb\utils.py:214: FutureWarning: `torch.cuda.amp.autocast(args...)` is deprecated. Please use `torch.amp.autocast('cuda', args...)` instead.
  with torch.cuda.amp.autocast():

 30%|██▉       | 59/200 [00:59<00:59,  2.36it/s]D:\HeSF-Coarsen\external\SeHGNN\hgb\utils.py:214: FutureWarning: `torch.cuda.amp.autocast(args...)` is deprecated. Please use `torch.amp.autocast('cuda', args...)` instead.
  with torch.cuda.amp.autocast():

 30%|███       | 60/200 [01:00<00:59,  2.37it/s]D:\HeSF-Coarsen\external\SeHGNN\hgb\utils.py:214: FutureWarning: `torch.cuda.amp.autocast(args...)` is deprecated. Please use `torch.amp.autocast('cuda', args...)` instead.
  with torch.cuda.amp.autocast():

 30%|███       | 61/200 [01:00<00:58,  2.36it/s]D:\HeSF-Coarsen\external\SeHGNN\hgb\utils.py:214: FutureWarning: `torch.cuda.amp.autocast(args...)` is deprecated. Please use `torch.amp.autocast('cuda', args...)` instead.
  with torch.cuda.amp.autocast():

 31%|███       | 62/200 [01:00<00:57,  2.38it/s]D:\HeSF-Coarsen\external\SeHGNN\hgb\utils.py:214: FutureWarning: `torch.cuda.amp.autocast(args...)` is deprecated. Please use `torch.amp.autocast('cuda', args...)` instead.
  with torch.cuda.amp.autocast():

 32%|███▏      | 63/200 [01:01<00:57,  2.38it/s]D:\HeSF-Coarsen\external\SeHGNN\hgb\utils.py:214: FutureWarning: `torch.cuda.amp.autocast(args...)` is deprecated. Please use `torch.amp.autocast('cuda', args...)` instead.
  with torch.cuda.amp.autocast():

 32%|███▏      | 64/200 [01:01<00:56,  2.39it/s]D:\HeSF-Coarsen\external\SeHGNN\hgb\utils.py:214: FutureWarning: `torch.cuda.amp.autocast(args...)` is deprecated. Please use `torch.amp.autocast('cuda', args...)` instead.
  with torch.cuda.amp.autocast():

 32%|███▎      | 65/200 [01:02<00:56,  2.39it/s]D:\HeSF-Coarsen\external\SeHGNN\hgb\utils.py:214: FutureWarning: `torch.cuda.amp.autocast(args...)` is deprecated. Please use `torch.amp.autocast('cuda', args...)` instead.
  with torch.cuda.amp.autocast():

 33%|███▎      | 66/200 [01:02<00:56,  2.37it/s]D:\HeSF-Coarsen\external\SeHGNN\hgb\utils.py:214: FutureWarning: `torch.cuda.amp.autocast(args...)` is deprecated. Please use `torch.amp.autocast('cuda', args...)` instead.
  with torch.cuda.amp.autocast():

 34%|███▎      | 67/200 [01:03<00:55,  2.39it/s]D:\HeSF-Coarsen\external\SeHGNN\hgb\utils.py:214: FutureWarning: `torch.cuda.amp.autocast(args...)` is deprecated. Please use `torch.amp.autocast('cuda', args...)` instead.
  with torch.cuda.amp.autocast():

 34%|███▍      | 68/200 [01:03<00:55,  2.36it/s]D:\HeSF-Coarsen\external\SeHGNN\hgb\utils.py:214: FutureWarning: `torch.cuda.amp.autocast(args...)` is deprecated. Please use `torch.amp.autocast('cuda', args...)` instead.
  with torch.cuda.amp.autocast():

 34%|███▍      | 69/200 [01:03<00:55,  2.37it/s]D:\HeSF-Coarsen\external\SeHGNN\hgb\utils.py:214: FutureWarning: `torch.cuda.amp.autocast(args...)` is deprecated. Please use `torch.amp.autocast('cuda', args...)` instead.
  with torch.cuda.amp.autocast():

 35%|███▌      | 70/200 [01:04<00:54,  2.37it/s]D:\HeSF-Coarsen\external\SeHGNN\hgb\utils.py:214: FutureWarning: `torch.cuda.amp.autocast(args...)` is deprecated. Please use `torch.amp.autocast('cuda', args...)` instead.
  with torch.cuda.amp.autocast():

 36%|███▌      | 71/200 [01:04<00:54,  2.38it/s]D:\HeSF-Coarsen\external\SeHGNN\hgb\utils.py:214: FutureWarning: `torch.cuda.amp.autocast(args...)` is deprecated. Please use `torch.amp.autocast('cuda', args...)` instead.
  with torch.cuda.amp.autocast():

 36%|███▌      | 72/200 [01:05<00:53,  2.38it/s]D:\HeSF-Coarsen\external\SeHGNN\hgb\utils.py:214: FutureWarning: `torch.cuda.amp.autocast(args...)` is deprecated. Please use `torch.amp.autocast('cuda', args...)` instead.
  with torch.cuda.amp.autocast():

 36%|███▋      | 73/200 [01:05<00:53,  2.37it/s]D:\HeSF-Coarsen\external\SeHGNN\hgb\utils.py:214: FutureWarning: `torch.cuda.amp.autocast(args...)` is deprecated. Please use `torch.amp.autocast('cuda', args...)` instead.
  with torch.cuda.amp.autocast():

 37%|███▋      | 74/200 [01:06<00:53,  2.36it/s]D:\HeSF-Coarsen\external\SeHGNN\hgb\utils.py:214: FutureWarning: `torch.cuda.amp.autocast(args...)` is deprecated. Please use `torch.amp.autocast('cuda', args...)` instead.
  with torch.cuda.amp.autocast():

 38%|███▊      | 75/200 [01:06<00:53,  2.33it/s]D:\HeSF-Coarsen\external\SeHGNN\hgb\utils.py:214: FutureWarning: `torch.cuda.amp.autocast(args...)` is deprecated. Please use `torch.amp.autocast('cuda', args...)` instead.
  with torch.cuda.amp.autocast():

 38%|███▊      | 76/200 [01:06<00:52,  2.35it/s]D:\HeSF-Coarsen\external\SeHGNN\hgb\utils.py:214: FutureWarning: `torch.cuda.amp.autocast(args...)` is deprecated. Please use `torch.amp.autocast('cuda', args...)` instead.
  with torch.cuda.amp.autocast():

 38%|███▊      | 77/200 [01:07<00:52,  2.36it/s]D:\HeSF-Coarsen\external\SeHGNN\hgb\utils.py:214: FutureWarning: `torch.cuda.amp.autocast(args...)` is deprecated. Please use `torch.amp.autocast('cuda', args...)` instead.
  with torch.cuda.amp.autocast():

 39%|███▉      | 78/200 [01:07<00:51,  2.35it/s]D:\HeSF-Coarsen\external\SeHGNN\hgb\utils.py:214: FutureWarning: `torch.cuda.amp.autocast(args...)` is deprecated. Please use `torch.amp.autocast('cuda', args...)` instead.
  with torch.cuda.amp.autocast():

 40%|███▉      | 79/200 [01:08<00:51,  2.34it/s]D:\HeSF-Coarsen\external\SeHGNN\hgb\utils.py:214: FutureWarning: `torch.cuda.amp.autocast(args...)` is deprecated. Please use `torch.amp.autocast('cuda', args...)` instead.
  with torch.cuda.amp.autocast():

 40%|████      | 80/200 [01:08<00:51,  2.34it/s]D:\HeSF-Coarsen\external\SeHGNN\hgb\utils.py:214: FutureWarning: `torch.cuda.amp.autocast(args...)` is deprecated. Please use `torch.amp.autocast('cuda', args...)` instead.
  with torch.cuda.amp.autocast():

 40%|████      | 81/200 [01:09<00:50,  2.35it/s]D:\HeSF-Coarsen\external\SeHGNN\hgb\utils.py:214: FutureWarning: `torch.cuda.amp.autocast(args...)` is deprecated. Please use `torch.amp.autocast('cuda', args...)` instead.
  with torch.cuda.amp.autocast():

 40%|████      | 81/200 [01:09<01:42,  1.17it/s]
