Namespace(seeds=[1], dataset='DBLP', gpu=0, cpu=False, root='D:\\HeSF-Coarsen\\outputs\\gate21_17_smoke\\exports\\DBLP\\1\\Random_edge_relwise\\structural_storage_ratio_0p2\\official_trainval', epoch=200, embed_size=512, num_hops=2, label_feats=True, num_label_hops=4, n_fp_layers=2, n_task_layers=3, hidden=512, dropout=0.5, input_drop=0.5, att_drop=0.0, act='none', residual=True, amp=True, lr=0.001, weight_decay=0, batch_size=10000, patience=50)
SparseTensor(row=tensor([   0,    1,    1,  ..., 4050, 4054, 4056]),
             col=tensor([ 2364,  2431,  2463,  ..., 13745, 13891, 13892]),
             size=(4057, 14328), nnz=3929, density=0.01%)
SparseTensor(row=tensor([    4,    12,    14,  ..., 14322, 14326, 14327]),
             col=tensor([ 269,  279,  283,  ..., 1640, 2408,  324]),
             size=(14328, 4057), nnz=3929, density=0.01%)
SparseTensor(row=tensor([    0,     1,     2,  ..., 14325, 14326, 14327]),
             col=tensor([   6,   26,   31,  ..., 1672,   68,  164]),
             size=(14328, 7723), nnz=17163, density=0.02%)
SparseTensor(row=tensor([    1,     4,     9,  ..., 14312, 14314, 14320]),
             col=tensor([ 0,  0,  0,  ..., 18, 18, 19]),
             size=(14328, 20), nnz=2866, density=1.00%)
SparseTensor(row=tensor([   0,    0,    0,  ..., 7713, 7718, 7719]),
             col=tensor([ 225,  531,  572,  ..., 5139, 5163, 5164]),
             size=(7723, 14328), nnz=17162, density=0.02%)
SparseTensor(row=tensor([ 0,  0,  0,  ..., 18, 18, 19]),
             col=tensor([    0,     9,    32,  ..., 14304, 14311, 14323]),
             size=(20, 14328), nnz=2866, density=1.00%)
Current num hops = 2 for feature propagation
A A-P PA
P P-A AP
P P-T TP
P P-V VP
T T-P PT
V V-P PV
remove ['P']
remove ['T']
remove ['V']
-- hop=1 ---
A A torch.Size([4057, 334]) tensor(1.) tensor(0.0510)
A AP torch.Size([4057, 4231]) tensor(0.) tensor(0.)
P PA torch.Size([14328, 334]) tensor(1.) tensor(0.0359)
P PT torch.Size([14328, 50]) tensor(2.6744) tensor(0.0564)
P PV torch.Size([14328, 20]) tensor(1.) tensor(6.9793e-05)
T TP torch.Size([7723, 4231]) tensor(0.1250) tensor(2.8380e-05)
V VP torch.Size([20, 4231]) tensor(0.) tensor(0.)
------

PA P-A APA
PT P-A APT
PV P-A APV
remove ['PA', 'PT', 'PV']
remove ['TP']
remove ['VP']
-- hop=2 ---
A A torch.Size([4057, 334]) tensor(1.) tensor(0.0510)
A AP torch.Size([4057, 4231]) tensor(0.) tensor(0.)
A APA torch.Size([4057, 334]) tensor(1.) tensor(0.0161)
A APT torch.Size([4057, 50]) tensor(1.5538) tensor(0.0295)
A APV torch.Size([4057, 20]) tensor(0.) tensor(0.)
------

For tgt type A, feature keys (num=5):
A torch.Size([4057, 334])
AP torch.Size([4057, 4231])
APA torch.Size([4057, 334])
APT torch.Size([4057, 50])
APV torch.Size([4057, 20])

Time used for feat prop 0:00:00.154796
Restart with seed = 1
checkpt_file ./output/DBLP/3e7b63c113ca48ffbc57921c541c9b3d
#Train 974, #Val 243, #Test 2840
Current num hops = 4 for label propagation
Generating ... APA
Generating ... TPA
Generating ... VPA
remove ['PA']
Generating ... PAPA
Generating ... PTPA
Generating ... PVPA
remove ['TPA', 'VPA']
Generating ... APAPA
Generating ... APTPA
Generating ... APVPA
remove ['PAPA', 'PTPA', 'PVPA']
For label propagation, meta_adjs: (in SparseTensor mode)
APA [4057, 4057]
APAPA [4057, 4057]
APTPA [4057, 4057]
APVPA [4057, 4057]

APA tensor(0.3060) tensor(0.3663) tensor(0.3077) tensor(13.4893) tensor(13.3038) tensor(13.4903) tensor(-16.4640) tensor(-0.5822) tensor(-1.3939) tensor(0.0077)
APAPA tensor(0.3060) tensor(0.3580) tensor(0.3070) tensor(13.5054) tensor(13.3635) tensor(13.4775) tensor(-14.5437) tensor(-0.3542) tensor(-1.0616) tensor(-0.2069)
APTPA tensor(0.3429) tensor(0.3951) tensor(0.3454) tensor(10.5259) tensor(10.4610) tensor(10.4311) tensor(-13.1994) tensor(-0.7257) tensor(-0.6204) tensor(-0.9092)
APVPA tensor(0.3758) tensor(0.4156) tensor(0.3620) tensor(11.8212) tensor(11.6064) tensor(11.9167) tensor(-9.5920) tensor(3.8120) tensor(-1.8506) tensor(0.8018)
{'APAPA', 'APTPA', 'APA', 'APVPA'}
tensor(0.4466)
tensor(0.4979)
tensor(0.4408)
Involved label keys dict_keys(['APA', 'APAPA', 'APTPA', 'APVPA'])
Time used for label prop 0:00:00.230926
SeHGNN(
  (input_drop): Dropout(p=0.5, inplace=False)
  (embeding): ParameterDict(
      (A): Parameter containing: [torch.cuda.FloatTensor of size 334x512 (cuda:0)]
      (AP): Parameter containing: [torch.cuda.FloatTensor of size 4231x512 (cuda:0)]
      (APA): Parameter containing: [torch.cuda.FloatTensor of size 334x512 (cuda:0)]
      (APT): Parameter containing: [torch.cuda.FloatTensor of size 50x512 (cuda:0)]
      (APV): Parameter containing: [torch.cuda.FloatTensor of size 20x512 (cuda:0)]
  )
  (labels_embeding): ParameterDict(
      (APA): Parameter containing: [torch.cuda.FloatTensor of size 4x512 (cuda:0)]
      (APAPA): Parameter containing: [torch.cuda.FloatTensor of size 4x512 (cuda:0)]
      (APTPA): Parameter containing: [torch.cuda.FloatTensor of size 4x512 (cuda:0)]
      (APVPA): Parameter containing: [torch.cuda.FloatTensor of size 4x512 (cuda:0)]
  )
  (feature_projection): Sequential(
    (0): LinearPerMetapath()
    (1): LayerNorm((9, 512), eps=1e-05, elementwise_affine=True)
    (2): PReLU(num_parameters=1)
    (3): Dropout(p=0.5, inplace=False)
    (4): LinearPerMetapath()
    (5): LayerNorm((9, 512), eps=1e-05, elementwise_affine=True)
    (6): PReLU(num_parameters=1)
    (7): Dropout(p=0.5, inplace=False)
  )
  (semantic_fusion): Transformer(
    (query): Linear(in_features=512, out_features=128, bias=True)
    (key): Linear(in_features=512, out_features=128, bias=True)
    (value): Linear(in_features=512, out_features=512, bias=True)
    (att_drop): Dropout(p=0.0, inplace=False)
  )
  (fc_after_concat): Linear(in_features=4608, out_features=512, bias=True)
  (res_fc): Linear(in_features=512, out_features=512, bias=True)
  (task_mlp): Sequential(
    (0): PReLU(num_parameters=1)
    (1): Dropout(p=0.5, inplace=False)
    (2): Linear(in_features=512, out_features=512, bias=True)
    (3): BatchNorm1d(512, eps=1e-05, momentum=0.1, affine=False, track_running_stats=True)
    (4): PReLU(num_parameters=1)
    (5): Dropout(p=0.5, inplace=False)
    (6): Linear(in_features=512, out_features=512, bias=True)
    (7): BatchNorm1d(512, eps=1e-05, momentum=0.1, affine=False, track_running_stats=True)
    (8): PReLU(num_parameters=1)
    (9): Dropout(p=0.5, inplace=False)
    (10): Linear(in_features=512, out_features=4, bias=True)
    (11): BatchNorm1d(4, eps=1e-05, momentum=0.1, affine=False, track_running_stats=False)
  )
)
# Params: 10842378
Epoch 0, training Time(s): 0.2364, estimated train loss 1.6899, acc 24.6407, 24.5192
evaluation Time: 0.0798, Train loss: 1.6703, Val loss: 1.7445, Test loss: 1.7092
Train acc: (25.0513, 24.8230), Val acc: (26.3374, 25.8759), Test acc: (25.9859, 25.7900)

Epoch 1, training Time(s): 0.0520, estimated train loss 1.7145, acc 24.4353, 24.4141
evaluation Time: 0.0346, Train loss: 0.9010, Val loss: 0.9572, Test loss: 0.9890
Train acc: (66.7351, 66.5738), Val acc: (62.9630, 62.2005), Test acc: (60.4577, 60.1721)

Epoch 2, training Time(s): 0.0209, estimated train loss 1.4306, acc 35.3183, 34.9208
evaluation Time: 0.0344, Train loss: 0.7994, Val loss: 0.8420, Test loss: 0.8860
Train acc: (72.5873, 72.2786), Val acc: (67.9012, 67.3267), Test acc: (67.3944, 67.0197)

Epoch 3, training Time(s): 0.0205, estimated train loss 1.2490, acc 45.8932, 45.6439
evaluation Time: 0.0360, Train loss: 0.7446, Val loss: 0.7845, Test loss: 0.8365
Train acc: (75.9754, 75.5878), Val acc: (71.1934, 70.5615), Test acc: (70.3169, 69.9665)

Epoch 4, training Time(s): 0.0210, estimated train loss 1.0942, acc 52.7721, 52.7088
evaluation Time: 0.0362, Train loss: 0.7073, Val loss: 0.7508, Test loss: 0.8072
Train acc: (79.0554, 78.6960), Val acc: (73.2510, 72.5463), Test acc: (71.9366, 71.5215)

Epoch 5, training Time(s): 0.0225, estimated train loss 0.9886, acc 58.1109, 57.7203
evaluation Time: 0.0352, Train loss: 0.6803, Val loss: 0.7254, Test loss: 0.7870
Train acc: (80.2875, 79.9628), Val acc: (74.8971, 74.1582), Test acc: (73.5211, 73.0588)

Epoch 6, training Time(s): 0.0174, estimated train loss 0.9250, acc 64.9897, 64.4679
evaluation Time: 0.0339, Train loss: 0.6586, Val loss: 0.7058, Test loss: 0.7720
Train acc: (81.4168, 81.1361), Val acc: (75.7202, 75.0987), Test acc: (74.2606, 73.8272)

Epoch 7, training Time(s): 0.0199, estimated train loss 0.8739, acc 69.4045, 69.1249
evaluation Time: 0.0339, Train loss: 0.6416, Val loss: 0.6923, Test loss: 0.7615
Train acc: (82.6489, 82.3694), Val acc: (76.5432, 75.9857), Test acc: (74.7183, 74.2973)

Epoch 8, training Time(s): 0.0221, estimated train loss 0.8614, acc 69.9179, 69.4867
evaluation Time: 0.0335, Train loss: 0.6264, Val loss: 0.6819, Test loss: 0.7527
Train acc: (83.4702, 83.1173), Val acc: (77.7778, 77.4658), Test acc: (75.4930, 75.0992)

Epoch 9, training Time(s): 0.0213, estimated train loss 0.8207, acc 72.3819, 71.8849
evaluation Time: 0.0358, Train loss: 0.6117, Val loss: 0.6730, Test loss: 0.7442
Train acc: (83.9836, 83.5941), Val acc: (78.1893, 77.8101), Test acc: (75.9155, 75.5567)

Epoch 10, training Time(s): 0.0207, estimated train loss 0.8157, acc 71.5606, 71.2113
evaluation Time: 0.0346, Train loss: 0.5981, Val loss: 0.6649, Test loss: 0.7366
Train acc: (84.1889, 83.7776), Val acc: (77.7778, 77.3289), Test acc: (76.3380, 75.9751)
	Current best at epoch 10 with Val loss 0.6649 (77.7778, 77.3289), Test loss 0.7366 (76.3380, 75.9751)
Epoch 11, training Time(s): 0.0179, estimated train loss 0.7720, acc 76.0780, 75.5524
evaluation Time: 0.0331, Train loss: 0.5854, Val loss: 0.6577, Test loss: 0.7295
Train acc: (85.0103, 84.5623), Val acc: (77.3663, 76.8660), Test acc: (76.5141, 76.1711)

Epoch 12, training Time(s): 0.0178, estimated train loss 0.7555, acc 76.4887, 75.9914
evaluation Time: 0.0337, Train loss: 0.5732, Val loss: 0.6514, Test loss: 0.7229
Train acc: (85.6263, 85.2117), Val acc: (79.0123, 78.6158), Test acc: (76.7958, 76.4421)

Epoch 13, training Time(s): 0.0184, estimated train loss 0.7531, acc 76.1807, 75.8819
evaluation Time: 0.0347, Train loss: 0.5616, Val loss: 0.6462, Test loss: 0.7167
Train acc: (85.9343, 85.5265), Val acc: (79.4239, 79.0240), Test acc: (77.1479, 76.8128)

Epoch 14, training Time(s): 0.0197, estimated train loss 0.7181, acc 79.2608, 78.9599
evaluation Time: 0.0344, Train loss: 0.5503, Val loss: 0.6410, Test loss: 0.7106
Train acc: (86.5503, 86.1335), Val acc: (79.4239, 79.0240), Test acc: (77.4296, 77.0739)

Epoch 15, training Time(s): 0.0205, estimated train loss 0.7144, acc 78.7474, 78.2772
evaluation Time: 0.0349, Train loss: 0.5398, Val loss: 0.6366, Test loss: 0.7054
Train acc: (87.1663, 86.7717), Val acc: (80.2469, 79.9030), Test acc: (77.6761, 77.3245)

Epoch 16, training Time(s): 0.0178, estimated train loss 0.7026, acc 78.6448, 78.3344
evaluation Time: 0.0345, Train loss: 0.5297, Val loss: 0.6327, Test loss: 0.7005
Train acc: (87.7823, 87.4251), Val acc: (79.4239, 79.0727), Test acc: (78.4155, 78.0680)

Epoch 17, training Time(s): 0.0208, estimated train loss 0.6671, acc 79.6715, 79.2399
evaluation Time: 0.0341, Train loss: 0.5203, Val loss: 0.6294, Test loss: 0.6963
Train acc: (88.2957, 87.9555), Val acc: (79.8354, 79.4151), Test acc: (78.6268, 78.2721)

Epoch 18, training Time(s): 0.0198, estimated train loss 0.6694, acc 80.9035, 80.3788
evaluation Time: 0.0339, Train loss: 0.5115, Val loss: 0.6268, Test loss: 0.6928
Train acc: (88.7064, 88.3827), Val acc: (79.4239, 78.9449), Test acc: (79.0845, 78.6957)

Epoch 19, training Time(s): 0.0201, estimated train loss 0.6584, acc 82.1355, 81.8477
evaluation Time: 0.0366, Train loss: 0.5031, Val loss: 0.6247, Test loss: 0.6895
Train acc: (89.0144, 88.7078), Val acc: (79.4239, 78.9172), Test acc: (79.2606, 78.8774)

Epoch 20, training Time(s): 0.0171, estimated train loss 0.6568, acc 82.0329, 81.8088
evaluation Time: 0.0342, Train loss: 0.4949, Val loss: 0.6231, Test loss: 0.6868
Train acc: (89.4251, 89.1567), Val acc: (79.8354, 79.3741), Test acc: (79.4366, 79.0460)
	Current best at epoch 20 with Val loss 0.6231 (79.8354, 79.3741), Test loss 0.6868 (79.4366, 79.0460)
Epoch 21, training Time(s): 0.0196, estimated train loss 0.6251, acc 84.7023, 84.2785
evaluation Time: 0.0358, Train loss: 0.4870, Val loss: 0.6216, Test loss: 0.6845
Train acc: (90.2464, 89.9149), Val acc: (79.8354, 79.3815), Test acc: (79.4014, 79.0082)

Epoch 22, training Time(s): 0.0192, estimated train loss 0.6343, acc 82.8542, 82.5511
evaluation Time: 0.0332, Train loss: 0.4793, Val loss: 0.6203, Test loss: 0.6826
Train acc: (90.3491, 90.0344), Val acc: (79.8354, 79.3815), Test acc: (79.5423, 79.1571)

Epoch 23, training Time(s): 0.0190, estimated train loss 0.6247, acc 83.3676, 82.9391
evaluation Time: 0.0324, Train loss: 0.4719, Val loss: 0.6189, Test loss: 0.6807
Train acc: (91.0678, 90.7597), Val acc: (80.2469, 79.8404), Test acc: (79.5775, 79.1810)

Epoch 24, training Time(s): 0.0207, estimated train loss 0.6248, acc 85.6263, 85.4034
evaluation Time: 0.0333, Train loss: 0.4646, Val loss: 0.6177, Test loss: 0.6792
Train acc: (92.0945, 91.8937), Val acc: (81.0700, 80.7564), Test acc: (79.5423, 79.1994)

Epoch 25, training Time(s): 0.0185, estimated train loss 0.5986, acc 84.9076, 84.4443
evaluation Time: 0.0347, Train loss: 0.4576, Val loss: 0.6165, Test loss: 0.6777
Train acc: (92.9158, 92.7189), Val acc: (81.0700, 80.7564), Test acc: (79.3310, 78.9739)

Epoch 26, training Time(s): 0.0207, estimated train loss 0.6134, acc 84.4969, 84.3128
evaluation Time: 0.0343, Train loss: 0.4507, Val loss: 0.6153, Test loss: 0.6763
Train acc: (93.0185, 92.8138), Val acc: (81.0700, 80.6485), Test acc: (79.3310, 79.0113)

Epoch 27, training Time(s): 0.0173, estimated train loss 0.5843, acc 86.3450, 86.1309
evaluation Time: 0.0342, Train loss: 0.4439, Val loss: 0.6139, Test loss: 0.6749
Train acc: (93.4292, 93.2413), Val acc: (81.0700, 80.6485), Test acc: (79.3310, 79.0025)

Epoch 28, training Time(s): 0.0177, estimated train loss 0.5856, acc 86.2423, 85.8530
evaluation Time: 0.0316, Train loss: 0.4373, Val loss: 0.6126, Test loss: 0.6735
Train acc: (93.6345, 93.4609), Val acc: (80.6584, 80.1921), Test acc: (79.2958, 78.9906)

Epoch 29, training Time(s): 0.0213, estimated train loss 0.5783, acc 86.1396, 85.8559
evaluation Time: 0.0334, Train loss: 0.4308, Val loss: 0.6113, Test loss: 0.6722
Train acc: (93.8398, 93.6499), Val acc: (80.6584, 80.1921), Test acc: (79.2606, 78.9457)

Epoch 30, training Time(s): 0.0204, estimated train loss 0.5556, acc 89.3224, 88.9138
evaluation Time: 0.0365, Train loss: 0.4244, Val loss: 0.6105, Test loss: 0.6712
Train acc: (93.6345, 93.4465), Val acc: (80.6584, 80.1921), Test acc: (79.1197, 78.7972)
	Current best at epoch 30 with Val loss 0.6105 (80.6584, 80.1921), Test loss 0.6712 (79.1197, 78.7972)
Epoch 31, training Time(s): 0.0195, estimated train loss 0.5783, acc 87.2690, 87.0116
evaluation Time: 0.0345, Train loss: 0.4181, Val loss: 0.6094, Test loss: 0.6702
Train acc: (94.2505, 94.0940), Val acc: (80.2469, 79.7252), Test acc: (79.0141, 78.6873)

Epoch 32, training Time(s): 0.0210, estimated train loss 0.5628, acc 86.4476, 86.2461
evaluation Time: 0.0332, Train loss: 0.4119, Val loss: 0.6083, Test loss: 0.6693
Train acc: (94.4559, 94.2820), Val acc: (80.6584, 80.0896), Test acc: (78.9085, 78.5705)

Epoch 33, training Time(s): 0.0195, estimated train loss 0.5530, acc 87.1663, 86.9780
evaluation Time: 0.0354, Train loss: 0.4060, Val loss: 0.6073, Test loss: 0.6688
Train acc: (94.6612, 94.5094), Val acc: (80.6584, 80.0896), Test acc: (78.7676, 78.3710)

Epoch 34, training Time(s): 0.0201, estimated train loss 0.5571, acc 87.2690, 87.0262
evaluation Time: 0.0335, Train loss: 0.4002, Val loss: 0.6064, Test loss: 0.6683
Train acc: (94.8665, 94.7261), Val acc: (81.0700, 80.4524), Test acc: (78.6268, 78.2248)

Epoch 35, training Time(s): 0.0178, estimated train loss 0.5288, acc 90.1437, 89.8815
evaluation Time: 0.0341, Train loss: 0.3944, Val loss: 0.6060, Test loss: 0.6679
Train acc: (94.8665, 94.7294), Val acc: (80.2469, 79.6382), Test acc: (78.5211, 78.1111)

Epoch 36, training Time(s): 0.0179, estimated train loss 0.5405, acc 88.8090, 88.5862
evaluation Time: 0.0339, Train loss: 0.3887, Val loss: 0.6055, Test loss: 0.6676
Train acc: (95.2772, 95.1562), Val acc: (79.8354, 79.1996), Test acc: (78.5563, 78.1821)

Epoch 37, training Time(s): 0.0192, estimated train loss 0.5373, acc 87.7823, 87.4589
evaluation Time: 0.0336, Train loss: 0.3831, Val loss: 0.6052, Test loss: 0.6674
Train acc: (95.3799, 95.2697), Val acc: (80.2469, 79.6788), Test acc: (78.4859, 78.0803)

Epoch 38, training Time(s): 0.0186, estimated train loss 0.5118, acc 90.3491, 89.9856
evaluation Time: 0.0337, Train loss: 0.3776, Val loss: 0.6050, Test loss: 0.6671
Train acc: (95.4825, 95.3694), Val acc: (79.0123, 78.3201), Test acc: (78.5211, 78.1193)

Epoch 39, training Time(s): 0.0187, estimated train loss 0.5131, acc 90.7598, 90.4710
evaluation Time: 0.0316, Train loss: 0.3723, Val loss: 0.6051, Test loss: 0.6670
Train acc: (95.6879, 95.5591), Val acc: (79.0123, 78.3201), Test acc: (78.4859, 78.0727)

Epoch 40, training Time(s): 0.0186, estimated train loss 0.5078, acc 89.5277, 89.3724
evaluation Time: 0.0346, Train loss: 0.3672, Val loss: 0.6053, Test loss: 0.6669
Train acc: (95.7906, 95.6675), Val acc: (79.0123, 78.3752), Test acc: (78.3803, 77.9549)
	Current best at epoch 38 with Val loss 0.6050 (79.0123, 78.3201), Test loss 0.6671 (78.5211, 78.1193)
Epoch 41, training Time(s): 0.0215, estimated train loss 0.5199, acc 89.9384, 89.7859
evaluation Time: 0.0341, Train loss: 0.3621, Val loss: 0.6056, Test loss: 0.6667
Train acc: (95.8932, 95.7596), Val acc: (79.0123, 78.3798), Test acc: (78.2746, 77.8609)

Epoch 42, training Time(s): 0.0186, estimated train loss 0.5144, acc 90.4517, 90.2640
evaluation Time: 0.0333, Train loss: 0.3573, Val loss: 0.6059, Test loss: 0.6664
Train acc: (95.9959, 95.8940), Val acc: (79.4239, 78.7973), Test acc: (78.3099, 77.8981)

Epoch 43, training Time(s): 0.0178, estimated train loss 0.4996, acc 90.4517, 90.2088
evaluation Time: 0.0340, Train loss: 0.3526, Val loss: 0.6063, Test loss: 0.6663
Train acc: (95.9959, 95.8940), Val acc: (79.4239, 78.7973), Test acc: (78.2042, 77.7934)

Epoch 44, training Time(s): 0.0188, estimated train loss 0.4916, acc 91.9918, 91.8758
evaluation Time: 0.0360, Train loss: 0.3479, Val loss: 0.6065, Test loss: 0.6662
Train acc: (96.0986, 95.9938), Val acc: (79.4239, 78.7973), Test acc: (78.0634, 77.6757)

Epoch 45, training Time(s): 0.0196, estimated train loss 0.4966, acc 91.0678, 90.8219
evaluation Time: 0.0349, Train loss: 0.3433, Val loss: 0.6069, Test loss: 0.6661
Train acc: (96.0986, 95.9938), Val acc: (79.8354, 79.1391), Test acc: (77.9577, 77.5654)

Epoch 46, training Time(s): 0.0181, estimated train loss 0.4907, acc 91.0678, 90.8245
evaluation Time: 0.0333, Train loss: 0.3387, Val loss: 0.6073, Test loss: 0.6663
Train acc: (96.3039, 96.1812), Val acc: (79.8354, 79.1391), Test acc: (77.8169, 77.4053)

Epoch 47, training Time(s): 0.0183, estimated train loss 0.4876, acc 91.4784, 91.1813
evaluation Time: 0.0310, Train loss: 0.3342, Val loss: 0.6078, Test loss: 0.6665
Train acc: (96.4066, 96.2945), Val acc: (80.2469, 79.6000), Test acc: (77.7113, 77.2870)

Epoch 48, training Time(s): 0.0208, estimated train loss 0.4757, acc 91.7864, 91.6183
evaluation Time: 0.0342, Train loss: 0.3299, Val loss: 0.6084, Test loss: 0.6667
Train acc: (96.5092, 96.4079), Val acc: (80.6584, 79.9660), Test acc: (77.7465, 77.3278)

Epoch 49, training Time(s): 0.0223, estimated train loss 0.4747, acc 91.2731, 91.0315
evaluation Time: 0.0340, Train loss: 0.3257, Val loss: 0.6088, Test loss: 0.6669
Train acc: (96.7146, 96.6366), Val acc: (80.2469, 79.6000), Test acc: (77.7113, 77.2942)

Epoch 50, training Time(s): 0.0195, estimated train loss 0.4681, acc 92.8131, 92.5314
evaluation Time: 0.0355, Train loss: 0.3217, Val loss: 0.6093, Test loss: 0.6674
Train acc: (96.8172, 96.7503), Val acc: (80.2469, 79.6630), Test acc: (77.8521, 77.4511)
	Current best at epoch 38 with Val loss 0.6050 (79.0123, 78.3201), Test loss 0.6671 (78.5211, 78.1193)
Epoch 51, training Time(s): 0.0191, estimated train loss 0.4725, acc 91.9918, 91.8297
evaluation Time: 0.0344, Train loss: 0.3178, Val loss: 0.6098, Test loss: 0.6679
Train acc: (97.0226, 96.9672), Val acc: (80.2469, 79.6630), Test acc: (77.8521, 77.4468)

Epoch 52, training Time(s): 0.0180, estimated train loss 0.4647, acc 92.1971, 92.0403
evaluation Time: 0.0328, Train loss: 0.3143, Val loss: 0.6101, Test loss: 0.6687
Train acc: (97.0226, 96.9672), Val acc: (80.2469, 79.6630), Test acc: (77.8521, 77.4438)

Epoch 53, training Time(s): 0.0199, estimated train loss 0.4643, acc 91.9918, 91.7777
evaluation Time: 0.0325, Train loss: 0.3110, Val loss: 0.6106, Test loss: 0.6693
Train acc: (97.0226, 96.9672), Val acc: (80.2469, 79.6630), Test acc: (77.9225, 77.5135)

Epoch 54, training Time(s): 0.0212, estimated train loss 0.4551, acc 93.2238, 93.0239
evaluation Time: 0.0341, Train loss: 0.3079, Val loss: 0.6114, Test loss: 0.6701
Train acc: (97.1253, 97.0823), Val acc: (81.0700, 80.5013), Test acc: (77.7113, 77.2925)

Epoch 55, training Time(s): 0.0206, estimated train loss 0.4502, acc 93.1211, 92.8678
evaluation Time: 0.0375, Train loss: 0.3050, Val loss: 0.6126, Test loss: 0.6707
Train acc: (97.2279, 97.1814), Val acc: (80.6584, 80.0292), Test acc: (77.7113, 77.3002)

Epoch 56, training Time(s): 0.0205, estimated train loss 0.4537, acc 93.4292, 93.3291
evaluation Time: 0.0361, Train loss: 0.3022, Val loss: 0.6140, Test loss: 0.6714
Train acc: (97.4333, 97.3843), Val acc: (80.6584, 80.0292), Test acc: (77.6408, 77.2095)

Epoch 57, training Time(s): 0.0212, estimated train loss 0.4483, acc 92.8131, 92.6917
evaluation Time: 0.0335, Train loss: 0.2995, Val loss: 0.6156, Test loss: 0.6721
Train acc: (97.4333, 97.3843), Val acc: (80.6584, 80.0292), Test acc: (77.5000, 77.0600)

Epoch 58, training Time(s): 0.0220, estimated train loss 0.4491, acc 92.7105, 92.5197
evaluation Time: 0.0351, Train loss: 0.2970, Val loss: 0.6171, Test loss: 0.6728
Train acc: (97.6386, 97.5936), Val acc: (80.6584, 79.9656), Test acc: (77.5000, 77.0494)

Epoch 59, training Time(s): 0.0184, estimated train loss 0.4426, acc 93.4292, 93.3383
evaluation Time: 0.0341, Train loss: 0.2946, Val loss: 0.6184, Test loss: 0.6735
Train acc: (97.6386, 97.5936), Val acc: (80.6584, 79.9656), Test acc: (77.5352, 77.0870)

Epoch 60, training Time(s): 0.0203, estimated train loss 0.4416, acc 94.1478, 94.0620
evaluation Time: 0.0340, Train loss: 0.2921, Val loss: 0.6194, Test loss: 0.6742
Train acc: (97.7413, 97.6910), Val acc: (80.6584, 79.9656), Test acc: (77.3944, 76.9193)
	Current best at epoch 38 with Val loss 0.6050 (79.0123, 78.3201), Test loss 0.6671 (78.5211, 78.1193)
Epoch 61, training Time(s): 0.0235, estimated train loss 0.4279, acc 93.8398, 93.6993
evaluation Time: 0.0366, Train loss: 0.2898, Val loss: 0.6207, Test loss: 0.6750
Train acc: (97.7413, 97.6910), Val acc: (80.6584, 79.9579), Test acc: (77.3239, 76.8590)

Epoch 62, training Time(s): 0.0214, estimated train loss 0.4259, acc 94.0452, 93.8778
evaluation Time: 0.0351, Train loss: 0.2875, Val loss: 0.6220, Test loss: 0.6758
Train acc: (97.7413, 97.6910), Val acc: (80.6584, 79.9660), Test acc: (77.2535, 76.7816)

Epoch 63, training Time(s): 0.0188, estimated train loss 0.4264, acc 94.2505, 94.1928
evaluation Time: 0.0335, Train loss: 0.2851, Val loss: 0.6233, Test loss: 0.6765
Train acc: (97.8439, 97.8053), Val acc: (80.6584, 79.9660), Test acc: (77.1479, 76.6568)

Epoch 64, training Time(s): 0.0200, estimated train loss 0.4244, acc 93.5318, 93.3839
evaluation Time: 0.0349, Train loss: 0.2829, Val loss: 0.6239, Test loss: 0.6770
Train acc: (97.8439, 97.8053), Val acc: (80.6584, 79.9660), Test acc: (77.1479, 76.6786)

Epoch 65, training Time(s): 0.0207, estimated train loss 0.4320, acc 93.8398, 93.7488
evaluation Time: 0.0326, Train loss: 0.2808, Val loss: 0.6241, Test loss: 0.6776
Train acc: (97.8439, 97.8053), Val acc: (81.0700, 80.4277), Test acc: (77.1831, 76.7260)

Epoch 66, training Time(s): 0.0189, estimated train loss 0.4208, acc 94.4559, 94.3313
evaluation Time: 0.0337, Train loss: 0.2786, Val loss: 0.6240, Test loss: 0.6783
Train acc: (97.8439, 97.8053), Val acc: (81.4815, 80.8315), Test acc: (77.0775, 76.6255)

Epoch 67, training Time(s): 0.0219, estimated train loss 0.4163, acc 94.3532, 94.2249
evaluation Time: 0.0359, Train loss: 0.2765, Val loss: 0.6241, Test loss: 0.6789
Train acc: (97.8439, 97.8053), Val acc: (81.4815, 80.8315), Test acc: (77.0775, 76.6016)

Epoch 68, training Time(s): 0.0170, estimated train loss 0.4157, acc 94.1478, 94.0441
evaluation Time: 0.0318, Train loss: 0.2745, Val loss: 0.6245, Test loss: 0.6797
Train acc: (97.8439, 97.8053), Val acc: (81.0700, 80.3677), Test acc: (77.2183, 76.7572)

Epoch 69, training Time(s): 0.0197, estimated train loss 0.4190, acc 94.0452, 93.9359
evaluation Time: 0.0330, Train loss: 0.2727, Val loss: 0.6244, Test loss: 0.6801
Train acc: (97.8439, 97.8053), Val acc: (81.0700, 80.3677), Test acc: (77.2887, 76.8332)

Epoch 70, training Time(s): 0.0181, estimated train loss 0.4121, acc 94.5585, 94.5686
evaluation Time: 0.0366, Train loss: 0.2712, Val loss: 0.6242, Test loss: 0.6803
Train acc: (97.9466, 97.9250), Val acc: (81.0700, 80.3866), Test acc: (77.2183, 76.7753)
	Current best at epoch 38 with Val loss 0.6050 (79.0123, 78.3201), Test loss 0.6671 (78.5211, 78.1193)
Epoch 71, training Time(s): 0.0192, estimated train loss 0.4025, acc 95.7906, 95.7487
evaluation Time: 0.0346, Train loss: 0.2698, Val loss: 0.6243, Test loss: 0.6807
Train acc: (98.0493, 98.0357), Val acc: (81.0700, 80.3866), Test acc: (77.2183, 76.7542)

Epoch 72, training Time(s): 0.0199, estimated train loss 0.4069, acc 94.5585, 94.4835
evaluation Time: 0.0353, Train loss: 0.2684, Val loss: 0.6248, Test loss: 0.6813
Train acc: (98.1520, 98.1352), Val acc: (81.0700, 80.3271), Test acc: (77.2183, 76.7644)

Epoch 73, training Time(s): 0.0163, estimated train loss 0.4018, acc 94.3532, 94.2295
evaluation Time: 0.0319, Train loss: 0.2670, Val loss: 0.6257, Test loss: 0.6819
Train acc: (98.1520, 98.1352), Val acc: (80.6584, 79.8519), Test acc: (77.0070, 76.5463)

Epoch 74, training Time(s): 0.0191, estimated train loss 0.3987, acc 95.4825, 95.4250
evaluation Time: 0.0328, Train loss: 0.2656, Val loss: 0.6263, Test loss: 0.6823
Train acc: (98.2546, 98.2142), Val acc: (80.6584, 79.8519), Test acc: (77.0423, 76.5752)

Epoch 75, training Time(s): 0.0232, estimated train loss 0.3964, acc 94.9692, 94.8736
evaluation Time: 0.0374, Train loss: 0.2643, Val loss: 0.6270, Test loss: 0.6829
Train acc: (98.2546, 98.2142), Val acc: (81.0700, 80.2690), Test acc: (76.8310, 76.3402)

Epoch 76, training Time(s): 0.0190, estimated train loss 0.3994, acc 95.0719, 94.9350
evaluation Time: 0.0339, Train loss: 0.2629, Val loss: 0.6281, Test loss: 0.6836
Train acc: (98.2546, 98.2142), Val acc: (80.6584, 79.8668), Test acc: (76.6901, 76.2043)

Epoch 77, training Time(s): 0.0198, estimated train loss 0.3977, acc 94.9692, 94.8403
evaluation Time: 0.0343, Train loss: 0.2616, Val loss: 0.6292, Test loss: 0.6842
Train acc: (98.2546, 98.2142), Val acc: (80.6584, 79.8668), Test acc: (76.6901, 76.1846)

Epoch 78, training Time(s): 0.0188, estimated train loss 0.4013, acc 95.3799, 95.3005
evaluation Time: 0.0340, Train loss: 0.2603, Val loss: 0.6302, Test loss: 0.6846
Train acc: (98.2546, 98.2142), Val acc: (80.2469, 79.5085), Test acc: (76.7606, 76.2581)

Epoch 79, training Time(s): 0.0201, estimated train loss 0.3868, acc 95.7906, 95.6096
evaluation Time: 0.0361, Train loss: 0.2591, Val loss: 0.6309, Test loss: 0.6853
Train acc: (98.2546, 98.2142), Val acc: (80.6584, 79.9105), Test acc: (76.6549, 76.1627)

Epoch 80, training Time(s): 0.0197, estimated train loss 0.3973, acc 94.8665, 94.8810
evaluation Time: 0.0348, Train loss: 0.2579, Val loss: 0.6312, Test loss: 0.6859
Train acc: (98.3573, 98.3340), Val acc: (80.6584, 79.9105), Test acc: (76.6549, 76.1572)
	Current best at epoch 38 with Val loss 0.6050 (79.0123, 78.3201), Test loss 0.6671 (78.5211, 78.1193)
Epoch 81, training Time(s): 0.0191, estimated train loss 0.3943, acc 94.7639, 94.6397
evaluation Time: 0.0353, Train loss: 0.2569, Val loss: 0.6316, Test loss: 0.6866
Train acc: (98.3573, 98.3340), Val acc: (80.6584, 79.9105), Test acc: (76.8310, 76.3336)

Epoch 82, training Time(s): 0.0190, estimated train loss 0.4012, acc 94.9692, 94.8685
evaluation Time: 0.0341, Train loss: 0.2559, Val loss: 0.6322, Test loss: 0.6872
Train acc: (98.4600, 98.4333), Val acc: (80.6584, 79.9105), Test acc: (76.8662, 76.3684)

Epoch 83, training Time(s): 0.0179, estimated train loss 0.3894, acc 95.4825, 95.4226
evaluation Time: 0.0334, Train loss: 0.2550, Val loss: 0.6331, Test loss: 0.6881
Train acc: (98.4600, 98.4333), Val acc: (80.2469, 79.4565), Test acc: (76.7254, 76.2178)

Epoch 84, training Time(s): 0.0218, estimated train loss 0.3804, acc 96.0986, 95.9603
evaluation Time: 0.0354, Train loss: 0.2541, Val loss: 0.6338, Test loss: 0.6891
Train acc: (98.4600, 98.4333), Val acc: (80.2469, 79.4565), Test acc: (76.7958, 76.2755)

Epoch 85, training Time(s): 0.0210, estimated train loss 0.3798, acc 96.5092, 96.4600
evaluation Time: 0.0331, Train loss: 0.2532, Val loss: 0.6347, Test loss: 0.6900
Train acc: (98.4600, 98.4333), Val acc: (80.2469, 79.4565), Test acc: (76.8662, 76.3448)

Epoch 86, training Time(s): 0.0206, estimated train loss 0.3859, acc 95.3799, 95.2082
evaluation Time: 0.0332, Train loss: 0.2524, Val loss: 0.6354, Test loss: 0.6907
Train acc: (98.4600, 98.4333), Val acc: (80.2469, 79.4565), Test acc: (76.9014, 76.3715)

Epoch 87, training Time(s): 0.0186, estimated train loss 0.3823, acc 95.2772, 95.1456
evaluation Time: 0.0337, Train loss: 0.2516, Val loss: 0.6358, Test loss: 0.6913
Train acc: (98.4600, 98.4333), Val acc: (79.8354, 79.0934), Test acc: (76.8310, 76.2969)

Epoch 88, training Time(s): 0.0186, estimated train loss 0.3734, acc 95.8932, 95.8527
evaluation Time: 0.0329, Train loss: 0.2508, Val loss: 0.6369, Test loss: 0.6918
Train acc: (98.4600, 98.4333), Val acc: (79.8354, 79.0441), Test acc: (76.9014, 76.3609)

average train times 0.022413886917961968
Best Epoch 38 at 3e7b63c113ca48ffbc57921c541c9b3d
	Final Val loss 0.6050 (79.0123, 78.3201), Test loss 0.6671 (78.5211, 78.1193)
train_acc (95.48, 95.37) val_acc (79.01, 78.32) test_acc (78.52, 78.12)
3e7b63c113ca48ffbc57921c541c9b3d
