Namespace(seeds=[1], dataset='DBLP', gpu=0, cpu=False, root='D:\\HeSF-Coarsen\\outputs\\gate21_17_smoke\\exports\\DBLP\\1\\Herding_HG_TP\\support_node_ratio_0p5\\official_trainval', epoch=200, embed_size=512, num_hops=2, label_feats=True, num_label_hops=4, n_fp_layers=2, n_task_layers=3, hidden=512, dropout=0.5, input_drop=0.5, att_drop=0.0, act='none', residual=True, amp=True, lr=0.001, weight_decay=0, batch_size=10000, patience=50)
SparseTensor(row=tensor([   1,    1,    1,  ..., 4049, 4052, 4056]),
             col=tensor([1202, 1206, 3126,  ..., 6858, 6869, 6939]),
             size=(4057, 7164), nnz=11075, density=0.04%)
SparseTensor(row=tensor([   0,    1,    1,  ..., 7163, 7163, 7163]),
             col=tensor([ 263,  263,  264,  ...,  324, 1068, 3647]),
             size=(7164, 4057), nnz=11075, density=0.04%)
SparseTensor(row=tensor([   0,    0,    0,  ..., 7163, 7163, 7163]),
             col=tensor([  21,   22,   23,  ...,  535,  670, 1161]),
             size=(7164, 3595), nnz=50943, density=0.20%)
SparseTensor(row=tensor([   0,    1,    2,  ..., 6981, 6982, 6983]),
             col=tensor([0, 0, 0,  ..., 9, 9, 9]),
             size=(7164, 10), nnz=5828, density=8.14%)
SparseTensor(row=tensor([   0,    0,    0,  ..., 3592, 3593, 3594]),
             col=tensor([  86,  181,  227,  ..., 2173, 7157, 2264]),
             size=(3595, 7164), nnz=50943, density=0.20%)
SparseTensor(row=tensor([0, 0, 0,  ..., 9, 9, 9]),
             col=tensor([   0,    1,    2,  ..., 6981, 6982, 6983]),
             size=(10, 7164), nnz=5828, density=8.14%)
Current num hops = 2 for feature propagation
A A-P PA
P P-A AP
P P-T TP
P P-V VP
T T-P PT
V V-P PV
remove ['P']
remove ['T']
remove ['V']
-- hop=1 ---
A A torch.Size([4057, 334]) tensor(1.) tensor(0.0510)
A AP torch.Size([4057, 4231]) tensor(0.1818) tensor(4.4816e-05)
P PA torch.Size([7164, 334]) tensor(1.) tensor(0.1322)
P PT torch.Size([7164, 50]) tensor(0.9336) tensor(0.0902)
P PV torch.Size([7164, 10]) tensor(1.) tensor(0.1039)
T TP torch.Size([3595, 4231]) tensor(0.5000) tensor(0.0003)
V VP torch.Size([10, 4231]) tensor(0.0027) tensor(0.0003)
------

PA P-A APA
PT P-A APT
PV P-A APV
remove ['PA', 'PT', 'PV']
remove ['TP']
remove ['VP']
-- hop=2 ---
A A torch.Size([4057, 334]) tensor(1.) tensor(0.0510)
A AP torch.Size([4057, 4231]) tensor(0.1818) tensor(4.4816e-05)
A APA torch.Size([4057, 334]) tensor(1.) tensor(0.0610)
A APT torch.Size([4057, 50]) tensor(0.8801) tensor(0.0738)
A APV torch.Size([4057, 10]) tensor(1.) tensor(0.0850)
------

For tgt type A, feature keys (num=5):
A torch.Size([4057, 334])
AP torch.Size([4057, 4231])
APA torch.Size([4057, 334])
APT torch.Size([4057, 50])
APV torch.Size([4057, 10])

Time used for feat prop 0:00:00.176141
Restart with seed = 1
checkpt_file ./output/DBLP/146f0c3208744e6f808c8388c537858b
#Train 974, #Val 243, #Test 2840
Current num hops = 4 for label propagation
Generating ... APA
Generating ... TPA
Generating ... VPA
remove ['PA']
Generating ... PAPA
Generating ... PTPA
Generating ... PVPA
remove ['TPA', 'VPA']
Generating ... APAPA
Generating ... APTPA
Generating ... APVPA
remove ['PAPA', 'PTPA', 'PVPA']
For label propagation, meta_adjs: (in SparseTensor mode)
APA [4057, 4057]
APAPA [4057, 4057]
APTPA [4057, 4057]
APVPA [4057, 4057]

APA tensor(0.4189) tensor(0.4486) tensor(0.4204) tensor(11.1769) tensor(11.3196) tensor(10.8703) tensor(-6.6142) tensor(-0.3642) tensor(1.2608) tensor(-2.8209)
APAPA tensor(0.4723) tensor(0.5021) tensor(0.4634) tensor(9.4144) tensor(9.5817) tensor(9.2850) tensor(-5.9313) tensor(1.9204) tensor(1.7469) tensor(-1.3931)
APTPA tensor(0.6858) tensor(0.7078) tensor(0.6574) tensor(3.6809) tensor(4.0432) tensor(3.7935) tensor(-3.1063) tensor(4.3257) tensor(8.9602) tensor(2.9679)
APVPA tensor(0.7444) tensor(0.7490) tensor(0.7426) tensor(3.6506) tensor(4.1606) tensor(3.7925) tensor(-0.6166) tensor(0.2353) tensor(12.2572) tensor(3.7405)
{'APAPA', 'APVPA', 'APTPA', 'APA'}
tensor(0.8193)
tensor(0.8107)
tensor(0.8046)
Involved label keys dict_keys(['APA', 'APAPA', 'APTPA', 'APVPA'])
Time used for label prop 0:00:01.098960
SeHGNN(
  (input_drop): Dropout(p=0.5, inplace=False)
  (embeding): ParameterDict(
      (A): Parameter containing: [torch.cuda.FloatTensor of size 334x512 (cuda:0)]
      (AP): Parameter containing: [torch.cuda.FloatTensor of size 4231x512 (cuda:0)]
      (APA): Parameter containing: [torch.cuda.FloatTensor of size 334x512 (cuda:0)]
      (APT): Parameter containing: [torch.cuda.FloatTensor of size 50x512 (cuda:0)]
      (APV): Parameter containing: [torch.cuda.FloatTensor of size 10x512 (cuda:0)]
  )
  (labels_embeding): ParameterDict(
      (APA): Parameter containing: [torch.cuda.FloatTensor of size 4x512 (cuda:0)]
      (APAPA): Parameter containing: [torch.cuda.FloatTensor of size 4x512 (cuda:0)]
      (APTPA): Parameter containing: [torch.cuda.FloatTensor of size 4x512 (cuda:0)]
      (APVPA): Parameter containing: [torch.cuda.FloatTensor of size 4x512 (cuda:0)]
  )
  (feature_projection): Sequential(
    (0): LinearPerMetapath()
    (1): LayerNorm((9, 512), eps=1e-05, elementwise_affine=True)
    (2): PReLU(num_parameters=1)
    (3): Dropout(p=0.5, inplace=False)
    (4): LinearPerMetapath()
    (5): LayerNorm((9, 512), eps=1e-05, elementwise_affine=True)
    (6): PReLU(num_parameters=1)
    (7): Dropout(p=0.5, inplace=False)
  )
  (semantic_fusion): Transformer(
    (query): Linear(in_features=512, out_features=128, bias=True)
    (key): Linear(in_features=512, out_features=128, bias=True)
    (value): Linear(in_features=512, out_features=512, bias=True)
    (att_drop): Dropout(p=0.0, inplace=False)
  )
  (fc_after_concat): Linear(in_features=4608, out_features=512, bias=True)
  (res_fc): Linear(in_features=512, out_features=512, bias=True)
  (task_mlp): Sequential(
    (0): PReLU(num_parameters=1)
    (1): Dropout(p=0.5, inplace=False)
    (2): Linear(in_features=512, out_features=512, bias=True)
    (3): BatchNorm1d(512, eps=1e-05, momentum=0.1, affine=False, track_running_stats=True)
    (4): PReLU(num_parameters=1)
    (5): Dropout(p=0.5, inplace=False)
    (6): Linear(in_features=512, out_features=512, bias=True)
    (7): BatchNorm1d(512, eps=1e-05, momentum=0.1, affine=False, track_running_stats=True)
    (8): PReLU(num_parameters=1)
    (9): Dropout(p=0.5, inplace=False)
    (10): Linear(in_features=512, out_features=4, bias=True)
    (11): BatchNorm1d(4, eps=1e-05, momentum=0.1, affine=False, track_running_stats=False)
  )
)
# Params: 10837258
Epoch 0, training Time(s): 0.2690, estimated train loss 1.6822, acc 24.9487, 24.6542
evaluation Time: 0.0797, Train loss: 1.5858, Val loss: 1.4806, Test loss: 1.6091
Train acc: (28.5421, 28.2592), Val acc: (31.6872, 30.5227), Test acc: (28.9437, 28.2754)

Epoch 1, training Time(s): 0.0481, estimated train loss 1.7256, acc 24.2300, 23.9575
evaluation Time: 0.0356, Train loss: 0.7451, Val loss: 0.7551, Test loss: 0.8199
Train acc: (76.0780, 75.8341), Val acc: (76.9547, 76.4082), Test acc: (71.9014, 71.4274)

Epoch 2, training Time(s): 0.0206, estimated train loss 1.3157, acc 39.6304, 39.3028
evaluation Time: 0.0355, Train loss: 0.6411, Val loss: 0.6673, Test loss: 0.7120
Train acc: (82.0329, 81.7727), Val acc: (82.3045, 81.8716), Test acc: (78.2042, 77.7099)

Epoch 3, training Time(s): 0.0215, estimated train loss 1.1231, acc 52.1561, 51.9338
evaluation Time: 0.0358, Train loss: 0.5889, Val loss: 0.6278, Test loss: 0.6582
Train acc: (85.1129, 84.9487), Val acc: (84.7737, 84.4491), Test acc: (81.1620, 80.7268)

Epoch 4, training Time(s): 0.0201, estimated train loss 0.9583, acc 63.7577, 63.2321
evaluation Time: 0.0328, Train loss: 0.5562, Val loss: 0.6032, Test loss: 0.6240
Train acc: (87.8850, 87.6689), Val acc: (87.2428, 87.0698), Test acc: (83.5563, 83.0958)

Epoch 5, training Time(s): 0.0185, estimated train loss 0.8592, acc 69.8152, 69.2270
evaluation Time: 0.0321, Train loss: 0.5351, Val loss: 0.5879, Test loss: 0.6012
Train acc: (89.5277, 89.3135), Val acc: (88.4774, 88.3251), Test acc: (85.4225, 84.9800)

Epoch 6, training Time(s): 0.0205, estimated train loss 0.7383, acc 77.3101, 76.8901
evaluation Time: 0.0344, Train loss: 0.5211, Val loss: 0.5794, Test loss: 0.5857
Train acc: (89.8357, 89.6472), Val acc: (88.4774, 88.3690), Test acc: (86.1972, 85.7908)

Epoch 7, training Time(s): 0.0332, estimated train loss 0.6832, acc 80.5955, 80.0908
evaluation Time: 0.0359, Train loss: 0.5119, Val loss: 0.5757, Test loss: 0.5758
Train acc: (90.4517, 90.3228), Val acc: (88.4774, 88.3380), Test acc: (87.0070, 86.6355)

Epoch 8, training Time(s): 0.0197, estimated train loss 0.6483, acc 82.2382, 81.8657
evaluation Time: 0.0333, Train loss: 0.5054, Val loss: 0.5750, Test loss: 0.5690
Train acc: (91.1704, 91.0947), Val acc: (88.4774, 88.3380), Test acc: (87.1479, 86.7643)

Epoch 9, training Time(s): 0.0174, estimated train loss 0.6159, acc 84.2916, 83.8976
evaluation Time: 0.0326, Train loss: 0.5010, Val loss: 0.5762, Test loss: 0.5646
Train acc: (91.2731, 91.1851), Val acc: (89.3004, 89.1723), Test acc: (87.4296, 87.0680)

Epoch 10, training Time(s): 0.0200, estimated train loss 0.5799, acc 87.7823, 87.5101
evaluation Time: 0.0339, Train loss: 0.4984, Val loss: 0.5793, Test loss: 0.5624
Train acc: (91.2731, 91.1475), Val acc: (88.8889, 88.7637), Test acc: (87.3592, 86.9967)
	Current best at epoch 8 with Val loss 0.5750 (88.4774, 88.3380), Test loss 0.5690 (87.1479, 86.7643)
Epoch 11, training Time(s): 0.0201, estimated train loss 0.5765, acc 86.1396, 85.9287
evaluation Time: 0.0338, Train loss: 0.4973, Val loss: 0.5838, Test loss: 0.5619
Train acc: (91.1704, 91.0719), Val acc: (88.4774, 88.2830), Test acc: (87.1479, 86.8053)

Epoch 12, training Time(s): 0.0188, estimated train loss 0.5667, acc 87.0637, 86.8506
evaluation Time: 0.0326, Train loss: 0.4968, Val loss: 0.5882, Test loss: 0.5620
Train acc: (91.5811, 91.4902), Val acc: (88.0658, 87.8160), Test acc: (87.0070, 86.6324)

Epoch 13, training Time(s): 0.0209, estimated train loss 0.5552, acc 87.6797, 87.5701
evaluation Time: 0.0344, Train loss: 0.4958, Val loss: 0.5913, Test loss: 0.5618
Train acc: (91.7864, 91.6940), Val acc: (86.8313, 86.5078), Test acc: (86.8310, 86.4516)

Epoch 14, training Time(s): 0.0184, estimated train loss 0.5500, acc 88.6037, 88.3485
evaluation Time: 0.0343, Train loss: 0.4940, Val loss: 0.5929, Test loss: 0.5610
Train acc: (91.9918, 91.8914), Val acc: (87.2428, 86.8849), Test acc: (86.8310, 86.4591)

Epoch 15, training Time(s): 0.0200, estimated train loss 0.5419, acc 89.3224, 89.1026
evaluation Time: 0.0353, Train loss: 0.4913, Val loss: 0.5931, Test loss: 0.5594
Train acc: (92.2998, 92.2047), Val acc: (87.2428, 86.8849), Test acc: (87.0423, 86.6458)

Epoch 16, training Time(s): 0.0208, estimated train loss 0.5393, acc 89.3224, 89.1006
evaluation Time: 0.0329, Train loss: 0.4875, Val loss: 0.5918, Test loss: 0.5572
Train acc: (92.7105, 92.5933), Val acc: (86.8313, 86.4502), Test acc: (87.0070, 86.6150)

Epoch 17, training Time(s): 0.0212, estimated train loss 0.5299, acc 90.0411, 89.7620
evaluation Time: 0.0337, Train loss: 0.4829, Val loss: 0.5892, Test loss: 0.5544
Train acc: (92.7105, 92.5933), Val acc: (86.8313, 86.4502), Test acc: (87.1831, 86.7891)

Epoch 18, training Time(s): 0.0209, estimated train loss 0.5283, acc 88.7064, 88.5546
evaluation Time: 0.0341, Train loss: 0.4777, Val loss: 0.5855, Test loss: 0.5513
Train acc: (92.9158, 92.7787), Val acc: (86.8313, 86.4502), Test acc: (87.3944, 87.0273)

Epoch 19, training Time(s): 0.0183, estimated train loss 0.5143, acc 91.1704, 90.9702
evaluation Time: 0.0344, Train loss: 0.4718, Val loss: 0.5811, Test loss: 0.5478
Train acc: (93.2238, 93.1061), Val acc: (86.4198, 86.0040), Test acc: (87.4296, 87.0626)

Epoch 20, training Time(s): 0.0217, estimated train loss 0.5071, acc 91.0678, 90.9052
evaluation Time: 0.0359, Train loss: 0.4656, Val loss: 0.5761, Test loss: 0.5443
Train acc: (93.3265, 93.1793), Val acc: (86.4198, 86.0078), Test acc: (87.3592, 87.0038)
	Current best at epoch 8 with Val loss 0.5750 (88.4774, 88.3380), Test loss 0.5690 (87.1479, 86.7643)
Epoch 21, training Time(s): 0.0199, estimated train loss 0.5069, acc 90.4517, 90.3138
evaluation Time: 0.0362, Train loss: 0.4591, Val loss: 0.5707, Test loss: 0.5407
Train acc: (93.5318, 93.4094), Val acc: (86.4198, 86.0078), Test acc: (87.3944, 87.0263)

Epoch 22, training Time(s): 0.0200, estimated train loss 0.5045, acc 90.1437, 89.9600
evaluation Time: 0.0337, Train loss: 0.4524, Val loss: 0.5653, Test loss: 0.5373
Train acc: (93.6345, 93.5278), Val acc: (85.5967, 85.2596), Test acc: (87.2887, 86.9248)

Epoch 23, training Time(s): 0.0202, estimated train loss 0.5019, acc 90.7598, 90.6267
evaluation Time: 0.0338, Train loss: 0.4457, Val loss: 0.5600, Test loss: 0.5339
Train acc: (93.5318, 93.4495), Val acc: (85.5967, 85.2596), Test acc: (87.2535, 86.8976)

Epoch 24, training Time(s): 0.0196, estimated train loss 0.4934, acc 91.2731, 91.1056
evaluation Time: 0.0342, Train loss: 0.4386, Val loss: 0.5546, Test loss: 0.5307
Train acc: (93.8398, 93.7727), Val acc: (85.1852, 84.8679), Test acc: (87.1479, 86.8152)

Epoch 25, training Time(s): 0.0206, estimated train loss 0.4863, acc 90.9651, 90.7901
evaluation Time: 0.0333, Train loss: 0.4314, Val loss: 0.5493, Test loss: 0.5276
Train acc: (93.9425, 93.8916), Val acc: (85.1852, 84.8679), Test acc: (87.2183, 86.9001)

Epoch 26, training Time(s): 0.0180, estimated train loss 0.4849, acc 91.5811, 91.5117
evaluation Time: 0.0328, Train loss: 0.4241, Val loss: 0.5444, Test loss: 0.5247
Train acc: (93.9425, 93.8916), Val acc: (85.1852, 84.8679), Test acc: (87.1479, 86.8216)

Epoch 27, training Time(s): 0.0219, estimated train loss 0.4779, acc 91.4784, 91.3745
evaluation Time: 0.0371, Train loss: 0.4168, Val loss: 0.5399, Test loss: 0.5219
Train acc: (94.3532, 94.2945), Val acc: (84.3621, 83.9996), Test acc: (87.1127, 86.7825)

Epoch 28, training Time(s): 0.0205, estimated train loss 0.4784, acc 91.5811, 91.4829
evaluation Time: 0.0357, Train loss: 0.4098, Val loss: 0.5359, Test loss: 0.5195
Train acc: (94.3532, 94.2945), Val acc: (83.9506, 83.4351), Test acc: (87.0070, 86.6842)

Epoch 29, training Time(s): 0.0205, estimated train loss 0.4704, acc 91.9918, 91.9140
evaluation Time: 0.0348, Train loss: 0.4029, Val loss: 0.5324, Test loss: 0.5173
Train acc: (94.5585, 94.5136), Val acc: (83.9506, 83.4351), Test acc: (87.1127, 86.7821)

Epoch 30, training Time(s): 0.0215, estimated train loss 0.4620, acc 92.7105, 92.6244
evaluation Time: 0.0362, Train loss: 0.3962, Val loss: 0.5295, Test loss: 0.5153
Train acc: (94.6612, 94.6141), Val acc: (84.3621, 83.9228), Test acc: (87.1479, 86.7974)
	Current best at epoch 30 with Val loss 0.5295 (84.3621, 83.9228), Test loss 0.5153 (87.1479, 86.7974)
Epoch 31, training Time(s): 0.0202, estimated train loss 0.4580, acc 93.4292, 93.3718
evaluation Time: 0.0364, Train loss: 0.3899, Val loss: 0.5271, Test loss: 0.5137
Train acc: (94.7639, 94.7046), Val acc: (84.7737, 84.4071), Test acc: (87.2183, 86.8920)

Epoch 32, training Time(s): 0.0206, estimated train loss 0.4558, acc 92.5051, 92.4788
evaluation Time: 0.0357, Train loss: 0.3840, Val loss: 0.5251, Test loss: 0.5124
Train acc: (94.8665, 94.7954), Val acc: (84.7737, 84.3575), Test acc: (87.1831, 86.8421)

Epoch 33, training Time(s): 0.0208, estimated train loss 0.4508, acc 92.8131, 92.8027
evaluation Time: 0.0346, Train loss: 0.3786, Val loss: 0.5236, Test loss: 0.5114
Train acc: (94.9692, 94.9046), Val acc: (84.7737, 84.3575), Test acc: (87.2183, 86.8651)

Epoch 34, training Time(s): 0.0171, estimated train loss 0.4457, acc 92.5051, 92.4041
evaluation Time: 0.0330, Train loss: 0.3736, Val loss: 0.5227, Test loss: 0.5107
Train acc: (95.1745, 95.1308), Val acc: (85.5967, 85.1783), Test acc: (87.2535, 86.8965)

Epoch 35, training Time(s): 0.0209, estimated train loss 0.4418, acc 93.2238, 93.0294
evaluation Time: 0.0324, Train loss: 0.3692, Val loss: 0.5221, Test loss: 0.5102
Train acc: (95.5852, 95.5797), Val acc: (85.1852, 84.6929), Test acc: (87.1831, 86.8293)

Epoch 36, training Time(s): 0.0200, estimated train loss 0.4430, acc 92.7105, 92.6411
evaluation Time: 0.0342, Train loss: 0.3652, Val loss: 0.5218, Test loss: 0.5100
Train acc: (95.5852, 95.5797), Val acc: (86.0082, 85.6201), Test acc: (87.1479, 86.8123)

Epoch 37, training Time(s): 0.0208, estimated train loss 0.4438, acc 93.7372, 93.6478
evaluation Time: 0.0338, Train loss: 0.3615, Val loss: 0.5218, Test loss: 0.5100
Train acc: (95.7906, 95.7819), Val acc: (86.0082, 85.6201), Test acc: (87.0775, 86.7442)

Epoch 38, training Time(s): 0.0187, estimated train loss 0.4392, acc 92.8131, 92.7876
evaluation Time: 0.0361, Train loss: 0.3580, Val loss: 0.5222, Test loss: 0.5101
Train acc: (95.8932, 95.8999), Val acc: (86.4198, 86.1258), Test acc: (86.9366, 86.5986)

Epoch 39, training Time(s): 0.0188, estimated train loss 0.4230, acc 94.6612, 94.6037
evaluation Time: 0.0317, Train loss: 0.3550, Val loss: 0.5223, Test loss: 0.5102
Train acc: (95.7906, 95.7851), Val acc: (86.8313, 86.5959), Test acc: (86.9366, 86.6038)

Epoch 40, training Time(s): 0.0176, estimated train loss 0.4352, acc 92.5051, 92.4511
evaluation Time: 0.0315, Train loss: 0.3523, Val loss: 0.5224, Test loss: 0.5104
Train acc: (95.8932, 95.8847), Val acc: (86.8313, 86.5959), Test acc: (86.8662, 86.5233)
	Current best at epoch 37 with Val loss 0.5218 (86.0082, 85.6201), Test loss 0.5100 (87.0775, 86.7442)
Epoch 41, training Time(s): 0.0199, estimated train loss 0.4356, acc 92.9158, 92.8593
evaluation Time: 0.0331, Train loss: 0.3497, Val loss: 0.5222, Test loss: 0.5105
Train acc: (96.2012, 96.1895), Val acc: (86.0082, 85.6469), Test acc: (86.7958, 86.4485)

Epoch 42, training Time(s): 0.0204, estimated train loss 0.4221, acc 94.3532, 94.3351
evaluation Time: 0.0436, Train loss: 0.3474, Val loss: 0.5222, Test loss: 0.5105
Train acc: (96.2012, 96.1895), Val acc: (86.0082, 85.7168), Test acc: (86.8310, 86.4838)

Epoch 43, training Time(s): 0.0188, estimated train loss 0.4171, acc 93.5318, 93.4696
evaluation Time: 0.0344, Train loss: 0.3451, Val loss: 0.5221, Test loss: 0.5106
Train acc: (96.3039, 96.2986), Val acc: (86.0082, 85.6983), Test acc: (87.0070, 86.6628)

Epoch 44, training Time(s): 0.0193, estimated train loss 0.4196, acc 94.3532, 94.3903
evaluation Time: 0.0342, Train loss: 0.3430, Val loss: 0.5220, Test loss: 0.5107
Train acc: (96.4066, 96.4133), Val acc: (86.0082, 85.6983), Test acc: (86.9718, 86.6306)

Epoch 45, training Time(s): 0.0215, estimated train loss 0.4187, acc 93.9425, 93.9018
evaluation Time: 0.0397, Train loss: 0.3409, Val loss: 0.5221, Test loss: 0.5104
Train acc: (96.5092, 96.5280), Val acc: (86.0082, 85.6983), Test acc: (86.9718, 86.6130)

Epoch 46, training Time(s): 0.0195, estimated train loss 0.4020, acc 95.4825, 95.4197
evaluation Time: 0.0329, Train loss: 0.3387, Val loss: 0.5224, Test loss: 0.5104
Train acc: (96.5092, 96.5280), Val acc: (86.0082, 85.6983), Test acc: (87.0070, 86.6428)

Epoch 47, training Time(s): 0.0213, estimated train loss 0.4097, acc 95.2772, 95.2801
evaluation Time: 0.0338, Train loss: 0.3364, Val loss: 0.5230, Test loss: 0.5104
Train acc: (96.6119, 96.6376), Val acc: (86.0082, 85.6983), Test acc: (86.8662, 86.4775)

Epoch 48, training Time(s): 0.0197, estimated train loss 0.4080, acc 94.3532, 94.3847
evaluation Time: 0.0334, Train loss: 0.3340, Val loss: 0.5239, Test loss: 0.5102
Train acc: (96.7146, 96.7355), Val acc: (85.5967, 85.2423), Test acc: (86.6197, 86.2274)

Epoch 49, training Time(s): 0.0215, estimated train loss 0.4070, acc 94.1478, 94.0942
evaluation Time: 0.0353, Train loss: 0.3313, Val loss: 0.5249, Test loss: 0.5102
Train acc: (96.7146, 96.7355), Val acc: (85.5967, 85.2423), Test acc: (86.6901, 86.2929)

Epoch 50, training Time(s): 0.0183, estimated train loss 0.4006, acc 94.6612, 94.6519
evaluation Time: 0.0349, Train loss: 0.3286, Val loss: 0.5263, Test loss: 0.5101
Train acc: (96.9199, 96.9406), Val acc: (84.7737, 84.2840), Test acc: (86.7254, 86.3470)
	Current best at epoch 37 with Val loss 0.5218 (86.0082, 85.6201), Test loss 0.5100 (87.0775, 86.7442)
Epoch 51, training Time(s): 0.0186, estimated train loss 0.4019, acc 94.6612, 94.6574
evaluation Time: 0.0345, Train loss: 0.3258, Val loss: 0.5279, Test loss: 0.5101
Train acc: (96.9199, 96.9406), Val acc: (84.7737, 84.2840), Test acc: (86.7958, 86.4113)

Epoch 52, training Time(s): 0.0185, estimated train loss 0.3957, acc 95.7906, 95.7918
evaluation Time: 0.0347, Train loss: 0.3230, Val loss: 0.5294, Test loss: 0.5102
Train acc: (96.9199, 96.9406), Val acc: (84.3621, 83.7997), Test acc: (86.6549, 86.2708)

Epoch 53, training Time(s): 0.0205, estimated train loss 0.3986, acc 94.7639, 94.7277
evaluation Time: 0.0341, Train loss: 0.3203, Val loss: 0.5306, Test loss: 0.5102
Train acc: (96.9199, 96.9406), Val acc: (84.3621, 83.7997), Test acc: (86.7254, 86.3403)

Epoch 54, training Time(s): 0.0192, estimated train loss 0.4013, acc 94.7639, 94.7365
evaluation Time: 0.0339, Train loss: 0.3179, Val loss: 0.5311, Test loss: 0.5104
Train acc: (97.0226, 97.0547), Val acc: (83.9506, 83.3603), Test acc: (86.8662, 86.4835)

Epoch 55, training Time(s): 0.0193, estimated train loss 0.3957, acc 95.4825, 95.5450
evaluation Time: 0.0338, Train loss: 0.3156, Val loss: 0.5319, Test loss: 0.5107
Train acc: (97.1253, 97.1552), Val acc: (84.3621, 83.7435), Test acc: (86.7254, 86.3658)

Epoch 56, training Time(s): 0.0198, estimated train loss 0.3874, acc 95.4825, 95.4411
evaluation Time: 0.0354, Train loss: 0.3131, Val loss: 0.5326, Test loss: 0.5113
Train acc: (97.3306, 97.3641), Val acc: (84.3621, 83.7034), Test acc: (86.6549, 86.3036)

Epoch 57, training Time(s): 0.0200, estimated train loss 0.3879, acc 95.3799, 95.3112
evaluation Time: 0.0365, Train loss: 0.3108, Val loss: 0.5327, Test loss: 0.5118
Train acc: (97.3306, 97.3641), Val acc: (84.3621, 83.6479), Test acc: (86.6197, 86.2647)

Epoch 58, training Time(s): 0.0224, estimated train loss 0.3822, acc 95.9959, 95.9952
evaluation Time: 0.0343, Train loss: 0.3090, Val loss: 0.5336, Test loss: 0.5124
Train acc: (97.4333, 97.4618), Val acc: (84.3621, 83.6479), Test acc: (86.5845, 86.2367)

Epoch 59, training Time(s): 0.0197, estimated train loss 0.3832, acc 95.8932, 95.8106
evaluation Time: 0.0359, Train loss: 0.3069, Val loss: 0.5342, Test loss: 0.5127
Train acc: (97.4333, 97.4618), Val acc: (84.3621, 83.6479), Test acc: (86.4789, 86.1354)

Epoch 60, training Time(s): 0.0198, estimated train loss 0.3758, acc 96.2012, 96.2478
evaluation Time: 0.0332, Train loss: 0.3053, Val loss: 0.5352, Test loss: 0.5131
Train acc: (97.5359, 97.5761), Val acc: (84.3621, 83.6479), Test acc: (86.5141, 86.1779)
	Current best at epoch 37 with Val loss 0.5218 (86.0082, 85.6201), Test loss 0.5100 (87.0775, 86.7442)
Epoch 61, training Time(s): 0.0199, estimated train loss 0.3758, acc 96.4066, 96.3616
evaluation Time: 0.0337, Train loss: 0.3037, Val loss: 0.5363, Test loss: 0.5135
Train acc: (97.7413, 97.7846), Val acc: (84.3621, 83.6479), Test acc: (86.4437, 86.0850)

Epoch 62, training Time(s): 0.0188, estimated train loss 0.3749, acc 96.5092, 96.4868
evaluation Time: 0.0330, Train loss: 0.3022, Val loss: 0.5371, Test loss: 0.5139
Train acc: (97.7413, 97.7846), Val acc: (83.9506, 83.2624), Test acc: (86.4789, 86.1183)

Epoch 63, training Time(s): 0.0198, estimated train loss 0.3778, acc 95.6879, 95.5991
evaluation Time: 0.0336, Train loss: 0.3007, Val loss: 0.5377, Test loss: 0.5142
Train acc: (97.7413, 97.7846), Val acc: (83.9506, 83.2624), Test acc: (86.4085, 86.0444)

Epoch 64, training Time(s): 0.0189, estimated train loss 0.3646, acc 96.2012, 96.2245
evaluation Time: 0.0332, Train loss: 0.2993, Val loss: 0.5384, Test loss: 0.5146
Train acc: (97.8439, 97.8822), Val acc: (83.9506, 83.2624), Test acc: (86.2676, 85.9094)

Epoch 65, training Time(s): 0.0181, estimated train loss 0.3615, acc 96.7146, 96.7297
evaluation Time: 0.0359, Train loss: 0.2976, Val loss: 0.5389, Test loss: 0.5150
Train acc: (97.9466, 97.9817), Val acc: (83.9506, 83.2624), Test acc: (86.1972, 85.8387)

Epoch 66, training Time(s): 0.0191, estimated train loss 0.3640, acc 96.6119, 96.6011
evaluation Time: 0.0350, Train loss: 0.2958, Val loss: 0.5392, Test loss: 0.5155
Train acc: (97.9466, 97.9817), Val acc: (84.3621, 83.6362), Test acc: (86.1620, 85.7898)

Epoch 67, training Time(s): 0.0210, estimated train loss 0.3618, acc 96.4066, 96.4180
evaluation Time: 0.0340, Train loss: 0.2940, Val loss: 0.5398, Test loss: 0.5159
Train acc: (98.1520, 98.1950), Val acc: (84.7737, 84.0772), Test acc: (86.0915, 85.7049)

Epoch 68, training Time(s): 0.0198, estimated train loss 0.3577, acc 97.2279, 97.2865
evaluation Time: 0.0317, Train loss: 0.2921, Val loss: 0.5403, Test loss: 0.5163
Train acc: (98.2546, 98.3098), Val acc: (84.7737, 84.1080), Test acc: (86.0563, 85.6670)

Epoch 69, training Time(s): 0.0194, estimated train loss 0.3591, acc 97.4333, 97.4142
evaluation Time: 0.0346, Train loss: 0.2902, Val loss: 0.5409, Test loss: 0.5168
Train acc: (98.2546, 98.3098), Val acc: (84.7737, 84.1080), Test acc: (86.1972, 85.7950)

Epoch 70, training Time(s): 0.0196, estimated train loss 0.3573, acc 97.2279, 97.2558
evaluation Time: 0.0355, Train loss: 0.2881, Val loss: 0.5415, Test loss: 0.5173
Train acc: (98.2546, 98.3098), Val acc: (84.7737, 84.1132), Test acc: (86.0915, 85.6850)
	Current best at epoch 37 with Val loss 0.5218 (86.0082, 85.6201), Test loss 0.5100 (87.0775, 86.7442)
Epoch 71, training Time(s): 0.0204, estimated train loss 0.3594, acc 97.1253, 97.1762
evaluation Time: 0.0341, Train loss: 0.2866, Val loss: 0.5425, Test loss: 0.5178
Train acc: (98.3573, 98.4305), Val acc: (84.7737, 84.1132), Test acc: (86.1620, 85.7516)

Epoch 72, training Time(s): 0.0195, estimated train loss 0.3583, acc 96.5092, 96.4276
evaluation Time: 0.0319, Train loss: 0.2853, Val loss: 0.5436, Test loss: 0.5183
Train acc: (98.3573, 98.4305), Val acc: (85.1852, 84.4944), Test acc: (86.1620, 85.7612)

Epoch 73, training Time(s): 0.0221, estimated train loss 0.3549, acc 97.3306, 97.4177
evaluation Time: 0.0352, Train loss: 0.2843, Val loss: 0.5447, Test loss: 0.5188
Train acc: (98.3573, 98.4305), Val acc: (85.1852, 84.4944), Test acc: (86.0563, 85.6614)

Epoch 74, training Time(s): 0.0205, estimated train loss 0.3479, acc 97.5359, 97.5237
evaluation Time: 0.0356, Train loss: 0.2832, Val loss: 0.5455, Test loss: 0.5192
Train acc: (98.4600, 98.5218), Val acc: (85.1852, 84.4849), Test acc: (86.0563, 85.6532)

Epoch 75, training Time(s): 0.0187, estimated train loss 0.3487, acc 97.7413, 97.7311
evaluation Time: 0.0343, Train loss: 0.2817, Val loss: 0.5462, Test loss: 0.5195
Train acc: (98.4600, 98.5218), Val acc: (85.1852, 84.4849), Test acc: (85.9507, 85.5543)

Epoch 76, training Time(s): 0.0186, estimated train loss 0.3524, acc 97.2279, 97.2220
evaluation Time: 0.0358, Train loss: 0.2803, Val loss: 0.5467, Test loss: 0.5199
Train acc: (98.4600, 98.5218), Val acc: (85.1852, 84.4838), Test acc: (85.8803, 85.4887)

Epoch 77, training Time(s): 0.0254, estimated train loss 0.3461, acc 97.4333, 97.4415
evaluation Time: 0.0339, Train loss: 0.2789, Val loss: 0.5478, Test loss: 0.5203
Train acc: (98.4600, 98.5218), Val acc: (85.1852, 84.4838), Test acc: (85.8803, 85.4836)

Epoch 78, training Time(s): 0.0205, estimated train loss 0.3476, acc 97.4333, 97.4482
evaluation Time: 0.0320, Train loss: 0.2773, Val loss: 0.5484, Test loss: 0.5208
Train acc: (98.5626, 98.6131), Val acc: (84.7737, 84.1080), Test acc: (85.9155, 85.5321)

Epoch 79, training Time(s): 0.0178, estimated train loss 0.3371, acc 98.0493, 98.0792
evaluation Time: 0.0334, Train loss: 0.2758, Val loss: 0.5489, Test loss: 0.5211
Train acc: (98.5626, 98.6131), Val acc: (84.3621, 83.7327), Test acc: (85.8803, 85.4897)

Epoch 80, training Time(s): 0.0202, estimated train loss 0.3417, acc 98.2546, 98.2779
evaluation Time: 0.0335, Train loss: 0.2744, Val loss: 0.5491, Test loss: 0.5215
Train acc: (98.5626, 98.6131), Val acc: (84.3621, 83.7327), Test acc: (85.9155, 85.5324)
	Current best at epoch 37 with Val loss 0.5218 (86.0082, 85.6201), Test loss 0.5100 (87.0775, 86.7442)
Epoch 81, training Time(s): 0.0210, estimated train loss 0.3456, acc 97.4333, 97.4600
evaluation Time: 0.0343, Train loss: 0.2731, Val loss: 0.5494, Test loss: 0.5218
Train acc: (98.5626, 98.6131), Val acc: (84.3621, 83.7327), Test acc: (86.0211, 85.6373)

Epoch 82, training Time(s): 0.0180, estimated train loss 0.3419, acc 97.8439, 97.8657
evaluation Time: 0.0338, Train loss: 0.2720, Val loss: 0.5499, Test loss: 0.5222
Train acc: (98.6653, 98.7092), Val acc: (84.3621, 83.7327), Test acc: (86.0915, 85.6960)

Epoch 83, training Time(s): 0.0177, estimated train loss 0.3401, acc 97.9466, 97.9364
evaluation Time: 0.0343, Train loss: 0.2710, Val loss: 0.5506, Test loss: 0.5224
Train acc: (98.6653, 98.7092), Val acc: (84.3621, 83.7327), Test acc: (86.0563, 85.6624)

Epoch 84, training Time(s): 0.0170, estimated train loss 0.3376, acc 97.7413, 97.7433
evaluation Time: 0.0322, Train loss: 0.2701, Val loss: 0.5516, Test loss: 0.5227
Train acc: (98.6653, 98.7092), Val acc: (84.3621, 83.7327), Test acc: (86.0915, 85.6969)

Epoch 85, training Time(s): 0.0189, estimated train loss 0.3341, acc 98.3573, 98.3882
evaluation Time: 0.0344, Train loss: 0.2694, Val loss: 0.5525, Test loss: 0.5229
Train acc: (98.6653, 98.7092), Val acc: (84.3621, 83.7327), Test acc: (86.0915, 85.6996)

Epoch 86, training Time(s): 0.0195, estimated train loss 0.3378, acc 97.8439, 97.8805
evaluation Time: 0.0347, Train loss: 0.2688, Val loss: 0.5531, Test loss: 0.5230
Train acc: (98.6653, 98.7092), Val acc: (84.3621, 83.7327), Test acc: (86.0915, 85.6994)

Epoch 87, training Time(s): 0.0192, estimated train loss 0.3379, acc 97.8439, 97.8413
evaluation Time: 0.0334, Train loss: 0.2680, Val loss: 0.5544, Test loss: 0.5232
Train acc: (98.7680, 98.8088), Val acc: (84.7737, 84.1443), Test acc: (86.1268, 85.7233)

average train times 0.023076068149523787
Best Epoch 37 at 146f0c3208744e6f808c8388c537858b
	Final Val loss 0.5218 (86.0082, 85.6201), Test loss 0.5100 (87.0775, 86.7442)
train_acc (95.79, 95.78) val_acc (86.01, 85.62) test_acc (87.08, 86.74)
146f0c3208744e6f808c8388c537858b
